[ 2017-05-19T21:44:45+08:00 ] 127.0.0.1 /bkweb/index.php/
INFO: [ app_init ] --START--
INFO: Run Behavior\BuildLiteBehavior [ RunTime:0.000000s ]
INFO: [ app_init ] --END-- [ RunTime:0.007000s ]
INFO: [ app_begin ] --START--
INFO: Run Behavior\ReadHtmlCacheBehavior [ RunTime:0.003000s ]
INFO: [ app_begin ] --END-- [ RunTime:0.005000s ]
SQL: SHOW COLUMNS FROM `tb_images` [ RunTime:0.048003s ]
SQL: SELECT * FROM `tb_images` WHERE ( `tid` = 1 ) LIMIT 1   [ RunTime:0.001000s ]
SQL: SELECT * FROM `tb_images` WHERE ( `tid` = 2 ) LIMIT 1   [ RunTime:0.001000s ]
SQL: SHOW COLUMNS FROM `tb_article` [ RunTime:0.095006s ]
SQL: SELECT COUNT(*) AS tp_count FROM `tb_article` LIMIT 1   [ RunTime:0.001000s ]
SQL: SELECT * FROM `tb_article` ORDER BY SdTime desc LIMIT 0,5   [ RunTime:0.014000s ]
SQL: SHOW COLUMNS FROM `tb_articletype` [ RunTime:0.066003s ]
SQL: SELECT `articleType_name` FROM `tb_articletype` WHERE ( 1=1 AND Cid='1' ) LIMIT 1   [ RunTime:0.017001s ]
SQL: SHOW COLUMNS FROM `tb_articlefamily` [ RunTime:0.049003s ]
SQL: SELECT `familyname` FROM `tb_articlefamily` WHERE ( 1=1 AND Fid='1' ) LIMIT 1   [ RunTime:0.001000s ]
SQL: SHOW COLUMNS FROM `tb_user` [ RunTime:0.050003s ]
SQL: SELECT `UserName`,`NickName`,`Headimglink` FROM `tb_user` WHERE ( 1=1 AND Uid='1' ) LIMIT 1   [ RunTime:0.020002s ]
SQL: SELECT `articleType_name` FROM `tb_articletype` WHERE ( 1=1 AND Cid='6' ) LIMIT 1   [ RunTime:0.001000s ]
SQL: SELECT `familyname` FROM `tb_articlefamily` WHERE ( 1=1 AND Fid='1' ) LIMIT 1   [ RunTime:0.001000s ]
SQL: SELECT `UserName`,`NickName`,`Headimglink` FROM `tb_user` WHERE ( 1=1 AND Uid='1' ) LIMIT 1   [ RunTime:0.001000s ]
SQL: SELECT `articleType_name` FROM `tb_articletype` WHERE ( 1=1 AND Cid='4' ) LIMIT 1   [ RunTime:0.002000s ]
SQL: SELECT `familyname` FROM `tb_articlefamily` WHERE ( 1=1 AND Fid='2' ) LIMIT 1   [ RunTime:0.001000s ]
SQL: SELECT `UserName`,`NickName`,`Headimglink` FROM `tb_user` WHERE ( 1=1 AND Uid='1' ) LIMIT 1   [ RunTime:0.000000s ]
SQL: SELECT `articleType_name` FROM `tb_articletype` WHERE ( 1=1 AND Cid='5' ) LIMIT 1   [ RunTime:0.000000s ]
SQL: SELECT `familyname` FROM `tb_articlefamily` WHERE ( 1=1 AND Fid='2' ) LIMIT 1   [ RunTime:0.001000s ]
SQL: SELECT `UserName`,`NickName`,`Headimglink` FROM `tb_user` WHERE ( 1=1 AND Uid='1' ) LIMIT 1   [ RunTime:0.001000s ]
SQL: SELECT `articleType_name` FROM `tb_articletype` WHERE ( 1=1 AND Cid='4' ) LIMIT 1   [ RunTime:0.001000s ]
SQL: SELECT `familyname` FROM `tb_articlefamily` WHERE ( 1=1 AND Fid='2' ) LIMIT 1   [ RunTime:0.000000s ]
SQL: SELECT `UserName`,`NickName`,`Headimglink` FROM `tb_user` WHERE ( 1=1 AND Uid='1' ) LIMIT 1   [ RunTime:0.000000s ]
SQL: SHOW COLUMNS FROM `tb_advertisement` [ RunTime:0.088006s ]
SQL: SELECT * FROM `tb_advertisement`  [ RunTime:0.001000s ]
INFO: [ view_parse ] --START--
NOTIC: [8] Array to string conversion D:\phpStudy\WWW\bkweb\Application\Home\TagLib\My.class.php 第 13 行.
NOTIC: [8] Undefined property: Home\TagLib\My::$Array D:\phpStudy\WWW\bkweb\Application\Home\TagLib\My.class.php 第 13 行.
INFO: [ template_filter ] --START--
INFO: Run Behavior\ContentReplaceBehavior [ RunTime:0.001000s ]
INFO: [ template_filter ] --END-- [ RunTime:0.001000s ]
SQL: SHOW COLUMNS FROM `tb_articletype` [ RunTime:0.011000s ]
SQL: SELECT * FROM `tb_articletype`  [ RunTime:0.002000s ]
SQL: SHOW COLUMNS FROM `tb_article` [ RunTime:0.013000s ]
SQL: SELECT `Aid`,`Title`,`ViewNum` FROM `tb_article` ORDER BY ViewNum desc LIMIT 8   [ RunTime:0.001000s ]
INFO: Run Behavior\ParseTemplateBehavior [ RunTime:0.335019s ]
INFO: [ view_parse ] --END-- [ RunTime:0.335019s ]
INFO: [ view_filter ] --START--
INFO: Run Behavior\WriteHtmlCacheBehavior [ RunTime:0.014001s ]
INFO: [ view_filter ] --END-- [ RunTime:0.014001s ]
INFO: [ app_end ] --START--
INFO: Run Behavior\ShowPageTraceBehavior [ RunTime:0.030001s ]
INFO: [ app_end ] --END-- [ RunTime:0.030001s ]

[ 2017-05-19T21:44:52+08:00 ] 127.0.0.1 /bkweb/index.php/Home/Index/index/p/3
INFO: [ app_init ] --START--
INFO: Run Behavior\BuildLiteBehavior [ RunTime:0.000000s ]
INFO: [ app_init ] --END-- [ RunTime:0.001000s ]
INFO: [ app_begin ] --START--
INFO: Run Behavior\ReadHtmlCacheBehavior [ RunTime:0.003001s ]
INFO: [ app_begin ] --END-- [ RunTime:0.003001s ]
SQL: SHOW COLUMNS FROM `tb_images` [ RunTime:0.012001s ]
SQL: SELECT * FROM `tb_images` WHERE ( `tid` = 1 ) LIMIT 1   [ RunTime:0.001000s ]
SQL: SELECT * FROM `tb_images` WHERE ( `tid` = 2 ) LIMIT 1   [ RunTime:0.001000s ]
SQL: SHOW COLUMNS FROM `tb_article` [ RunTime:0.013001s ]
SQL: SELECT COUNT(*) AS tp_count FROM `tb_article` LIMIT 1   [ RunTime:0.000000s ]
SQL: SELECT * FROM `tb_article` ORDER BY SdTime desc LIMIT 10,5   [ RunTime:0.002000s ]
SQL: SHOW COLUMNS FROM `tb_articletype` [ RunTime:0.013001s ]
SQL: SELECT `articleType_name` FROM `tb_articletype` WHERE ( 1=1 AND Cid='1' ) LIMIT 1   [ RunTime:0.001000s ]
SQL: SHOW COLUMNS FROM `tb_articlefamily` [ RunTime:0.011000s ]
SQL: SELECT `familyname` FROM `tb_articlefamily` WHERE ( 1=1 AND Fid='1' ) LIMIT 1   [ RunTime:0.001000s ]
SQL: SHOW COLUMNS FROM `tb_user` [ RunTime:0.013000s ]
SQL: SELECT `UserName`,`NickName`,`Headimglink` FROM `tb_user` WHERE ( 1=1 AND Uid='5' ) LIMIT 1   [ RunTime:0.001000s ]
SQL: SELECT `articleType_name` FROM `tb_articletype` WHERE ( 1=1 AND Cid='2' ) LIMIT 1   [ RunTime:0.001000s ]
SQL: SELECT `familyname` FROM `tb_articlefamily` WHERE ( 1=1 AND Fid='1' ) LIMIT 1   [ RunTime:0.001000s ]
SQL: SELECT `UserName`,`NickName`,`Headimglink` FROM `tb_user` WHERE ( 1=1 AND Uid='1' ) LIMIT 1   [ RunTime:0.001000s ]
SQL: SELECT `articleType_name` FROM `tb_articletype` WHERE ( 1=1 AND Cid='5' ) LIMIT 1   [ RunTime:0.001000s ]
SQL: SELECT `familyname` FROM `tb_articlefamily` WHERE ( 1=1 AND Fid='2' ) LIMIT 1   [ RunTime:0.001000s ]
SQL: SELECT `UserName`,`NickName`,`Headimglink` FROM `tb_user` WHERE ( 1=1 AND Uid='1' ) LIMIT 1   [ RunTime:0.001000s ]
SQL: SELECT `articleType_name` FROM `tb_articletype` WHERE ( 1=1 AND Cid='1' ) LIMIT 1   [ RunTime:0.000000s ]
SQL: SELECT `familyname` FROM `tb_articlefamily` WHERE ( 1=1 AND Fid='1' ) LIMIT 1   [ RunTime:0.000000s ]
SQL: SELECT `UserName`,`NickName`,`Headimglink` FROM `tb_user` WHERE ( 1=1 AND Uid='1' ) LIMIT 1   [ RunTime:0.000000s ]
SQL: SELECT `articleType_name` FROM `tb_articletype` WHERE ( 1=1 AND Cid='1' ) LIMIT 1   [ RunTime:0.001000s ]
SQL: SELECT `familyname` FROM `tb_articlefamily` WHERE ( 1=1 AND Fid='1' ) LIMIT 1   [ RunTime:0.000000s ]
SQL: SELECT `UserName`,`NickName`,`Headimglink` FROM `tb_user` WHERE ( 1=1 AND Uid='1' ) LIMIT 1   [ RunTime:0.001000s ]
SQL: SHOW COLUMNS FROM `tb_advertisement` [ RunTime:0.011000s ]
SQL: SELECT * FROM `tb_advertisement`  [ RunTime:0.001000s ]
INFO: [ view_parse ] --START--
NOTIC: [8] Array to string conversion D:\phpStudy\WWW\bkweb\Application\Home\TagLib\My.class.php 第 13 行.
NOTIC: [8] Undefined property: Home\TagLib\My::$Array D:\phpStudy\WWW\bkweb\Application\Home\TagLib\My.class.php 第 13 行.
INFO: [ template_filter ] --START--
INFO: Run Behavior\ContentReplaceBehavior [ RunTime:0.000000s ]
INFO: [ template_filter ] --END-- [ RunTime:0.001000s ]
SQL: SHOW COLUMNS FROM `tb_articletype` [ RunTime:0.014001s ]
SQL: SELECT * FROM `tb_articletype`  [ RunTime:0.001000s ]
SQL: SHOW COLUMNS FROM `tb_article` [ RunTime:0.013001s ]
SQL: SELECT `Aid`,`Title`,`ViewNum` FROM `tb_article` ORDER BY ViewNum desc LIMIT 8   [ RunTime:0.001000s ]
INFO: Run Behavior\ParseTemplateBehavior [ RunTime:0.099005s ]
INFO: [ view_parse ] --END-- [ RunTime:0.099005s ]
INFO: [ view_filter ] --START--
INFO: Run Behavior\WriteHtmlCacheBehavior [ RunTime:0.002000s ]
INFO: [ view_filter ] --END-- [ RunTime:0.002000s ]
INFO: [ app_end ] --START--
INFO: Run Behavior\ShowPageTraceBehavior [ RunTime:0.003001s ]
INFO: [ app_end ] --END-- [ RunTime:0.003001s ]

[ 2017-05-19T21:44:57+08:00 ] 127.0.0.1 /bkweb/index.php/home/6
INFO: [ app_init ] --START--
INFO: Run Behavior\BuildLiteBehavior [ RunTime:0.000000s ]
INFO: [ app_init ] --END-- [ RunTime:0.002001s ]
INFO: [ app_begin ] --START--
INFO: Run Behavior\ReadHtmlCacheBehavior [ RunTime:0.003000s ]
INFO: [ app_begin ] --END-- [ RunTime:0.005000s ]
SQL: SHOW COLUMNS FROM `tb_article` [ RunTime:0.012001s ]
SQL: SELECT * FROM `tb_article` WHERE ( `Aid` = 6 ) LIMIT 1   [ RunTime:0.001000s ]
SQL: SHOW COLUMNS FROM `tb_articletype` [ RunTime:0.012001s ]
SQL: SELECT `articleType_name` FROM `tb_articletype` WHERE ( 1=1 AND Cid='1' ) LIMIT 1   [ RunTime:0.001000s ]
SQL: SHOW COLUMNS FROM `tb_articlefamily` [ RunTime:0.013001s ]
SQL: SELECT `familyname` FROM `tb_articlefamily` WHERE ( 1=1 AND Fid='1' ) LIMIT 1   [ RunTime:0.001000s ]
SQL: SHOW COLUMNS FROM `tb_user` [ RunTime:0.014001s ]
SQL: SELECT `UserName`,`NickName`,`Headimglink` FROM `tb_user` WHERE ( 1=1 AND Uid='5' ) LIMIT 1   [ RunTime:0.002000s ]
NOTIC: [8] Use of undefined constant UserName - assumed 'UserName' D:\phpStudy\WWW\bkweb\Application\Home\Controller\BlogcontentController.class.php 第 14 行.
NOTIC: [8] Undefined index: UserName D:\phpStudy\WWW\bkweb\Application\Home\Controller\BlogcontentController.class.php 第 14 行.
SQL: SHOW COLUMNS FROM `tb_user` [ RunTime:0.013001s ]
SQL: SELECT * FROM `tb_user` WHERE ( `Uid` = 5 ) LIMIT 1   [ RunTime:0.001000s ]
SQL: SELECT COUNT(*) AS tp_count FROM `tb_article` WHERE ( `Uid` = 5 ) LIMIT 1   [ RunTime:0.001000s ]
SQL: SELECT COUNT(*) AS tp_count FROM `tb_article` WHERE ( `Uid` = 5 ) AND ( `Fid` = 1 ) LIMIT 1   [ RunTime:0.001000s ]
SQL: SELECT COUNT(*) AS tp_count FROM `tb_article` WHERE ( `Uid` = 5 ) AND ( `Fid` = 2 ) LIMIT 1   [ RunTime:0.000000s ]
SQL: SELECT * FROM `tb_article` WHERE ( `Cid` = 1 ) ORDER BY rand() LIMIT 3   [ RunTime:0.001000s ]
SQL: SELECT `articleType_name` FROM `tb_articletype` WHERE ( 1=1 AND Cid='1' ) LIMIT 1   [ RunTime:0.000000s ]
SQL: SELECT `familyname` FROM `tb_articlefamily` WHERE ( 1=1 AND Fid='1' ) LIMIT 1   [ RunTime:0.000000s ]
SQL: SELECT `UserName`,`NickName`,`Headimglink` FROM `tb_user` WHERE ( 1=1 AND Uid='1' ) LIMIT 1   [ RunTime:0.001000s ]
SQL: SELECT `articleType_name` FROM `tb_articletype` WHERE ( 1=1 AND Cid='1' ) LIMIT 1   [ RunTime:0.001000s ]
SQL: SELECT `familyname` FROM `tb_articlefamily` WHERE ( 1=1 AND Fid='1' ) LIMIT 1   [ RunTime:0.000000s ]
SQL: SELECT `UserName`,`NickName`,`Headimglink` FROM `tb_user` WHERE ( 1=1 AND Uid='1' ) LIMIT 1   [ RunTime:0.000000s ]
SQL: SELECT `articleType_name` FROM `tb_articletype` WHERE ( 1=1 AND Cid='1' ) LIMIT 1   [ RunTime:0.001000s ]
SQL: SELECT `familyname` FROM `tb_articlefamily` WHERE ( 1=1 AND Fid='1' ) LIMIT 1   [ RunTime:0.000000s ]
SQL: SELECT `UserName`,`NickName`,`Headimglink` FROM `tb_user` WHERE ( 1=1 AND Uid='1' ) LIMIT 1   [ RunTime:0.000000s ]
SQL: SHOW COLUMNS FROM `tb_review` [ RunTime:0.069004s ]
SQL: SELECT * FROM `tb_review` WHERE ( `R_articleid` = 6 )  [ RunTime:0.005000s ]
SQL: SELECT COUNT(*) AS tp_count FROM `tb_review` WHERE ( `R_articleid` = 6 ) LIMIT 1   [ RunTime:0.001000s ]
SQL: SHOW COLUMNS FROM `tb_article` [ RunTime:0.013000s ]
SQL: SELECT SUM(CommentNum) AS tp_sum FROM `tb_article` WHERE ( `Uid` = 5 ) LIMIT 1   [ RunTime:0.001000s ]
NOTIC: [2] Invalid argument supplied for foreach() D:\phpStudy\WWW\bkweb\Application\Home\TagLib\Reviewgory.class.php 第 6 行.
SQL: SELECT * FROM `tb_article` WHERE ( `Uid` = 5 ) ORDER BY ViewNum desc LIMIT 5   [ RunTime:0.000000s ]
SQL: SELECT `articleType_name` FROM `tb_articletype` WHERE ( 1=1 AND Cid='1' ) LIMIT 1   [ RunTime:0.001000s ]
SQL: SELECT `familyname` FROM `tb_articlefamily` WHERE ( 1=1 AND Fid='1' ) LIMIT 1   [ RunTime:0.000000s ]
SQL: SELECT `UserName`,`NickName`,`Headimglink` FROM `tb_user` WHERE ( 1=1 AND Uid='5' ) LIMIT 1   [ RunTime:0.001000s ]
SQL: SELECT SUM(ViewNum) AS tp_sum FROM `tb_article` WHERE ( `Uid` = 5 ) LIMIT 1   [ RunTime:0.001000s ]
SQL: SELECT * FROM `tb_article` WHERE ( `Uid` = 5 ) ORDER BY CommentNum desc LIMIT 5   [ RunTime:0.001000s ]
SQL: SELECT `articleType_name` FROM `tb_articletype` WHERE ( 1=1 AND Cid='1' ) LIMIT 1   [ RunTime:0.001000s ]
SQL: SELECT `familyname` FROM `tb_articlefamily` WHERE ( 1=1 AND Fid='1' ) LIMIT 1   [ RunTime:0.001000s ]
SQL: SELECT `UserName`,`NickName`,`Headimglink` FROM `tb_user` WHERE ( 1=1 AND Uid='5' ) LIMIT 1   [ RunTime:0.001000s ]
INFO: [ view_parse ] --START--
INFO: [ template_filter ] --START--
INFO: Run Behavior\ContentReplaceBehavior [ RunTime:0.000000s ]
INFO: [ template_filter ] --END-- [ RunTime:0.000000s ]
NOTIC: [8] Undefined variable: nid D:\phpStudy\WWW\bkweb\Application\Runtime\Cache\Home\8d1faf2ed138450f4e75d825d3928787.php 第 83 行.
SQL: SELECT * FROM `tb_article` WHERE ( `Aid` = 6 ) LIMIT 1   [ RunTime:0.002000s ]
SQL: SELECT `articleType_name` FROM `tb_articletype` WHERE ( 1=1 AND Cid='1' ) LIMIT 1   [ RunTime:0.000000s ]
SQL: SELECT `familyname` FROM `tb_articlefamily` WHERE ( 1=1 AND Fid='1' ) LIMIT 1   [ RunTime:0.001000s ]
SQL: SELECT `UserName`,`NickName`,`Headimglink` FROM `tb_user` WHERE ( 1=1 AND Uid='5' ) LIMIT 1   [ RunTime:0.001000s ]
SQL: SELECT COUNT(*) AS tp_count FROM `tb_article` WHERE ( `Cid` = 1 ) AND ( `Uid` = 5 ) LIMIT 1   [ RunTime:0.000000s ]
SQL: SHOW COLUMNS FROM `tb_articletype` [ RunTime:0.011000s ]
SQL: SELECT * FROM `tb_articletype` WHERE ( `Cid` = 1 ) LIMIT 1   [ RunTime:0.001000s ]
SQL: SELECT * FROM `tb_article` WHERE ( `Aid` = 6 ) LIMIT 1   [ RunTime:0.001000s ]
SQL: SELECT `articleType_name` FROM `tb_articletype` WHERE ( 1=1 AND Cid='1' ) LIMIT 1   [ RunTime:0.001000s ]
SQL: SELECT `familyname` FROM `tb_articlefamily` WHERE ( 1=1 AND Fid='1' ) LIMIT 1   [ RunTime:0.001000s ]
SQL: SELECT `UserName`,`NickName`,`Headimglink` FROM `tb_user` WHERE ( 1=1 AND Uid='5' ) LIMIT 1   [ RunTime:0.001000s ]
SQL: SELECT COUNT(*) AS tp_count FROM `tb_article` WHERE ( `Cid` = 2 ) AND ( `Uid` = 5 ) LIMIT 1   [ RunTime:0.001000s ]
SQL: SELECT * FROM `tb_articletype` WHERE ( `Cid` = 2 ) LIMIT 1   [ RunTime:0.000000s ]
SQL: SELECT * FROM `tb_article` WHERE ( `Aid` = 6 ) LIMIT 1   [ RunTime:0.001000s ]
SQL: SELECT `articleType_name` FROM `tb_articletype` WHERE ( 1=1 AND Cid='1' ) LIMIT 1   [ RunTime:0.001000s ]
SQL: SELECT `familyname` FROM `tb_articlefamily` WHERE ( 1=1 AND Fid='1' ) LIMIT 1   [ RunTime:0.001000s ]
SQL: SELECT `UserName`,`NickName`,`Headimglink` FROM `tb_user` WHERE ( 1=1 AND Uid='5' ) LIMIT 1   [ RunTime:0.001000s ]
SQL: SELECT COUNT(*) AS tp_count FROM `tb_article` WHERE ( `Cid` = 3 ) AND ( `Uid` = 5 ) LIMIT 1   [ RunTime:0.001000s ]
SQL: SELECT * FROM `tb_articletype` WHERE ( `Cid` = 3 ) LIMIT 1   [ RunTime:0.001000s ]
SQL: SELECT * FROM `tb_article` WHERE ( `Aid` = 6 ) LIMIT 1   [ RunTime:0.001000s ]
SQL: SELECT `articleType_name` FROM `tb_articletype` WHERE ( 1=1 AND Cid='1' ) LIMIT 1   [ RunTime:0.001000s ]
SQL: SELECT `familyname` FROM `tb_articlefamily` WHERE ( 1=1 AND Fid='1' ) LIMIT 1   [ RunTime:0.000000s ]
SQL: SELECT `UserName`,`NickName`,`Headimglink` FROM `tb_user` WHERE ( 1=1 AND Uid='5' ) LIMIT 1   [ RunTime:0.001000s ]
SQL: SELECT COUNT(*) AS tp_count FROM `tb_article` WHERE ( `Cid` = 4 ) AND ( `Uid` = 5 ) LIMIT 1   [ RunTime:0.001000s ]
SQL: SELECT * FROM `tb_articletype` WHERE ( `Cid` = 4 ) LIMIT 1   [ RunTime:0.001000s ]
SQL: SELECT * FROM `tb_article` WHERE ( `Aid` = 6 ) LIMIT 1   [ RunTime:0.001000s ]
SQL: SELECT `articleType_name` FROM `tb_articletype` WHERE ( 1=1 AND Cid='1' ) LIMIT 1   [ RunTime:0.001000s ]
SQL: SELECT `familyname` FROM `tb_articlefamily` WHERE ( 1=1 AND Fid='1' ) LIMIT 1   [ RunTime:0.001000s ]
SQL: SELECT `UserName`,`NickName`,`Headimglink` FROM `tb_user` WHERE ( 1=1 AND Uid='5' ) LIMIT 1   [ RunTime:0.000000s ]
SQL: SELECT COUNT(*) AS tp_count FROM `tb_article` WHERE ( `Cid` = 5 ) AND ( `Uid` = 5 ) LIMIT 1   [ RunTime:0.001000s ]
SQL: SELECT * FROM `tb_articletype` WHERE ( `Cid` = 5 ) LIMIT 1   [ RunTime:0.001000s ]
SQL: SELECT * FROM `tb_article` WHERE ( `Aid` = 6 ) LIMIT 1   [ RunTime:0.001000s ]
SQL: SELECT `articleType_name` FROM `tb_articletype` WHERE ( 1=1 AND Cid='1' ) LIMIT 1   [ RunTime:0.001000s ]
SQL: SELECT `familyname` FROM `tb_articlefamily` WHERE ( 1=1 AND Fid='1' ) LIMIT 1   [ RunTime:0.001000s ]
SQL: SELECT `UserName`,`NickName`,`Headimglink` FROM `tb_user` WHERE ( 1=1 AND Uid='5' ) LIMIT 1   [ RunTime:0.000000s ]
SQL: SELECT COUNT(*) AS tp_count FROM `tb_article` WHERE ( `Cid` = 6 ) AND ( `Uid` = 5 ) LIMIT 1   [ RunTime:0.001000s ]
SQL: SELECT * FROM `tb_articletype` WHERE ( `Cid` = 6 ) LIMIT 1   [ RunTime:0.001000s ]
SQL: SELECT * FROM `tb_article` WHERE ( `Aid` = 6 ) LIMIT 1   [ RunTime:0.001001s ]
SQL: SELECT `articleType_name` FROM `tb_articletype` WHERE ( 1=1 AND Cid='1' ) LIMIT 1   [ RunTime:0.000000s ]
SQL: SELECT `familyname` FROM `tb_articlefamily` WHERE ( 1=1 AND Fid='1' ) LIMIT 1   [ RunTime:0.000000s ]
SQL: SELECT `UserName`,`NickName`,`Headimglink` FROM `tb_user` WHERE ( 1=1 AND Uid='5' ) LIMIT 1   [ RunTime:0.001000s ]
SQL: SELECT COUNT(*) AS tp_count FROM `tb_article` WHERE ( `Cid` = 7 ) AND ( `Uid` = 5 ) LIMIT 1   [ RunTime:0.001000s ]
SQL: SELECT * FROM `tb_articletype` WHERE ( `Cid` = 7 ) LIMIT 1   [ RunTime:0.000000s ]
SQL: SELECT * FROM `tb_article` WHERE ( `Aid` = 6 ) LIMIT 1   [ RunTime:0.001000s ]
SQL: SELECT `articleType_name` FROM `tb_articletype` WHERE ( 1=1 AND Cid='1' ) LIMIT 1   [ RunTime:0.001000s ]
SQL: SELECT `familyname` FROM `tb_articlefamily` WHERE ( 1=1 AND Fid='1' ) LIMIT 1   [ RunTime:0.000000s ]
SQL: SELECT `UserName`,`NickName`,`Headimglink` FROM `tb_user` WHERE ( 1=1 AND Uid='5' ) LIMIT 1   [ RunTime:0.001000s ]
SQL: SELECT COUNT(*) AS tp_count FROM `tb_article` WHERE ( `Cid` = 8 ) AND ( `Uid` = 5 ) LIMIT 1   [ RunTime:0.001001s ]
SQL: SELECT * FROM `tb_articletype` WHERE ( `Cid` = 8 ) LIMIT 1   [ RunTime:0.000000s ]
SQL: UPDATE `tb_article` SET `ViewNum`=ViewNum+1 WHERE ( `Aid` = 6 ) [ RunTime:0.001000s ]
INFO: Run Behavior\ParseTemplateBehavior [ RunTime:0.221013s ]
INFO: [ view_parse ] --END-- [ RunTime:0.222013s ]
INFO: [ view_filter ] --START--
INFO: Run Behavior\WriteHtmlCacheBehavior [ RunTime:0.001000s ]
INFO: [ view_filter ] --END-- [ RunTime:0.001000s ]
INFO: [ app_end ] --START--
INFO: Run Behavior\ShowPageTraceBehavior [ RunTime:0.002000s ]
INFO: [ app_end ] --END-- [ RunTime:0.002000s ]

[ 2017-05-19T22:10:42+08:00 ] 127.0.0.1 /bkweb/index.php/home/index/index
INFO: [ app_init ] --START--
INFO: Run Behavior\BuildLiteBehavior [ RunTime:0.000000s ]
INFO: [ app_init ] --END-- [ RunTime:0.001000s ]
INFO: [ app_begin ] --START--
INFO: Run Behavior\ReadHtmlCacheBehavior [ RunTime:0.002000s ]
INFO: [ app_begin ] --END-- [ RunTime:0.002000s ]
SQL: SHOW COLUMNS FROM `tb_images` [ RunTime:0.044003s ]
SQL: SELECT * FROM `tb_images` WHERE ( `tid` = 1 ) LIMIT 1   [ RunTime:0.001000s ]
SQL: SELECT * FROM `tb_images` WHERE ( `tid` = 2 ) LIMIT 1   [ RunTime:0.001000s ]
SQL: SHOW COLUMNS FROM `tb_article` [ RunTime:0.013001s ]
SQL: SELECT COUNT(*) AS tp_count FROM `tb_article` LIMIT 1   [ RunTime:0.001000s ]
SQL: SELECT * FROM `tb_article` ORDER BY SdTime desc LIMIT 0,5   [ RunTime:0.001001s ]
SQL: SHOW COLUMNS FROM `tb_articletype` [ RunTime:0.013000s ]
SQL: SELECT `articleType_name` FROM `tb_articletype` WHERE ( 1=1 AND Cid='1' ) LIMIT 1   [ RunTime:0.002001s ]
SQL: SHOW COLUMNS FROM `tb_articlefamily` [ RunTime:0.048002s ]
SQL: SELECT `familyname` FROM `tb_articlefamily` WHERE ( 1=1 AND Fid='1' ) LIMIT 1   [ RunTime:0.001000s ]
SQL: SHOW COLUMNS FROM `tb_user` [ RunTime:0.015000s ]
SQL: SELECT `UserName`,`NickName`,`Headimglink` FROM `tb_user` WHERE ( 1=1 AND Uid='1' ) LIMIT 1   [ RunTime:0.001001s ]
SQL: SELECT `articleType_name` FROM `tb_articletype` WHERE ( 1=1 AND Cid='6' ) LIMIT 1   [ RunTime:0.000000s ]
SQL: SELECT `familyname` FROM `tb_articlefamily` WHERE ( 1=1 AND Fid='1' ) LIMIT 1   [ RunTime:0.001000s ]
SQL: SELECT `UserName`,`NickName`,`Headimglink` FROM `tb_user` WHERE ( 1=1 AND Uid='1' ) LIMIT 1   [ RunTime:0.000000s ]
SQL: SELECT `articleType_name` FROM `tb_articletype` WHERE ( 1=1 AND Cid='4' ) LIMIT 1   [ RunTime:0.001000s ]
SQL: SELECT `familyname` FROM `tb_articlefamily` WHERE ( 1=1 AND Fid='2' ) LIMIT 1   [ RunTime:0.000000s ]
SQL: SELECT `UserName`,`NickName`,`Headimglink` FROM `tb_user` WHERE ( 1=1 AND Uid='1' ) LIMIT 1   [ RunTime:0.000000s ]
SQL: SELECT `articleType_name` FROM `tb_articletype` WHERE ( 1=1 AND Cid='5' ) LIMIT 1   [ RunTime:0.001000s ]
SQL: SELECT `familyname` FROM `tb_articlefamily` WHERE ( 1=1 AND Fid='2' ) LIMIT 1   [ RunTime:0.001000s ]
SQL: SELECT `UserName`,`NickName`,`Headimglink` FROM `tb_user` WHERE ( 1=1 AND Uid='1' ) LIMIT 1   [ RunTime:0.001000s ]
SQL: SELECT `articleType_name` FROM `tb_articletype` WHERE ( 1=1 AND Cid='4' ) LIMIT 1   [ RunTime:0.000000s ]
SQL: SELECT `familyname` FROM `tb_articlefamily` WHERE ( 1=1 AND Fid='2' ) LIMIT 1   [ RunTime:0.001000s ]
SQL: SELECT `UserName`,`NickName`,`Headimglink` FROM `tb_user` WHERE ( 1=1 AND Uid='1' ) LIMIT 1   [ RunTime:0.001000s ]
SQL: SHOW COLUMNS FROM `tb_advertisement` [ RunTime:0.015001s ]
SQL: SELECT * FROM `tb_advertisement`  [ RunTime:0.001000s ]
INFO: [ view_parse ] --START--
NOTIC: [8] Array to string conversion D:\phpStudy\WWW\bkweb\Application\Home\TagLib\My.class.php 第 13 行.
NOTIC: [8] Undefined property: Home\TagLib\My::$Array D:\phpStudy\WWW\bkweb\Application\Home\TagLib\My.class.php 第 13 行.
INFO: [ template_filter ] --START--
INFO: Run Behavior\ContentReplaceBehavior [ RunTime:0.000000s ]
INFO: [ template_filter ] --END-- [ RunTime:0.001000s ]
SQL: SHOW COLUMNS FROM `tb_articletype` [ RunTime:0.014000s ]
SQL: SELECT * FROM `tb_articletype`  [ RunTime:0.001001s ]
SQL: SHOW COLUMNS FROM `tb_article` [ RunTime:0.013000s ]
SQL: SELECT `Aid`,`Title`,`ViewNum` FROM `tb_article` ORDER BY ViewNum desc LIMIT 8   [ RunTime:0.001000s ]
INFO: Run Behavior\ParseTemplateBehavior [ RunTime:0.100005s ]
INFO: [ view_parse ] --END-- [ RunTime:0.100005s ]
INFO: [ view_filter ] --START--
INFO: Run Behavior\WriteHtmlCacheBehavior [ RunTime:0.001000s ]
INFO: [ view_filter ] --END-- [ RunTime:0.002001s ]
INFO: [ app_end ] --START--
INFO: Run Behavior\ShowPageTraceBehavior [ RunTime:0.003000s ]
INFO: [ app_end ] --END-- [ RunTime:0.003000s ]

