[ 2017-05-21T10:44:48+08:00 ] 127.0.0.1 /bkweb/index.php/
INFO: [ app_init ] --START--
INFO: Run Behavior\BuildLiteBehavior [ RunTime:0.000000s ]
INFO: [ app_init ] --END-- [ RunTime:0.002000s ]
INFO: [ app_begin ] --START--
INFO: Run Behavior\ReadHtmlCacheBehavior [ RunTime:0.003000s ]
INFO: [ app_begin ] --END-- [ RunTime:0.003000s ]
SQL: SHOW COLUMNS FROM `tb_images` [ RunTime:0.049003s ]
SQL: SELECT * FROM `tb_images` WHERE ( `tid` = 1 ) LIMIT 1   [ RunTime:0.001000s ]
SQL: SELECT * FROM `tb_images` WHERE ( `tid` = 2 ) LIMIT 1   [ RunTime:0.000000s ]
SQL: SHOW COLUMNS FROM `tb_article` [ RunTime:0.068004s ]
SQL: SELECT COUNT(*) AS tp_count FROM `tb_article` LIMIT 1   [ RunTime:0.001000s ]
SQL: SELECT * FROM `tb_article` ORDER BY SdTime desc LIMIT 0,5   [ RunTime:0.014001s ]
SQL: SHOW COLUMNS FROM `tb_articletype` [ RunTime:0.055003s ]
SQL: SELECT `articleType_name` FROM `tb_articletype` WHERE ( 1=1 AND Cid='1' ) LIMIT 1   [ RunTime:0.018001s ]
SQL: SHOW COLUMNS FROM `tb_articlefamily` [ RunTime:0.036002s ]
SQL: SELECT `familyname` FROM `tb_articlefamily` WHERE ( 1=1 AND Fid='1' ) LIMIT 1   [ RunTime:0.001000s ]
SQL: SHOW COLUMNS FROM `tb_user` [ RunTime:0.061004s ]
SQL: SELECT `UserName`,`NickName`,`Headimglink` FROM `tb_user` WHERE ( 1=1 AND Uid='1' ) LIMIT 1   [ RunTime:0.009000s ]
SQL: SELECT `articleType_name` FROM `tb_articletype` WHERE ( 1=1 AND Cid='6' ) LIMIT 1   [ RunTime:0.001001s ]
SQL: SELECT `familyname` FROM `tb_articlefamily` WHERE ( 1=1 AND Fid='1' ) LIMIT 1   [ RunTime:0.001000s ]
SQL: SELECT `UserName`,`NickName`,`Headimglink` FROM `tb_user` WHERE ( 1=1 AND Uid='1' ) LIMIT 1   [ RunTime:0.001000s ]
SQL: SELECT `articleType_name` FROM `tb_articletype` WHERE ( 1=1 AND Cid='4' ) LIMIT 1   [ RunTime:0.000000s ]
SQL: SELECT `familyname` FROM `tb_articlefamily` WHERE ( 1=1 AND Fid='2' ) LIMIT 1   [ RunTime:0.000000s ]
SQL: SELECT `UserName`,`NickName`,`Headimglink` FROM `tb_user` WHERE ( 1=1 AND Uid='1' ) LIMIT 1   [ RunTime:0.001000s ]
SQL: SELECT `articleType_name` FROM `tb_articletype` WHERE ( 1=1 AND Cid='5' ) LIMIT 1   [ RunTime:0.000000s ]
SQL: SELECT `familyname` FROM `tb_articlefamily` WHERE ( 1=1 AND Fid='2' ) LIMIT 1   [ RunTime:0.000000s ]
SQL: SELECT `UserName`,`NickName`,`Headimglink` FROM `tb_user` WHERE ( 1=1 AND Uid='1' ) LIMIT 1   [ RunTime:0.000000s ]
SQL: SELECT `articleType_name` FROM `tb_articletype` WHERE ( 1=1 AND Cid='4' ) LIMIT 1   [ RunTime:0.000000s ]
SQL: SELECT `familyname` FROM `tb_articlefamily` WHERE ( 1=1 AND Fid='2' ) LIMIT 1   [ RunTime:0.002000s ]
SQL: SELECT `UserName`,`NickName`,`Headimglink` FROM `tb_user` WHERE ( 1=1 AND Uid='1' ) LIMIT 1   [ RunTime:0.000000s ]
SQL: SHOW COLUMNS FROM `tb_advertisement` [ RunTime:0.076005s ]
SQL: SELECT * FROM `tb_advertisement`  [ RunTime:0.000000s ]
INFO: [ view_parse ] --START--
NOTIC: [8] Array to string conversion D:\phpStudy\WWW\bkweb\Application\Home\TagLib\My.class.php 第 13 行.
NOTIC: [8] Undefined property: Home\TagLib\My::$Array D:\phpStudy\WWW\bkweb\Application\Home\TagLib\My.class.php 第 13 行.
INFO: [ template_filter ] --START--
INFO: Run Behavior\ContentReplaceBehavior [ RunTime:0.000000s ]
INFO: [ template_filter ] --END-- [ RunTime:0.001000s ]
SQL: SHOW COLUMNS FROM `tb_articletype` [ RunTime:0.012000s ]
SQL: SELECT * FROM `tb_articletype`  [ RunTime:0.001000s ]
SQL: SHOW COLUMNS FROM `tb_article` [ RunTime:0.012000s ]
SQL: SELECT `Aid`,`Title`,`ViewNum` FROM `tb_article` ORDER BY ViewNum desc LIMIT 8   [ RunTime:0.001000s ]
INFO: Run Behavior\ParseTemplateBehavior [ RunTime:0.244014s ]
INFO: [ view_parse ] --END-- [ RunTime:0.244014s ]
INFO: [ view_filter ] --START--
INFO: Run Behavior\WriteHtmlCacheBehavior [ RunTime:0.017001s ]
INFO: [ view_filter ] --END-- [ RunTime:0.017001s ]
INFO: [ app_end ] --START--
INFO: Run Behavior\ShowPageTraceBehavior [ RunTime:0.019002s ]
INFO: [ app_end ] --END-- [ RunTime:0.019002s ]

[ 2017-05-21T10:44:57+08:00 ] 127.0.0.1 /bkweb/index.php/home/login/login
INFO: [ app_init ] --START--
INFO: Run Behavior\BuildLiteBehavior [ RunTime:0.000000s ]
INFO: [ app_init ] --END-- [ RunTime:0.002000s ]
INFO: [ app_begin ] --START--
INFO: Run Behavior\ReadHtmlCacheBehavior [ RunTime:0.002000s ]
INFO: [ app_begin ] --END-- [ RunTime:0.003000s ]
SQL: SHOW COLUMNS FROM `tb_user` [ RunTime:0.012001s ]
SQL: SELECT * FROM `tb_user` WHERE ( `UserName` = 'admin' ) LIMIT 1   [ RunTime:0.001000s ]
SQL: UPDATE `tb_user` SET `LastLoginTime`='2017-05-21 10:44:57',`Lastip`='127.0.0.1' WHERE ( `Uid` = 1 ) [ RunTime:0.001000s ]
NOTIC: [8] A non well formed numeric value encountered D:\phpStudy\WWW\bkweb\Application\Home\Controller\LoginController.class.php 第 30 行.
INFO: [ view_parse ] --START--
INFO: [ template_filter ] --START--
INFO: Run Behavior\ContentReplaceBehavior [ RunTime:0.000000s ]
INFO: [ template_filter ] --END-- [ RunTime:0.001000s ]
INFO: Run Behavior\ParseTemplateBehavior [ RunTime:0.034002s ]
INFO: [ view_parse ] --END-- [ RunTime:0.034002s ]
INFO: [ view_filter ] --START--
INFO: Run Behavior\WriteHtmlCacheBehavior [ RunTime:0.001000s ]
INFO: [ view_filter ] --END-- [ RunTime:0.001000s ]
INFO: [ app_end ] --START--
INFO: Run Behavior\ShowPageTraceBehavior [ RunTime:0.001000s ]
INFO: [ app_end ] --END-- [ RunTime:0.002000s ]

[ 2017-05-21T10:44:59+08:00 ] 127.0.0.1 /bkweb/index.php/
INFO: [ app_init ] --START--
INFO: Run Behavior\BuildLiteBehavior [ RunTime:0.000000s ]
INFO: [ app_init ] --END-- [ RunTime:0.002000s ]
INFO: [ app_begin ] --START--
INFO: Run Behavior\ReadHtmlCacheBehavior [ RunTime:0.003000s ]
INFO: [ app_begin ] --END-- [ RunTime:0.003000s ]
SQL: SHOW COLUMNS FROM `tb_images` [ RunTime:0.011001s ]
SQL: SELECT * FROM `tb_images` WHERE ( `tid` = 1 ) LIMIT 1   [ RunTime:0.001000s ]
SQL: SELECT * FROM `tb_images` WHERE ( `tid` = 2 ) LIMIT 1   [ RunTime:0.000000s ]
SQL: SHOW COLUMNS FROM `tb_article` [ RunTime:0.013001s ]
SQL: SELECT COUNT(*) AS tp_count FROM `tb_article` LIMIT 1   [ RunTime:0.001000s ]
SQL: SELECT * FROM `tb_article` ORDER BY SdTime desc LIMIT 0,5   [ RunTime:0.001000s ]
SQL: SHOW COLUMNS FROM `tb_articletype` [ RunTime:0.011001s ]
SQL: SELECT `articleType_name` FROM `tb_articletype` WHERE ( 1=1 AND Cid='1' ) LIMIT 1   [ RunTime:0.001000s ]
SQL: SHOW COLUMNS FROM `tb_articlefamily` [ RunTime:0.012001s ]
SQL: SELECT `familyname` FROM `tb_articlefamily` WHERE ( 1=1 AND Fid='1' ) LIMIT 1   [ RunTime:0.001000s ]
SQL: SHOW COLUMNS FROM `tb_user` [ RunTime:0.013001s ]
SQL: SELECT `UserName`,`NickName`,`Headimglink` FROM `tb_user` WHERE ( 1=1 AND Uid='1' ) LIMIT 1   [ RunTime:0.001000s ]
SQL: SELECT `articleType_name` FROM `tb_articletype` WHERE ( 1=1 AND Cid='6' ) LIMIT 1   [ RunTime:0.001000s ]
SQL: SELECT `familyname` FROM `tb_articlefamily` WHERE ( 1=1 AND Fid='1' ) LIMIT 1   [ RunTime:0.000000s ]
SQL: SELECT `UserName`,`NickName`,`Headimglink` FROM `tb_user` WHERE ( 1=1 AND Uid='1' ) LIMIT 1   [ RunTime:0.001000s ]
SQL: SELECT `articleType_name` FROM `tb_articletype` WHERE ( 1=1 AND Cid='4' ) LIMIT 1   [ RunTime:0.001000s ]
SQL: SELECT `familyname` FROM `tb_articlefamily` WHERE ( 1=1 AND Fid='2' ) LIMIT 1   [ RunTime:0.001000s ]
SQL: SELECT `UserName`,`NickName`,`Headimglink` FROM `tb_user` WHERE ( 1=1 AND Uid='1' ) LIMIT 1   [ RunTime:0.000000s ]
SQL: SELECT `articleType_name` FROM `tb_articletype` WHERE ( 1=1 AND Cid='5' ) LIMIT 1   [ RunTime:0.000000s ]
SQL: SELECT `familyname` FROM `tb_articlefamily` WHERE ( 1=1 AND Fid='2' ) LIMIT 1   [ RunTime:0.001000s ]
SQL: SELECT `UserName`,`NickName`,`Headimglink` FROM `tb_user` WHERE ( 1=1 AND Uid='1' ) LIMIT 1   [ RunTime:0.000000s ]
SQL: SELECT `articleType_name` FROM `tb_articletype` WHERE ( 1=1 AND Cid='4' ) LIMIT 1   [ RunTime:0.000000s ]
SQL: SELECT `familyname` FROM `tb_articlefamily` WHERE ( 1=1 AND Fid='2' ) LIMIT 1   [ RunTime:0.001000s ]
SQL: SELECT `UserName`,`NickName`,`Headimglink` FROM `tb_user` WHERE ( 1=1 AND Uid='1' ) LIMIT 1   [ RunTime:0.001000s ]
SQL: SHOW COLUMNS FROM `tb_advertisement` [ RunTime:0.012001s ]
SQL: SELECT * FROM `tb_advertisement`  [ RunTime:0.001000s ]
INFO: [ view_parse ] --START--
NOTIC: [8] Array to string conversion D:\phpStudy\WWW\bkweb\Application\Home\TagLib\My.class.php 第 13 行.
NOTIC: [8] Undefined property: Home\TagLib\My::$Array D:\phpStudy\WWW\bkweb\Application\Home\TagLib\My.class.php 第 13 行.
INFO: [ template_filter ] --START--
INFO: Run Behavior\ContentReplaceBehavior [ RunTime:0.001000s ]
INFO: [ template_filter ] --END-- [ RunTime:0.001000s ]
SQL: SHOW COLUMNS FROM `tb_articletype` [ RunTime:0.011001s ]
SQL: SELECT * FROM `tb_articletype`  [ RunTime:0.001000s ]
SQL: SHOW COLUMNS FROM `tb_article` [ RunTime:0.008000s ]
SQL: SELECT `Aid`,`Title`,`ViewNum` FROM `tb_article` ORDER BY ViewNum desc LIMIT 8   [ RunTime:0.001000s ]
INFO: Run Behavior\ParseTemplateBehavior [ RunTime:0.082004s ]
INFO: [ view_parse ] --END-- [ RunTime:0.082004s ]
INFO: [ view_filter ] --START--
INFO: Run Behavior\WriteHtmlCacheBehavior [ RunTime:0.001000s ]
INFO: [ view_filter ] --END-- [ RunTime:0.001000s ]
INFO: [ app_end ] --START--
INFO: Run Behavior\ShowPageTraceBehavior [ RunTime:0.001000s ]
INFO: [ app_end ] --END-- [ RunTime:0.002001s ]

[ 2017-05-21T10:45:14+08:00 ] 127.0.0.1 /bkweb/index.php/home/blogadmin/index
INFO: [ app_init ] --START--
INFO: Run Behavior\BuildLiteBehavior [ RunTime:0.000000s ]
INFO: [ app_init ] --END-- [ RunTime:0.001000s ]
INFO: [ app_begin ] --START--
INFO: Run Behavior\ReadHtmlCacheBehavior [ RunTime:0.002000s ]
INFO: [ app_begin ] --END-- [ RunTime:0.002000s ]
INFO: [ view_parse ] --START--
INFO: [ template_filter ] --START--
INFO: Run Behavior\ContentReplaceBehavior [ RunTime:0.000000s ]
INFO: [ template_filter ] --END-- [ RunTime:0.000000s ]
INFO: Run Behavior\ParseTemplateBehavior [ RunTime:0.044003s ]
INFO: [ view_parse ] --END-- [ RunTime:0.045003s ]
INFO: [ view_filter ] --START--
INFO: Run Behavior\WriteHtmlCacheBehavior [ RunTime:0.001000s ]
INFO: [ view_filter ] --END-- [ RunTime:0.001000s ]
INFO: [ app_end ] --START--
INFO: Run Behavior\ShowPageTraceBehavior [ RunTime:0.002000s ]
INFO: [ app_end ] --END-- [ RunTime:0.002000s ]

[ 2017-05-21T10:45:15+08:00 ] 127.0.0.1 /bkweb/index.php/home/blogeditor/useriflist
INFO: [ app_init ] --START--
INFO: Run Behavior\BuildLiteBehavior [ RunTime:0.001001s ]
INFO: [ app_init ] --END-- [ RunTime:0.002001s ]
INFO: [ app_begin ] --START--
INFO: Run Behavior\ReadHtmlCacheBehavior [ RunTime:0.002000s ]
INFO: [ app_begin ] --END-- [ RunTime:0.002000s ]
SQL: SHOW COLUMNS FROM `tb_user` [ RunTime:0.012000s ]
NOTIC: [8] Use of undefined constant UserName - assumed 'UserName' D:\phpStudy\WWW\bkweb\Application\Home\Controller\BlogeditorController.class.php 第 8 行.
SQL: SELECT * FROM `tb_user` WHERE ( `UserName` = 'admin' )  [ RunTime:0.002000s ]
INFO: [ view_parse ] --START--
INFO: [ template_filter ] --START--
INFO: Run Behavior\ContentReplaceBehavior [ RunTime:0.000000s ]
INFO: [ template_filter ] --END-- [ RunTime:0.001000s ]
INFO: Run Behavior\ParseTemplateBehavior [ RunTime:0.049003s ]
INFO: [ view_parse ] --END-- [ RunTime:0.049003s ]
INFO: [ view_filter ] --START--
INFO: Run Behavior\WriteHtmlCacheBehavior [ RunTime:0.001000s ]
INFO: [ view_filter ] --END-- [ RunTime:0.001000s ]
INFO: [ app_end ] --START--
INFO: Run Behavior\ShowPageTraceBehavior [ RunTime:0.002000s ]
INFO: [ app_end ] --END-- [ RunTime:0.002000s ]

[ 2017-05-21T10:45:16+08:00 ] 127.0.0.1 /bkweb/index.php/home/blogeditor/userimg
INFO: [ app_init ] --START--
INFO: Run Behavior\BuildLiteBehavior [ RunTime:0.000000s ]
INFO: [ app_init ] --END-- [ RunTime:0.001000s ]
INFO: [ app_begin ] --START--
INFO: Run Behavior\ReadHtmlCacheBehavior [ RunTime:0.002000s ]
INFO: [ app_begin ] --END-- [ RunTime:0.002000s ]
INFO: [ view_parse ] --START--
INFO: [ template_filter ] --START--
INFO: Run Behavior\ContentReplaceBehavior [ RunTime:0.001000s ]
INFO: [ template_filter ] --END-- [ RunTime:0.001000s ]
INFO: Run Behavior\ParseTemplateBehavior [ RunTime:0.039003s ]
INFO: [ view_parse ] --END-- [ RunTime:0.040003s ]
INFO: [ view_filter ] --START--
INFO: Run Behavior\WriteHtmlCacheBehavior [ RunTime:0.001000s ]
INFO: [ view_filter ] --END-- [ RunTime:0.001000s ]
INFO: [ app_end ] --START--
INFO: Run Behavior\ShowPageTraceBehavior [ RunTime:0.002000s ]
INFO: [ app_end ] --END-- [ RunTime:0.002000s ]

[ 2017-05-21T11:46:17+08:00 ] 127.0.0.1 /bkweb/index.php/admin/
INFO: [ app_init ] --START--
INFO: Run Behavior\BuildLiteBehavior [ RunTime:0.000000s ]
INFO: [ app_init ] --END-- [ RunTime:0.001000s ]
INFO: [ app_begin ] --START--
INFO: Run Behavior\ReadHtmlCacheBehavior [ RunTime:0.003000s ]
INFO: [ app_begin ] --END-- [ RunTime:0.003000s ]

[ 2017-05-21T11:46:17+08:00 ] 127.0.0.1 /bkweb/index.php/Admin/login/index.html
INFO: [ app_init ] --START--
INFO: Run Behavior\BuildLiteBehavior [ RunTime:0.000000s ]
INFO: [ app_init ] --END-- [ RunTime:0.002000s ]
INFO: [ app_begin ] --START--
INFO: Run Behavior\ReadHtmlCacheBehavior [ RunTime:0.002000s ]
INFO: [ app_begin ] --END-- [ RunTime:0.002000s ]
INFO: [ view_parse ] --START--
INFO: [ template_filter ] --START--
INFO: Run Behavior\ContentReplaceBehavior [ RunTime:0.000000s ]
INFO: [ template_filter ] --END-- [ RunTime:0.000000s ]
INFO: Run Behavior\ParseTemplateBehavior [ RunTime:0.044002s ]
INFO: [ view_parse ] --END-- [ RunTime:0.044002s ]
INFO: [ view_filter ] --START--
INFO: Run Behavior\WriteHtmlCacheBehavior [ RunTime:0.002000s ]
INFO: [ view_filter ] --END-- [ RunTime:0.002000s ]
INFO: [ app_end ] --START--
INFO: Run Behavior\ShowPageTraceBehavior [ RunTime:0.002000s ]
INFO: [ app_end ] --END-- [ RunTime:0.002000s ]

[ 2017-05-21T11:46:26+08:00 ] 127.0.0.1 /bkweb/index.php/admin/login/login.html
INFO: [ app_init ] --START--
INFO: Run Behavior\BuildLiteBehavior [ RunTime:0.000000s ]
INFO: [ app_init ] --END-- [ RunTime:0.001000s ]
INFO: [ app_begin ] --START--
INFO: Run Behavior\ReadHtmlCacheBehavior [ RunTime:0.002001s ]
INFO: [ app_begin ] --END-- [ RunTime:0.002001s ]
SQL: SHOW COLUMNS FROM `tb_user` [ RunTime:0.014001s ]
SQL: SELECT * FROM `tb_user` WHERE ( `UserName` = 'admin' ) LIMIT 1   [ RunTime:0.002000s ]
SQL: UPDATE `tb_user` SET `LastLoginTime`='2017-05-21 11:46:26',`Lastip`='127.0.0.1' WHERE ( `Uid` = 1 ) [ RunTime:0.002000s ]
NOTIC: [8] A non well formed numeric value encountered D:\phpStudy\WWW\bkweb\Application\Admin\Controller\LoginController.class.php 第 29 行.

[ 2017-05-21T11:46:26+08:00 ] 127.0.0.1 /bkweb/index.php/admin/index/index.html
INFO: [ app_init ] --START--
INFO: Run Behavior\BuildLiteBehavior [ RunTime:0.000000s ]
INFO: [ app_init ] --END-- [ RunTime:0.002000s ]
INFO: [ app_begin ] --START--
INFO: Run Behavior\ReadHtmlCacheBehavior [ RunTime:0.002000s ]
INFO: [ app_begin ] --END-- [ RunTime:0.002000s ]
INFO: [ view_parse ] --START--
INFO: [ template_filter ] --START--
INFO: Run Behavior\ContentReplaceBehavior [ RunTime:0.000000s ]
INFO: [ template_filter ] --END-- [ RunTime:0.001000s ]
INFO: Run Behavior\ParseTemplateBehavior [ RunTime:0.049003s ]
INFO: [ view_parse ] --END-- [ RunTime:0.049003s ]
INFO: [ view_filter ] --START--
INFO: Run Behavior\WriteHtmlCacheBehavior [ RunTime:0.001000s ]
INFO: [ view_filter ] --END-- [ RunTime:0.002000s ]
INFO: [ app_end ] --START--
INFO: Run Behavior\ShowPageTraceBehavior [ RunTime:0.002000s ]
INFO: [ app_end ] --END-- [ RunTime:0.002000s ]

[ 2017-05-21T11:46:26+08:00 ] 127.0.0.1 /bkweb/index.php/admin/index/deploy.html
INFO: [ app_init ] --START--
INFO: Run Behavior\BuildLiteBehavior [ RunTime:0.000000s ]
INFO: [ app_init ] --END-- [ RunTime:0.002000s ]
INFO: [ app_begin ] --START--
INFO: Run Behavior\ReadHtmlCacheBehavior [ RunTime:0.002001s ]
INFO: [ app_begin ] --END-- [ RunTime:0.003001s ]
INFO: [ view_parse ] --START--
INFO: [ template_filter ] --START--
INFO: Run Behavior\ContentReplaceBehavior [ RunTime:0.000000s ]
INFO: [ template_filter ] --END-- [ RunTime:0.000000s ]
INFO: Run Behavior\ParseTemplateBehavior [ RunTime:0.040003s ]
INFO: [ view_parse ] --END-- [ RunTime:0.040003s ]
INFO: [ view_filter ] --START--
INFO: Run Behavior\WriteHtmlCacheBehavior [ RunTime:0.000000s ]
INFO: [ view_filter ] --END-- [ RunTime:0.000000s ]
INFO: [ app_end ] --START--
INFO: Run Behavior\ShowPageTraceBehavior [ RunTime:0.001000s ]
INFO: [ app_end ] --END-- [ RunTime:0.001000s ]

