[ 2017-05-10T00:08:31+08:00 ] 127.0.0.1 /bkweb/index.php/home/login/loginout
INFO: [ app_init ] --START--
INFO: Run Behavior\BuildLiteBehavior [ RunTime:0.001000s ]
INFO: [ app_init ] --END-- [ RunTime:0.002000s ]
INFO: [ app_begin ] --START--
INFO: Run Behavior\ReadHtmlCacheBehavior [ RunTime:0.003000s ]
INFO: [ app_begin ] --END-- [ RunTime:0.003000s ]
NOTIC: [2] setcookie() expects parameter 3 to be long, string given D:\phpStudy\WWW\bkweb\Application\Home\Controller\LoginController.class.php 第 38 行.

[ 2017-05-10T00:08:31+08:00 ] 127.0.0.1 /bkweb/index.php/home/index/index
INFO: [ app_init ] --START--
INFO: Run Behavior\BuildLiteBehavior [ RunTime:0.000000s ]
INFO: [ app_init ] --END-- [ RunTime:0.002000s ]
INFO: [ app_begin ] --START--
INFO: Run Behavior\ReadHtmlCacheBehavior [ RunTime:0.002001s ]
INFO: [ app_begin ] --END-- [ RunTime:0.002001s ]
SQL: SHOW COLUMNS FROM `tb_images` [ RunTime:0.013001s ]
SQL: SELECT * FROM `tb_images` WHERE ( `tid` = 1 ) LIMIT 1   [ RunTime:0.001000s ]
SQL: SELECT * FROM `tb_images` WHERE ( `tid` = 2 ) LIMIT 1   [ RunTime:0.001000s ]
SQL: SHOW COLUMNS FROM `tb_article` [ RunTime:0.014001s ]
SQL: SELECT COUNT(*) AS tp_count FROM `tb_article` LIMIT 1   [ RunTime:0.001000s ]
SQL: SELECT * FROM `tb_article` ORDER BY SdTime desc LIMIT 0,5   [ RunTime:0.002001s ]
SQL: SHOW COLUMNS FROM `tb_articletype` [ RunTime:0.013000s ]
SQL: SELECT `articleType_name` FROM `tb_articletype` WHERE ( 1=1 AND Cid='1' ) LIMIT 1   [ RunTime:0.001000s ]
SQL: SHOW COLUMNS FROM `tb_articlefamily` [ RunTime:0.012000s ]
SQL: SELECT `familyname` FROM `tb_articlefamily` WHERE ( 1=1 AND Fid='1' ) LIMIT 1   [ RunTime:0.001000s ]
SQL: SHOW COLUMNS FROM `tb_user` [ RunTime:0.013000s ]
SQL: SELECT `UserName`,`NickName`,`Headimglink` FROM `tb_user` WHERE ( 1=1 AND Uid='1' ) LIMIT 1   [ RunTime:0.001000s ]
SQL: SELECT `articleType_name` FROM `tb_articletype` WHERE ( 1=1 AND Cid='1' ) LIMIT 1   [ RunTime:0.001001s ]
SQL: SELECT `familyname` FROM `tb_articlefamily` WHERE ( 1=1 AND Fid='1' ) LIMIT 1   [ RunTime:0.001000s ]
SQL: SELECT `UserName`,`NickName`,`Headimglink` FROM `tb_user` WHERE ( 1=1 AND Uid='1' ) LIMIT 1   [ RunTime:0.001000s ]
SQL: SELECT `articleType_name` FROM `tb_articletype` WHERE ( 1=1 AND Cid='6' ) LIMIT 1   [ RunTime:0.001000s ]
SQL: SELECT `familyname` FROM `tb_articlefamily` WHERE ( 1=1 AND Fid='1' ) LIMIT 1   [ RunTime:0.000000s ]
SQL: SELECT `UserName`,`NickName`,`Headimglink` FROM `tb_user` WHERE ( 1=1 AND Uid='1' ) LIMIT 1   [ RunTime:0.000000s ]
SQL: SELECT `articleType_name` FROM `tb_articletype` WHERE ( 1=1 AND Cid='4' ) LIMIT 1   [ RunTime:0.000000s ]
SQL: SELECT `familyname` FROM `tb_articlefamily` WHERE ( 1=1 AND Fid='2' ) LIMIT 1   [ RunTime:0.000000s ]
SQL: SELECT `UserName`,`NickName`,`Headimglink` FROM `tb_user` WHERE ( 1=1 AND Uid='1' ) LIMIT 1   [ RunTime:0.001000s ]
SQL: SELECT `articleType_name` FROM `tb_articletype` WHERE ( 1=1 AND Cid='5' ) LIMIT 1   [ RunTime:0.001000s ]
SQL: SELECT `familyname` FROM `tb_articlefamily` WHERE ( 1=1 AND Fid='2' ) LIMIT 1   [ RunTime:0.002000s ]
SQL: SELECT `UserName`,`NickName`,`Headimglink` FROM `tb_user` WHERE ( 1=1 AND Uid='1' ) LIMIT 1   [ RunTime:0.002001s ]
SQL: SHOW COLUMNS FROM `tb_advertisement` [ RunTime:0.013000s ]
SQL: SELECT * FROM `tb_advertisement`  [ RunTime:0.001000s ]
INFO: [ view_parse ] --START--
NOTIC: [8] Array to string conversion D:\phpStudy\WWW\bkweb\Application\Home\TagLib\My.class.php 第 13 行.
NOTIC: [8] Undefined property: Home\TagLib\My::$Array D:\phpStudy\WWW\bkweb\Application\Home\TagLib\My.class.php 第 13 行.
INFO: [ template_filter ] --START--
INFO: Run Behavior\ContentReplaceBehavior [ RunTime:0.001001s ]
INFO: [ template_filter ] --END-- [ RunTime:0.001001s ]
SQL: SHOW COLUMNS FROM `tb_articletype` [ RunTime:0.011001s ]
SQL: SELECT * FROM `tb_articletype`  [ RunTime:0.001000s ]
SQL: SHOW COLUMNS FROM `tb_article` [ RunTime:0.013001s ]
SQL: SELECT `Aid`,`Title`,`ViewNum` FROM `tb_article` ORDER BY ViewNum desc LIMIT 8   [ RunTime:0.001000s ]
INFO: Run Behavior\ParseTemplateBehavior [ RunTime:0.098006s ]
INFO: [ view_parse ] --END-- [ RunTime:0.098006s ]
INFO: [ view_filter ] --START--
INFO: Run Behavior\WriteHtmlCacheBehavior [ RunTime:0.002000s ]
INFO: [ view_filter ] --END-- [ RunTime:0.002000s ]
INFO: [ app_end ] --START--
INFO: Run Behavior\ShowPageTraceBehavior [ RunTime:0.003000s ]
INFO: [ app_end ] --END-- [ RunTime:0.003000s ]

[ 2017-05-10T00:08:36+08:00 ] 127.0.0.1 /bkweb/index.php/home/17
INFO: [ app_init ] --START--
INFO: Run Behavior\BuildLiteBehavior [ RunTime:0.000000s ]
INFO: [ app_init ] --END-- [ RunTime:0.002000s ]
INFO: [ app_begin ] --START--
INFO: Run Behavior\ReadHtmlCacheBehavior [ RunTime:0.002000s ]
INFO: [ app_begin ] --END-- [ RunTime:0.002000s ]
SQL: SHOW COLUMNS FROM `tb_article` [ RunTime:0.014000s ]
SQL: SELECT * FROM `tb_article` WHERE ( `Aid` = 17 ) LIMIT 1   [ RunTime:0.001000s ]
SQL: SHOW COLUMNS FROM `tb_articletype` [ RunTime:0.011000s ]
SQL: SELECT `articleType_name` FROM `tb_articletype` WHERE ( 1=1 AND Cid='1' ) LIMIT 1   [ RunTime:0.001000s ]
SQL: SHOW COLUMNS FROM `tb_articlefamily` [ RunTime:0.012000s ]
SQL: SELECT `familyname` FROM `tb_articlefamily` WHERE ( 1=1 AND Fid='1' ) LIMIT 1   [ RunTime:0.001000s ]
SQL: SHOW COLUMNS FROM `tb_user` [ RunTime:0.014000s ]
SQL: SELECT `UserName`,`NickName`,`Headimglink` FROM `tb_user` WHERE ( 1=1 AND Uid='1' ) LIMIT 1   [ RunTime:0.001000s ]
NOTIC: [8] Use of undefined constant UserName - assumed 'UserName' D:\phpStudy\WWW\bkweb\Application\Home\Controller\BlogcontentController.class.php 第 14 行.
NOTIC: [8] Undefined index: UserName D:\phpStudy\WWW\bkweb\Application\Home\Controller\BlogcontentController.class.php 第 14 行.
SQL: SHOW COLUMNS FROM `tb_user` [ RunTime:0.014001s ]
SQL: SELECT * FROM `tb_user` WHERE ( `Uid` = 1 ) LIMIT 1   [ RunTime:0.001000s ]
SQL: SELECT COUNT(*) AS tp_count FROM `tb_article` WHERE ( `Uid` = 1 ) LIMIT 1   [ RunTime:0.001000s ]
SQL: SELECT COUNT(*) AS tp_count FROM `tb_article` WHERE ( `Uid` = 1 ) AND ( `Fid` = 1 ) LIMIT 1   [ RunTime:0.001000s ]
SQL: SELECT COUNT(*) AS tp_count FROM `tb_article` WHERE ( `Uid` = 1 ) AND ( `Fid` = 2 ) LIMIT 1   [ RunTime:0.001000s ]
SQL: SELECT * FROM `tb_article` WHERE ( `Cid` = 1 ) ORDER BY rand() LIMIT 3   [ RunTime:0.022002s ]
SQL: SELECT `articleType_name` FROM `tb_articletype` WHERE ( 1=1 AND Cid='1' ) LIMIT 1   [ RunTime:0.001000s ]
SQL: SELECT `familyname` FROM `tb_articlefamily` WHERE ( 1=1 AND Fid='1' ) LIMIT 1   [ RunTime:0.001000s ]
SQL: SELECT `UserName`,`NickName`,`Headimglink` FROM `tb_user` WHERE ( 1=1 AND Uid='1' ) LIMIT 1   [ RunTime:0.001000s ]
SQL: SELECT `articleType_name` FROM `tb_articletype` WHERE ( 1=1 AND Cid='1' ) LIMIT 1   [ RunTime:0.001000s ]
SQL: SELECT `familyname` FROM `tb_articlefamily` WHERE ( 1=1 AND Fid='1' ) LIMIT 1   [ RunTime:0.001000s ]
SQL: SELECT `UserName`,`NickName`,`Headimglink` FROM `tb_user` WHERE ( 1=1 AND Uid='1' ) LIMIT 1   [ RunTime:0.001000s ]
SQL: SELECT `articleType_name` FROM `tb_articletype` WHERE ( 1=1 AND Cid='1' ) LIMIT 1   [ RunTime:0.001000s ]
SQL: SELECT `familyname` FROM `tb_articlefamily` WHERE ( 1=1 AND Fid='1' ) LIMIT 1   [ RunTime:0.001001s ]
SQL: SELECT `UserName`,`NickName`,`Headimglink` FROM `tb_user` WHERE ( 1=1 AND Uid='1' ) LIMIT 1   [ RunTime:0.001000s ]
SQL: SHOW COLUMNS FROM `tb_review` [ RunTime:0.069004s ]
SQL: SELECT * FROM `tb_review` WHERE ( `R_articleid` = 17 )  [ RunTime:0.005000s ]
SQL: SELECT COUNT(*) AS tp_count FROM `tb_review` WHERE ( `R_articleid` = 17 ) LIMIT 1   [ RunTime:0.001000s ]
SQL: SHOW COLUMNS FROM `tb_article` [ RunTime:0.012001s ]
SQL: SELECT SUM(CommentNum) AS tp_sum FROM `tb_article` WHERE ( `Uid` = 1 ) LIMIT 1   [ RunTime:0.001000s ]
NOTIC: [2] Invalid argument supplied for foreach() D:\phpStudy\WWW\bkweb\Application\Home\TagLib\Reviewgory.class.php 第 6 行.
SQL: SELECT * FROM `tb_article` WHERE ( `Uid` = 1 ) ORDER BY ViewNum desc LIMIT 5   [ RunTime:0.001000s ]
SQL: SELECT `articleType_name` FROM `tb_articletype` WHERE ( 1=1 AND Cid='1' ) LIMIT 1   [ RunTime:0.001000s ]
SQL: SELECT `familyname` FROM `tb_articlefamily` WHERE ( 1=1 AND Fid='1' ) LIMIT 1   [ RunTime:0.000000s ]
SQL: SELECT `UserName`,`NickName`,`Headimglink` FROM `tb_user` WHERE ( 1=1 AND Uid='1' ) LIMIT 1   [ RunTime:0.000000s ]
SQL: SELECT `articleType_name` FROM `tb_articletype` WHERE ( 1=1 AND Cid='4' ) LIMIT 1   [ RunTime:0.001000s ]
SQL: SELECT `familyname` FROM `tb_articlefamily` WHERE ( 1=1 AND Fid='2' ) LIMIT 1   [ RunTime:0.000000s ]
SQL: SELECT `UserName`,`NickName`,`Headimglink` FROM `tb_user` WHERE ( 1=1 AND Uid='1' ) LIMIT 1   [ RunTime:0.001000s ]
SQL: SELECT `articleType_name` FROM `tb_articletype` WHERE ( 1=1 AND Cid='6' ) LIMIT 1   [ RunTime:0.000000s ]
SQL: SELECT `familyname` FROM `tb_articlefamily` WHERE ( 1=1 AND Fid='1' ) LIMIT 1   [ RunTime:0.001000s ]
SQL: SELECT `UserName`,`NickName`,`Headimglink` FROM `tb_user` WHERE ( 1=1 AND Uid='1' ) LIMIT 1   [ RunTime:0.001000s ]
SQL: SELECT `articleType_name` FROM `tb_articletype` WHERE ( 1=1 AND Cid='3' ) LIMIT 1   [ RunTime:0.000000s ]
SQL: SELECT `familyname` FROM `tb_articlefamily` WHERE ( 1=1 AND Fid='2' ) LIMIT 1   [ RunTime:0.000000s ]
SQL: SELECT `UserName`,`NickName`,`Headimglink` FROM `tb_user` WHERE ( 1=1 AND Uid='1' ) LIMIT 1   [ RunTime:0.000000s ]
SQL: SELECT `articleType_name` FROM `tb_articletype` WHERE ( 1=1 AND Cid='5' ) LIMIT 1   [ RunTime:0.001000s ]
SQL: SELECT `familyname` FROM `tb_articlefamily` WHERE ( 1=1 AND Fid='2' ) LIMIT 1   [ RunTime:0.001000s ]
SQL: SELECT `UserName`,`NickName`,`Headimglink` FROM `tb_user` WHERE ( 1=1 AND Uid='1' ) LIMIT 1   [ RunTime:0.001000s ]
SQL: SELECT SUM(ViewNum) AS tp_sum FROM `tb_article` WHERE ( `Uid` = 1 ) LIMIT 1   [ RunTime:0.001000s ]
SQL: SELECT * FROM `tb_article` WHERE ( `Uid` = 1 ) ORDER BY CommentNum desc LIMIT 5   [ RunTime:0.002000s ]
SQL: SELECT `articleType_name` FROM `tb_articletype` WHERE ( 1=1 AND Cid='1' ) LIMIT 1   [ RunTime:0.001000s ]
SQL: SELECT `familyname` FROM `tb_articlefamily` WHERE ( 1=1 AND Fid='1' ) LIMIT 1   [ RunTime:0.000000s ]
SQL: SELECT `UserName`,`NickName`,`Headimglink` FROM `tb_user` WHERE ( 1=1 AND Uid='1' ) LIMIT 1   [ RunTime:0.001000s ]
SQL: SELECT `articleType_name` FROM `tb_articletype` WHERE ( 1=1 AND Cid='1' ) LIMIT 1   [ RunTime:0.000000s ]
SQL: SELECT `familyname` FROM `tb_articlefamily` WHERE ( 1=1 AND Fid='1' ) LIMIT 1   [ RunTime:0.000000s ]
SQL: SELECT `UserName`,`NickName`,`Headimglink` FROM `tb_user` WHERE ( 1=1 AND Uid='1' ) LIMIT 1   [ RunTime:0.000000s ]
SQL: SELECT `articleType_name` FROM `tb_articletype` WHERE ( 1=1 AND Cid='5' ) LIMIT 1   [ RunTime:0.001000s ]
SQL: SELECT `familyname` FROM `tb_articlefamily` WHERE ( 1=1 AND Fid='2' ) LIMIT 1   [ RunTime:0.001000s ]
SQL: SELECT `UserName`,`NickName`,`Headimglink` FROM `tb_user` WHERE ( 1=1 AND Uid='1' ) LIMIT 1   [ RunTime:0.000000s ]
SQL: SELECT `articleType_name` FROM `tb_articletype` WHERE ( 1=1 AND Cid='2' ) LIMIT 1   [ RunTime:0.000000s ]
SQL: SELECT `familyname` FROM `tb_articlefamily` WHERE ( 1=1 AND Fid='1' ) LIMIT 1   [ RunTime:0.001000s ]
SQL: SELECT `UserName`,`NickName`,`Headimglink` FROM `tb_user` WHERE ( 1=1 AND Uid='1' ) LIMIT 1   [ RunTime:0.001000s ]
SQL: SELECT `articleType_name` FROM `tb_articletype` WHERE ( 1=1 AND Cid='1' ) LIMIT 1   [ RunTime:0.001000s ]
SQL: SELECT `familyname` FROM `tb_articlefamily` WHERE ( 1=1 AND Fid='1' ) LIMIT 1   [ RunTime:0.000000s ]
SQL: SELECT `UserName`,`NickName`,`Headimglink` FROM `tb_user` WHERE ( 1=1 AND Uid='1' ) LIMIT 1   [ RunTime:0.001000s ]
INFO: [ view_parse ] --START--
INFO: [ template_filter ] --START--
INFO: Run Behavior\ContentReplaceBehavior [ RunTime:0.001000s ]
INFO: [ template_filter ] --END-- [ RunTime:0.001000s ]
NOTIC: [8] Undefined variable: nid D:\phpStudy\WWW\bkweb\Application\Runtime\Cache\Home\8d1faf2ed138450f4e75d825d3928787.php 第 83 行.
SQL: SELECT * FROM `tb_article` WHERE ( `Aid` = 17 ) LIMIT 1   [ RunTime:0.001000s ]
SQL: SELECT `articleType_name` FROM `tb_articletype` WHERE ( 1=1 AND Cid='1' ) LIMIT 1   [ RunTime:0.001000s ]
SQL: SELECT `familyname` FROM `tb_articlefamily` WHERE ( 1=1 AND Fid='1' ) LIMIT 1   [ RunTime:0.001000s ]
SQL: SELECT `UserName`,`NickName`,`Headimglink` FROM `tb_user` WHERE ( 1=1 AND Uid='1' ) LIMIT 1   [ RunTime:0.001000s ]
SQL: SELECT COUNT(*) AS tp_count FROM `tb_article` WHERE ( `Cid` = 1 ) AND ( `Uid` = 1 ) LIMIT 1   [ RunTime:0.001000s ]
SQL: SHOW COLUMNS FROM `tb_articletype` [ RunTime:0.012000s ]
SQL: SELECT * FROM `tb_articletype` WHERE ( `Cid` = 1 ) LIMIT 1   [ RunTime:0.001000s ]
SQL: SELECT * FROM `tb_article` WHERE ( `Aid` = 17 ) LIMIT 1   [ RunTime:0.001000s ]
SQL: SELECT `articleType_name` FROM `tb_articletype` WHERE ( 1=1 AND Cid='1' ) LIMIT 1   [ RunTime:0.000000s ]
SQL: SELECT `familyname` FROM `tb_articlefamily` WHERE ( 1=1 AND Fid='1' ) LIMIT 1   [ RunTime:0.001000s ]
SQL: SELECT `UserName`,`NickName`,`Headimglink` FROM `tb_user` WHERE ( 1=1 AND Uid='1' ) LIMIT 1   [ RunTime:0.000000s ]
SQL: SELECT COUNT(*) AS tp_count FROM `tb_article` WHERE ( `Cid` = 2 ) AND ( `Uid` = 1 ) LIMIT 1   [ RunTime:0.001000s ]
SQL: SELECT * FROM `tb_articletype` WHERE ( `Cid` = 2 ) LIMIT 1   [ RunTime:0.001000s ]
SQL: SELECT * FROM `tb_article` WHERE ( `Aid` = 17 ) LIMIT 1   [ RunTime:0.001000s ]
SQL: SELECT `articleType_name` FROM `tb_articletype` WHERE ( 1=1 AND Cid='1' ) LIMIT 1   [ RunTime:0.001000s ]
SQL: SELECT `familyname` FROM `tb_articlefamily` WHERE ( 1=1 AND Fid='1' ) LIMIT 1   [ RunTime:0.001000s ]
SQL: SELECT `UserName`,`NickName`,`Headimglink` FROM `tb_user` WHERE ( 1=1 AND Uid='1' ) LIMIT 1   [ RunTime:0.001000s ]
SQL: SELECT COUNT(*) AS tp_count FROM `tb_article` WHERE ( `Cid` = 3 ) AND ( `Uid` = 1 ) LIMIT 1   [ RunTime:0.001000s ]
SQL: SELECT * FROM `tb_articletype` WHERE ( `Cid` = 3 ) LIMIT 1   [ RunTime:0.001000s ]
SQL: SELECT * FROM `tb_article` WHERE ( `Aid` = 17 ) LIMIT 1   [ RunTime:0.000000s ]
SQL: SELECT `articleType_name` FROM `tb_articletype` WHERE ( 1=1 AND Cid='1' ) LIMIT 1   [ RunTime:0.001000s ]
SQL: SELECT `familyname` FROM `tb_articlefamily` WHERE ( 1=1 AND Fid='1' ) LIMIT 1   [ RunTime:0.001000s ]
SQL: SELECT `UserName`,`NickName`,`Headimglink` FROM `tb_user` WHERE ( 1=1 AND Uid='1' ) LIMIT 1   [ RunTime:0.000000s ]
SQL: SELECT COUNT(*) AS tp_count FROM `tb_article` WHERE ( `Cid` = 4 ) AND ( `Uid` = 1 ) LIMIT 1   [ RunTime:0.001000s ]
SQL: SELECT * FROM `tb_articletype` WHERE ( `Cid` = 4 ) LIMIT 1   [ RunTime:0.000000s ]
SQL: SELECT * FROM `tb_article` WHERE ( `Aid` = 17 ) LIMIT 1   [ RunTime:0.002000s ]
SQL: SELECT `articleType_name` FROM `tb_articletype` WHERE ( 1=1 AND Cid='1' ) LIMIT 1   [ RunTime:0.001000s ]
SQL: SELECT `familyname` FROM `tb_articlefamily` WHERE ( 1=1 AND Fid='1' ) LIMIT 1   [ RunTime:0.001000s ]
SQL: SELECT `UserName`,`NickName`,`Headimglink` FROM `tb_user` WHERE ( 1=1 AND Uid='1' ) LIMIT 1   [ RunTime:0.000000s ]
SQL: SELECT COUNT(*) AS tp_count FROM `tb_article` WHERE ( `Cid` = 5 ) AND ( `Uid` = 1 ) LIMIT 1   [ RunTime:0.001000s ]
SQL: SELECT * FROM `tb_articletype` WHERE ( `Cid` = 5 ) LIMIT 1   [ RunTime:0.000000s ]
SQL: SELECT * FROM `tb_article` WHERE ( `Aid` = 17 ) LIMIT 1   [ RunTime:0.001000s ]
SQL: SELECT `articleType_name` FROM `tb_articletype` WHERE ( 1=1 AND Cid='1' ) LIMIT 1   [ RunTime:0.000000s ]
SQL: SELECT `familyname` FROM `tb_articlefamily` WHERE ( 1=1 AND Fid='1' ) LIMIT 1   [ RunTime:0.001000s ]
SQL: SELECT `UserName`,`NickName`,`Headimglink` FROM `tb_user` WHERE ( 1=1 AND Uid='1' ) LIMIT 1   [ RunTime:0.000000s ]
SQL: SELECT COUNT(*) AS tp_count FROM `tb_article` WHERE ( `Cid` = 6 ) AND ( `Uid` = 1 ) LIMIT 1   [ RunTime:0.001000s ]
SQL: SELECT * FROM `tb_articletype` WHERE ( `Cid` = 6 ) LIMIT 1   [ RunTime:0.000000s ]
SQL: SELECT * FROM `tb_article` WHERE ( `Aid` = 17 ) LIMIT 1   [ RunTime:0.001000s ]
SQL: SELECT `articleType_name` FROM `tb_articletype` WHERE ( 1=1 AND Cid='1' ) LIMIT 1   [ RunTime:0.001000s ]
SQL: SELECT `familyname` FROM `tb_articlefamily` WHERE ( 1=1 AND Fid='1' ) LIMIT 1   [ RunTime:0.001000s ]
SQL: SELECT `UserName`,`NickName`,`Headimglink` FROM `tb_user` WHERE ( 1=1 AND Uid='1' ) LIMIT 1   [ RunTime:0.001000s ]
SQL: SELECT COUNT(*) AS tp_count FROM `tb_article` WHERE ( `Cid` = 7 ) AND ( `Uid` = 1 ) LIMIT 1   [ RunTime:0.001000s ]
SQL: SELECT * FROM `tb_articletype` WHERE ( `Cid` = 7 ) LIMIT 1   [ RunTime:0.000000s ]
SQL: SELECT * FROM `tb_article` WHERE ( `Aid` = 17 ) LIMIT 1   [ RunTime:0.001000s ]
SQL: SELECT `articleType_name` FROM `tb_articletype` WHERE ( 1=1 AND Cid='1' ) LIMIT 1   [ RunTime:0.000000s ]
SQL: SELECT `familyname` FROM `tb_articlefamily` WHERE ( 1=1 AND Fid='1' ) LIMIT 1   [ RunTime:0.001000s ]
SQL: SELECT `UserName`,`NickName`,`Headimglink` FROM `tb_user` WHERE ( 1=1 AND Uid='1' ) LIMIT 1   [ RunTime:0.001000s ]
SQL: SELECT COUNT(*) AS tp_count FROM `tb_article` WHERE ( `Cid` = 8 ) AND ( `Uid` = 1 ) LIMIT 1   [ RunTime:0.001000s ]
SQL: SELECT * FROM `tb_articletype` WHERE ( `Cid` = 8 ) LIMIT 1   [ RunTime:0.001000s ]
SQL: UPDATE `tb_article` SET `ViewNum`=ViewNum+1 WHERE ( `Aid` = 17 ) [ RunTime:0.001000s ]
INFO: Run Behavior\ParseTemplateBehavior [ RunTime:0.216012s ]
INFO: [ view_parse ] --END-- [ RunTime:0.216012s ]
INFO: [ view_filter ] --START--
INFO: Run Behavior\WriteHtmlCacheBehavior [ RunTime:0.002000s ]
INFO: [ view_filter ] --END-- [ RunTime:0.002000s ]
INFO: [ app_end ] --START--
INFO: Run Behavior\ShowPageTraceBehavior [ RunTime:0.002000s ]
INFO: [ app_end ] --END-- [ RunTime:0.002000s ]

[ 2017-05-10T00:13:02+08:00 ] 127.0.0.1 /bkweb/index.php/home/index/index
INFO: [ app_init ] --START--
INFO: Run Behavior\BuildLiteBehavior [ RunTime:0.000000s ]
INFO: [ app_init ] --END-- [ RunTime:0.002000s ]
INFO: [ app_begin ] --START--
INFO: Run Behavior\ReadHtmlCacheBehavior [ RunTime:0.002000s ]
INFO: [ app_begin ] --END-- [ RunTime:0.003000s ]
SQL: SHOW COLUMNS FROM `tb_images` [ RunTime:0.013000s ]
SQL: SELECT * FROM `tb_images` WHERE ( `tid` = 1 ) LIMIT 1   [ RunTime:0.001000s ]
SQL: SELECT * FROM `tb_images` WHERE ( `tid` = 2 ) LIMIT 1   [ RunTime:0.001001s ]
SQL: SHOW COLUMNS FROM `tb_article` [ RunTime:0.013001s ]
SQL: SELECT COUNT(*) AS tp_count FROM `tb_article` LIMIT 1   [ RunTime:0.001000s ]
SQL: SELECT * FROM `tb_article` ORDER BY SdTime desc LIMIT 0,5   [ RunTime:0.002000s ]
SQL: SHOW COLUMNS FROM `tb_articletype` [ RunTime:0.013001s ]
SQL: SELECT `articleType_name` FROM `tb_articletype` WHERE ( 1=1 AND Cid='1' ) LIMIT 1   [ RunTime:0.001000s ]
SQL: SHOW COLUMNS FROM `tb_articlefamily` [ RunTime:0.013001s ]
SQL: SELECT `familyname` FROM `tb_articlefamily` WHERE ( 1=1 AND Fid='1' ) LIMIT 1   [ RunTime:0.000000s ]
SQL: SHOW COLUMNS FROM `tb_user` [ RunTime:0.013001s ]
SQL: SELECT `UserName`,`NickName`,`Headimglink` FROM `tb_user` WHERE ( 1=1 AND Uid='1' ) LIMIT 1   [ RunTime:0.001000s ]
SQL: SELECT `articleType_name` FROM `tb_articletype` WHERE ( 1=1 AND Cid='1' ) LIMIT 1   [ RunTime:0.001000s ]
SQL: SELECT `familyname` FROM `tb_articlefamily` WHERE ( 1=1 AND Fid='1' ) LIMIT 1   [ RunTime:0.000000s ]
SQL: SELECT `UserName`,`NickName`,`Headimglink` FROM `tb_user` WHERE ( 1=1 AND Uid='1' ) LIMIT 1   [ RunTime:0.001000s ]
SQL: SELECT `articleType_name` FROM `tb_articletype` WHERE ( 1=1 AND Cid='6' ) LIMIT 1   [ RunTime:0.001000s ]
SQL: SELECT `familyname` FROM `tb_articlefamily` WHERE ( 1=1 AND Fid='1' ) LIMIT 1   [ RunTime:0.001001s ]
SQL: SELECT `UserName`,`NickName`,`Headimglink` FROM `tb_user` WHERE ( 1=1 AND Uid='1' ) LIMIT 1   [ RunTime:0.001000s ]
SQL: SELECT `articleType_name` FROM `tb_articletype` WHERE ( 1=1 AND Cid='4' ) LIMIT 1   [ RunTime:0.001000s ]
SQL: SELECT `familyname` FROM `tb_articlefamily` WHERE ( 1=1 AND Fid='2' ) LIMIT 1   [ RunTime:0.001000s ]
SQL: SELECT `UserName`,`NickName`,`Headimglink` FROM `tb_user` WHERE ( 1=1 AND Uid='1' ) LIMIT 1   [ RunTime:0.001000s ]
SQL: SELECT `articleType_name` FROM `tb_articletype` WHERE ( 1=1 AND Cid='5' ) LIMIT 1   [ RunTime:0.000000s ]
SQL: SELECT `familyname` FROM `tb_articlefamily` WHERE ( 1=1 AND Fid='2' ) LIMIT 1   [ RunTime:0.001000s ]
SQL: SELECT `UserName`,`NickName`,`Headimglink` FROM `tb_user` WHERE ( 1=1 AND Uid='1' ) LIMIT 1   [ RunTime:0.000000s ]
SQL: SHOW COLUMNS FROM `tb_advertisement` [ RunTime:0.012001s ]
SQL: SELECT * FROM `tb_advertisement`  [ RunTime:0.001000s ]
INFO: [ view_parse ] --START--
NOTIC: [8] Array to string conversion D:\phpStudy\WWW\bkweb\Application\Home\TagLib\My.class.php 第 13 行.
NOTIC: [8] Undefined property: Home\TagLib\My::$Array D:\phpStudy\WWW\bkweb\Application\Home\TagLib\My.class.php 第 13 行.
INFO: [ template_filter ] --START--
INFO: Run Behavior\ContentReplaceBehavior [ RunTime:0.000000s ]
INFO: [ template_filter ] --END-- [ RunTime:0.000000s ]
SQL: SHOW COLUMNS FROM `tb_articletype` [ RunTime:0.013000s ]
SQL: SELECT * FROM `tb_articletype`  [ RunTime:0.001000s ]
SQL: SHOW COLUMNS FROM `tb_article` [ RunTime:0.012000s ]
SQL: SELECT `Aid`,`Title`,`ViewNum` FROM `tb_article` ORDER BY ViewNum desc LIMIT 8   [ RunTime:0.001000s ]
INFO: Run Behavior\ParseTemplateBehavior [ RunTime:0.096006s ]
INFO: [ view_parse ] --END-- [ RunTime:0.096006s ]
INFO: [ view_filter ] --START--
INFO: Run Behavior\WriteHtmlCacheBehavior [ RunTime:0.001000s ]
INFO: [ view_filter ] --END-- [ RunTime:0.002000s ]
INFO: [ app_end ] --START--
INFO: Run Behavior\ShowPageTraceBehavior [ RunTime:0.003000s ]
INFO: [ app_end ] --END-- [ RunTime:0.003000s ]

[ 2017-05-10T00:13:06+08:00 ] 127.0.0.1 /bkweb/index.php/home/14
INFO: [ app_init ] --START--
INFO: Run Behavior\BuildLiteBehavior [ RunTime:0.000000s ]
INFO: [ app_init ] --END-- [ RunTime:0.001000s ]
INFO: [ app_begin ] --START--
INFO: Run Behavior\ReadHtmlCacheBehavior [ RunTime:0.003000s ]
INFO: [ app_begin ] --END-- [ RunTime:0.003000s ]
SQL: SHOW COLUMNS FROM `tb_article` [ RunTime:0.013000s ]
SQL: SELECT * FROM `tb_article` WHERE ( `Aid` = 14 ) LIMIT 1   [ RunTime:0.001001s ]
SQL: SHOW COLUMNS FROM `tb_articletype` [ RunTime:0.012000s ]
SQL: SELECT `articleType_name` FROM `tb_articletype` WHERE ( 1=1 AND Cid='4' ) LIMIT 1   [ RunTime:0.001000s ]
SQL: SHOW COLUMNS FROM `tb_articlefamily` [ RunTime:0.013000s ]
SQL: SELECT `familyname` FROM `tb_articlefamily` WHERE ( 1=1 AND Fid='2' ) LIMIT 1   [ RunTime:0.001000s ]
SQL: SHOW COLUMNS FROM `tb_user` [ RunTime:0.014000s ]
SQL: SELECT `UserName`,`NickName`,`Headimglink` FROM `tb_user` WHERE ( 1=1 AND Uid='1' ) LIMIT 1   [ RunTime:0.001001s ]
NOTIC: [8] Use of undefined constant UserName - assumed 'UserName' D:\phpStudy\WWW\bkweb\Application\Home\Controller\BlogcontentController.class.php 第 14 行.
NOTIC: [8] Undefined index: UserName D:\phpStudy\WWW\bkweb\Application\Home\Controller\BlogcontentController.class.php 第 14 行.
SQL: SHOW COLUMNS FROM `tb_user` [ RunTime:0.013000s ]
SQL: SELECT * FROM `tb_user` WHERE ( `Uid` = 1 ) LIMIT 1   [ RunTime:0.001000s ]
SQL: SELECT COUNT(*) AS tp_count FROM `tb_article` WHERE ( `Uid` = 1 ) LIMIT 1   [ RunTime:0.001000s ]
SQL: SELECT COUNT(*) AS tp_count FROM `tb_article` WHERE ( `Uid` = 1 ) AND ( `Fid` = 1 ) LIMIT 1   [ RunTime:0.001000s ]
SQL: SELECT COUNT(*) AS tp_count FROM `tb_article` WHERE ( `Uid` = 1 ) AND ( `Fid` = 2 ) LIMIT 1   [ RunTime:0.001000s ]
SQL: SELECT * FROM `tb_article` WHERE ( `Cid` = 4 ) ORDER BY rand() LIMIT 3   [ RunTime:0.002000s ]
SQL: SELECT `articleType_name` FROM `tb_articletype` WHERE ( 1=1 AND Cid='4' ) LIMIT 1   [ RunTime:0.001000s ]
SQL: SELECT `familyname` FROM `tb_articlefamily` WHERE ( 1=1 AND Fid='2' ) LIMIT 1   [ RunTime:0.000000s ]
SQL: SELECT `UserName`,`NickName`,`Headimglink` FROM `tb_user` WHERE ( 1=1 AND Uid='1' ) LIMIT 1   [ RunTime:0.001000s ]
SQL: SELECT `articleType_name` FROM `tb_articletype` WHERE ( 1=1 AND Cid='4' ) LIMIT 1   [ RunTime:0.001000s ]
SQL: SELECT `familyname` FROM `tb_articlefamily` WHERE ( 1=1 AND Fid='2' ) LIMIT 1   [ RunTime:0.001001s ]
SQL: SELECT `UserName`,`NickName`,`Headimglink` FROM `tb_user` WHERE ( 1=1 AND Uid='1' ) LIMIT 1   [ RunTime:0.001000s ]
SQL: SHOW COLUMNS FROM `tb_review` [ RunTime:0.012000s ]
SQL: SELECT * FROM `tb_review` WHERE ( `R_articleid` = 14 )  [ RunTime:0.001000s ]
SQL: SELECT COUNT(*) AS tp_count FROM `tb_review` WHERE ( `R_articleid` = 14 ) LIMIT 1   [ RunTime:0.001000s ]
SQL: SHOW COLUMNS FROM `tb_article` [ RunTime:0.013001s ]
SQL: SELECT SUM(CommentNum) AS tp_sum FROM `tb_article` WHERE ( `Uid` = 1 ) LIMIT 1   [ RunTime:0.000000s ]
NOTIC: [2] Invalid argument supplied for foreach() D:\phpStudy\WWW\bkweb\Application\Home\TagLib\Reviewgory.class.php 第 6 行.
SQL: SELECT * FROM `tb_article` WHERE ( `Uid` = 1 ) ORDER BY ViewNum desc LIMIT 5   [ RunTime:0.002000s ]
SQL: SELECT `articleType_name` FROM `tb_articletype` WHERE ( 1=1 AND Cid='1' ) LIMIT 1   [ RunTime:0.001000s ]
SQL: SELECT `familyname` FROM `tb_articlefamily` WHERE ( 1=1 AND Fid='1' ) LIMIT 1   [ RunTime:0.001000s ]
SQL: SELECT `UserName`,`NickName`,`Headimglink` FROM `tb_user` WHERE ( 1=1 AND Uid='1' ) LIMIT 1   [ RunTime:0.000000s ]
SQL: SELECT `articleType_name` FROM `tb_articletype` WHERE ( 1=1 AND Cid='4' ) LIMIT 1   [ RunTime:0.000000s ]
SQL: SELECT `familyname` FROM `tb_articlefamily` WHERE ( 1=1 AND Fid='2' ) LIMIT 1   [ RunTime:0.000000s ]
SQL: SELECT `UserName`,`NickName`,`Headimglink` FROM `tb_user` WHERE ( 1=1 AND Uid='1' ) LIMIT 1   [ RunTime:0.001000s ]
SQL: SELECT `articleType_name` FROM `tb_articletype` WHERE ( 1=1 AND Cid='6' ) LIMIT 1   [ RunTime:0.001000s ]
SQL: SELECT `familyname` FROM `tb_articlefamily` WHERE ( 1=1 AND Fid='1' ) LIMIT 1   [ RunTime:0.001000s ]
SQL: SELECT `UserName`,`NickName`,`Headimglink` FROM `tb_user` WHERE ( 1=1 AND Uid='1' ) LIMIT 1   [ RunTime:0.001000s ]
SQL: SELECT `articleType_name` FROM `tb_articletype` WHERE ( 1=1 AND Cid='3' ) LIMIT 1   [ RunTime:0.001000s ]
SQL: SELECT `familyname` FROM `tb_articlefamily` WHERE ( 1=1 AND Fid='2' ) LIMIT 1   [ RunTime:0.000000s ]
SQL: SELECT `UserName`,`NickName`,`Headimglink` FROM `tb_user` WHERE ( 1=1 AND Uid='1' ) LIMIT 1   [ RunTime:0.001000s ]
SQL: SELECT `articleType_name` FROM `tb_articletype` WHERE ( 1=1 AND Cid='5' ) LIMIT 1   [ RunTime:0.001000s ]
SQL: SELECT `familyname` FROM `tb_articlefamily` WHERE ( 1=1 AND Fid='2' ) LIMIT 1   [ RunTime:0.000000s ]
SQL: SELECT `UserName`,`NickName`,`Headimglink` FROM `tb_user` WHERE ( 1=1 AND Uid='1' ) LIMIT 1   [ RunTime:0.001000s ]
SQL: SELECT SUM(ViewNum) AS tp_sum FROM `tb_article` WHERE ( `Uid` = 1 ) LIMIT 1   [ RunTime:0.002001s ]
SQL: SELECT * FROM `tb_article` WHERE ( `Uid` = 1 ) ORDER BY CommentNum desc LIMIT 5   [ RunTime:0.002000s ]
SQL: SELECT `articleType_name` FROM `tb_articletype` WHERE ( 1=1 AND Cid='1' ) LIMIT 1   [ RunTime:0.001000s ]
SQL: SELECT `familyname` FROM `tb_articlefamily` WHERE ( 1=1 AND Fid='1' ) LIMIT 1   [ RunTime:0.001000s ]
SQL: SELECT `UserName`,`NickName`,`Headimglink` FROM `tb_user` WHERE ( 1=1 AND Uid='1' ) LIMIT 1   [ RunTime:0.001000s ]
SQL: SELECT `articleType_name` FROM `tb_articletype` WHERE ( 1=1 AND Cid='1' ) LIMIT 1   [ RunTime:0.001000s ]
SQL: SELECT `familyname` FROM `tb_articlefamily` WHERE ( 1=1 AND Fid='1' ) LIMIT 1   [ RunTime:0.000000s ]
SQL: SELECT `UserName`,`NickName`,`Headimglink` FROM `tb_user` WHERE ( 1=1 AND Uid='1' ) LIMIT 1   [ RunTime:0.001000s ]
SQL: SELECT `articleType_name` FROM `tb_articletype` WHERE ( 1=1 AND Cid='5' ) LIMIT 1   [ RunTime:0.001000s ]
SQL: SELECT `familyname` FROM `tb_articlefamily` WHERE ( 1=1 AND Fid='2' ) LIMIT 1   [ RunTime:0.001001s ]
SQL: SELECT `UserName`,`NickName`,`Headimglink` FROM `tb_user` WHERE ( 1=1 AND Uid='1' ) LIMIT 1   [ RunTime:0.001000s ]
SQL: SELECT `articleType_name` FROM `tb_articletype` WHERE ( 1=1 AND Cid='2' ) LIMIT 1   [ RunTime:0.001000s ]
SQL: SELECT `familyname` FROM `tb_articlefamily` WHERE ( 1=1 AND Fid='1' ) LIMIT 1   [ RunTime:0.001000s ]
SQL: SELECT `UserName`,`NickName`,`Headimglink` FROM `tb_user` WHERE ( 1=1 AND Uid='1' ) LIMIT 1   [ RunTime:0.001000s ]
SQL: SELECT `articleType_name` FROM `tb_articletype` WHERE ( 1=1 AND Cid='1' ) LIMIT 1   [ RunTime:0.001000s ]
SQL: SELECT `familyname` FROM `tb_articlefamily` WHERE ( 1=1 AND Fid='1' ) LIMIT 1   [ RunTime:0.001000s ]
SQL: SELECT `UserName`,`NickName`,`Headimglink` FROM `tb_user` WHERE ( 1=1 AND Uid='1' ) LIMIT 1   [ RunTime:0.001000s ]
INFO: [ view_parse ] --START--
INFO: [ template_filter ] --START--
INFO: Run Behavior\ContentReplaceBehavior [ RunTime:0.001000s ]
INFO: [ template_filter ] --END-- [ RunTime:0.001000s ]
NOTIC: [8] Undefined variable: nid D:\phpStudy\WWW\bkweb\Application\Runtime\Cache\Home\8d1faf2ed138450f4e75d825d3928787.php 第 83 行.
SQL: SELECT * FROM `tb_article` WHERE ( `Aid` = 14 ) LIMIT 1   [ RunTime:0.002000s ]
SQL: SELECT `articleType_name` FROM `tb_articletype` WHERE ( 1=1 AND Cid='4' ) LIMIT 1   [ RunTime:0.001000s ]
SQL: SELECT `familyname` FROM `tb_articlefamily` WHERE ( 1=1 AND Fid='2' ) LIMIT 1   [ RunTime:0.001000s ]
SQL: SELECT `UserName`,`NickName`,`Headimglink` FROM `tb_user` WHERE ( 1=1 AND Uid='1' ) LIMIT 1   [ RunTime:0.001000s ]
SQL: SELECT COUNT(*) AS tp_count FROM `tb_article` WHERE ( `Cid` = 1 ) AND ( `Uid` = 1 ) LIMIT 1   [ RunTime:0.001000s ]
SQL: SHOW COLUMNS FROM `tb_articletype` [ RunTime:0.013001s ]
SQL: SELECT * FROM `tb_articletype` WHERE ( `Cid` = 1 ) LIMIT 1   [ RunTime:0.001000s ]
SQL: SELECT * FROM `tb_article` WHERE ( `Aid` = 14 ) LIMIT 1   [ RunTime:0.001000s ]
SQL: SELECT `articleType_name` FROM `tb_articletype` WHERE ( 1=1 AND Cid='4' ) LIMIT 1   [ RunTime:0.001000s ]
SQL: SELECT `familyname` FROM `tb_articlefamily` WHERE ( 1=1 AND Fid='2' ) LIMIT 1   [ RunTime:0.001000s ]
SQL: SELECT `UserName`,`NickName`,`Headimglink` FROM `tb_user` WHERE ( 1=1 AND Uid='1' ) LIMIT 1   [ RunTime:0.001001s ]
SQL: SELECT COUNT(*) AS tp_count FROM `tb_article` WHERE ( `Cid` = 2 ) AND ( `Uid` = 1 ) LIMIT 1   [ RunTime:0.001000s ]
SQL: SELECT * FROM `tb_articletype` WHERE ( `Cid` = 2 ) LIMIT 1   [ RunTime:0.001000s ]
SQL: SELECT * FROM `tb_article` WHERE ( `Aid` = 14 ) LIMIT 1   [ RunTime:0.001000s ]
SQL: SELECT `articleType_name` FROM `tb_articletype` WHERE ( 1=1 AND Cid='4' ) LIMIT 1   [ RunTime:0.001000s ]
SQL: SELECT `familyname` FROM `tb_articlefamily` WHERE ( 1=1 AND Fid='2' ) LIMIT 1   [ RunTime:0.001000s ]
SQL: SELECT `UserName`,`NickName`,`Headimglink` FROM `tb_user` WHERE ( 1=1 AND Uid='1' ) LIMIT 1   [ RunTime:0.001000s ]
SQL: SELECT COUNT(*) AS tp_count FROM `tb_article` WHERE ( `Cid` = 3 ) AND ( `Uid` = 1 ) LIMIT 1   [ RunTime:0.001000s ]
SQL: SELECT * FROM `tb_articletype` WHERE ( `Cid` = 3 ) LIMIT 1   [ RunTime:0.000000s ]
SQL: SELECT * FROM `tb_article` WHERE ( `Aid` = 14 ) LIMIT 1   [ RunTime:0.001000s ]
SQL: SELECT `articleType_name` FROM `tb_articletype` WHERE ( 1=1 AND Cid='4' ) LIMIT 1   [ RunTime:0.001000s ]
SQL: SELECT `familyname` FROM `tb_articlefamily` WHERE ( 1=1 AND Fid='2' ) LIMIT 1   [ RunTime:0.000000s ]
SQL: SELECT `UserName`,`NickName`,`Headimglink` FROM `tb_user` WHERE ( 1=1 AND Uid='1' ) LIMIT 1   [ RunTime:0.001000s ]
SQL: SELECT COUNT(*) AS tp_count FROM `tb_article` WHERE ( `Cid` = 4 ) AND ( `Uid` = 1 ) LIMIT 1   [ RunTime:0.000000s ]
SQL: SELECT * FROM `tb_articletype` WHERE ( `Cid` = 4 ) LIMIT 1   [ RunTime:0.001000s ]
SQL: SELECT * FROM `tb_article` WHERE ( `Aid` = 14 ) LIMIT 1   [ RunTime:0.001000s ]
SQL: SELECT `articleType_name` FROM `tb_articletype` WHERE ( 1=1 AND Cid='4' ) LIMIT 1   [ RunTime:0.000000s ]
SQL: SELECT `familyname` FROM `tb_articlefamily` WHERE ( 1=1 AND Fid='2' ) LIMIT 1   [ RunTime:0.001000s ]
SQL: SELECT `UserName`,`NickName`,`Headimglink` FROM `tb_user` WHERE ( 1=1 AND Uid='1' ) LIMIT 1   [ RunTime:0.000000s ]
SQL: SELECT COUNT(*) AS tp_count FROM `tb_article` WHERE ( `Cid` = 5 ) AND ( `Uid` = 1 ) LIMIT 1   [ RunTime:0.001000s ]
SQL: SELECT * FROM `tb_articletype` WHERE ( `Cid` = 5 ) LIMIT 1   [ RunTime:0.000000s ]
SQL: SELECT * FROM `tb_article` WHERE ( `Aid` = 14 ) LIMIT 1   [ RunTime:0.001000s ]
SQL: SELECT `articleType_name` FROM `tb_articletype` WHERE ( 1=1 AND Cid='4' ) LIMIT 1   [ RunTime:0.001001s ]
SQL: SELECT `familyname` FROM `tb_articlefamily` WHERE ( 1=1 AND Fid='2' ) LIMIT 1   [ RunTime:0.001000s ]
SQL: SELECT `UserName`,`NickName`,`Headimglink` FROM `tb_user` WHERE ( 1=1 AND Uid='1' ) LIMIT 1   [ RunTime:0.000000s ]
SQL: SELECT COUNT(*) AS tp_count FROM `tb_article` WHERE ( `Cid` = 6 ) AND ( `Uid` = 1 ) LIMIT 1   [ RunTime:0.001000s ]
SQL: SELECT * FROM `tb_articletype` WHERE ( `Cid` = 6 ) LIMIT 1   [ RunTime:0.000000s ]
SQL: SELECT * FROM `tb_article` WHERE ( `Aid` = 14 ) LIMIT 1   [ RunTime:0.001000s ]
SQL: SELECT `articleType_name` FROM `tb_articletype` WHERE ( 1=1 AND Cid='4' ) LIMIT 1   [ RunTime:0.001000s ]
SQL: SELECT `familyname` FROM `tb_articlefamily` WHERE ( 1=1 AND Fid='2' ) LIMIT 1   [ RunTime:0.000000s ]
SQL: SELECT `UserName`,`NickName`,`Headimglink` FROM `tb_user` WHERE ( 1=1 AND Uid='1' ) LIMIT 1   [ RunTime:0.000000s ]
SQL: SELECT COUNT(*) AS tp_count FROM `tb_article` WHERE ( `Cid` = 7 ) AND ( `Uid` = 1 ) LIMIT 1   [ RunTime:0.001000s ]
SQL: SELECT * FROM `tb_articletype` WHERE ( `Cid` = 7 ) LIMIT 1   [ RunTime:0.000000s ]
SQL: SELECT * FROM `tb_article` WHERE ( `Aid` = 14 ) LIMIT 1   [ RunTime:0.001000s ]
SQL: SELECT `articleType_name` FROM `tb_articletype` WHERE ( 1=1 AND Cid='4' ) LIMIT 1   [ RunTime:0.001000s ]
SQL: SELECT `familyname` FROM `tb_articlefamily` WHERE ( 1=1 AND Fid='2' ) LIMIT 1   [ RunTime:0.000000s ]
SQL: SELECT `UserName`,`NickName`,`Headimglink` FROM `tb_user` WHERE ( 1=1 AND Uid='1' ) LIMIT 1   [ RunTime:0.001000s ]
SQL: SELECT COUNT(*) AS tp_count FROM `tb_article` WHERE ( `Cid` = 8 ) AND ( `Uid` = 1 ) LIMIT 1   [ RunTime:0.001000s ]
SQL: SELECT * FROM `tb_articletype` WHERE ( `Cid` = 8 ) LIMIT 1   [ RunTime:0.001000s ]
SQL: UPDATE `tb_article` SET `ViewNum`=ViewNum+1 WHERE ( `Aid` = 14 ) [ RunTime:0.001000s ]
INFO: Run Behavior\ParseTemplateBehavior [ RunTime:0.171010s ]
INFO: [ view_parse ] --END-- [ RunTime:0.171010s ]
INFO: [ view_filter ] --START--
INFO: Run Behavior\WriteHtmlCacheBehavior [ RunTime:0.001000s ]
INFO: [ view_filter ] --END-- [ RunTime:0.002000s ]
INFO: [ app_end ] --START--
INFO: Run Behavior\ShowPageTraceBehavior [ RunTime:0.002000s ]
INFO: [ app_end ] --END-- [ RunTime:0.002000s ]

[ 2017-05-10T00:13:12+08:00 ] 127.0.0.1 /bkweb/index.php/home/index/index
INFO: [ app_init ] --START--
INFO: Run Behavior\BuildLiteBehavior [ RunTime:0.000000s ]
INFO: [ app_init ] --END-- [ RunTime:0.002000s ]
INFO: [ app_begin ] --START--
INFO: Run Behavior\ReadHtmlCacheBehavior [ RunTime:0.001000s ]
INFO: [ app_begin ] --END-- [ RunTime:0.003000s ]
SQL: SHOW COLUMNS FROM `tb_images` [ RunTime:0.012000s ]
SQL: SELECT * FROM `tb_images` WHERE ( `tid` = 1 ) LIMIT 1   [ RunTime:0.001001s ]
SQL: SELECT * FROM `tb_images` WHERE ( `tid` = 2 ) LIMIT 1   [ RunTime:0.001000s ]
SQL: SHOW COLUMNS FROM `tb_article` [ RunTime:0.014001s ]
SQL: SELECT COUNT(*) AS tp_count FROM `tb_article` LIMIT 1   [ RunTime:0.001000s ]
SQL: SELECT * FROM `tb_article` ORDER BY SdTime desc LIMIT 0,5   [ RunTime:0.002000s ]
SQL: SHOW COLUMNS FROM `tb_articletype` [ RunTime:0.014001s ]
SQL: SELECT `articleType_name` FROM `tb_articletype` WHERE ( 1=1 AND Cid='1' ) LIMIT 1   [ RunTime:0.001000s ]
SQL: SHOW COLUMNS FROM `tb_articlefamily` [ RunTime:0.012001s ]
SQL: SELECT `familyname` FROM `tb_articlefamily` WHERE ( 1=1 AND Fid='1' ) LIMIT 1   [ RunTime:0.000000s ]
SQL: SHOW COLUMNS FROM `tb_user` [ RunTime:0.016001s ]
SQL: SELECT `UserName`,`NickName`,`Headimglink` FROM `tb_user` WHERE ( 1=1 AND Uid='1' ) LIMIT 1   [ RunTime:0.001000s ]
SQL: SELECT `articleType_name` FROM `tb_articletype` WHERE ( 1=1 AND Cid='1' ) LIMIT 1   [ RunTime:0.001000s ]
SQL: SELECT `familyname` FROM `tb_articlefamily` WHERE ( 1=1 AND Fid='1' ) LIMIT 1   [ RunTime:0.001000s ]
SQL: SELECT `UserName`,`NickName`,`Headimglink` FROM `tb_user` WHERE ( 1=1 AND Uid='1' ) LIMIT 1   [ RunTime:0.001000s ]
SQL: SELECT `articleType_name` FROM `tb_articletype` WHERE ( 1=1 AND Cid='6' ) LIMIT 1   [ RunTime:0.000000s ]
SQL: SELECT `familyname` FROM `tb_articlefamily` WHERE ( 1=1 AND Fid='1' ) LIMIT 1   [ RunTime:0.000000s ]
SQL: SELECT `UserName`,`NickName`,`Headimglink` FROM `tb_user` WHERE ( 1=1 AND Uid='1' ) LIMIT 1   [ RunTime:0.001000s ]
SQL: SELECT `articleType_name` FROM `tb_articletype` WHERE ( 1=1 AND Cid='4' ) LIMIT 1   [ RunTime:0.001000s ]
SQL: SELECT `familyname` FROM `tb_articlefamily` WHERE ( 1=1 AND Fid='2' ) LIMIT 1   [ RunTime:0.001000s ]
SQL: SELECT `UserName`,`NickName`,`Headimglink` FROM `tb_user` WHERE ( 1=1 AND Uid='1' ) LIMIT 1   [ RunTime:0.001000s ]
SQL: SELECT `articleType_name` FROM `tb_articletype` WHERE ( 1=1 AND Cid='5' ) LIMIT 1   [ RunTime:0.001000s ]
SQL: SELECT `familyname` FROM `tb_articlefamily` WHERE ( 1=1 AND Fid='2' ) LIMIT 1   [ RunTime:0.001000s ]
SQL: SELECT `UserName`,`NickName`,`Headimglink` FROM `tb_user` WHERE ( 1=1 AND Uid='1' ) LIMIT 1   [ RunTime:0.001000s ]
SQL: SHOW COLUMNS FROM `tb_advertisement` [ RunTime:0.013000s ]
SQL: SELECT * FROM `tb_advertisement`  [ RunTime:0.000000s ]
INFO: [ view_parse ] --START--
NOTIC: [8] Array to string conversion D:\phpStudy\WWW\bkweb\Application\Home\TagLib\My.class.php 第 13 行.
NOTIC: [8] Undefined property: Home\TagLib\My::$Array D:\phpStudy\WWW\bkweb\Application\Home\TagLib\My.class.php 第 13 行.
INFO: [ template_filter ] --START--
INFO: Run Behavior\ContentReplaceBehavior [ RunTime:0.001000s ]
INFO: [ template_filter ] --END-- [ RunTime:0.001000s ]
SQL: SHOW COLUMNS FROM `tb_articletype` [ RunTime:0.012000s ]
SQL: SELECT * FROM `tb_articletype`  [ RunTime:0.001000s ]
SQL: SHOW COLUMNS FROM `tb_article` [ RunTime:0.015001s ]
SQL: SELECT `Aid`,`Title`,`ViewNum` FROM `tb_article` ORDER BY ViewNum desc LIMIT 8   [ RunTime:0.001000s ]
INFO: Run Behavior\ParseTemplateBehavior [ RunTime:0.095006s ]
INFO: [ view_parse ] --END-- [ RunTime:0.095006s ]
INFO: [ view_filter ] --START--
INFO: Run Behavior\WriteHtmlCacheBehavior [ RunTime:0.001000s ]
INFO: [ view_filter ] --END-- [ RunTime:0.002000s ]
INFO: [ app_end ] --START--
INFO: Run Behavior\ShowPageTraceBehavior [ RunTime:0.002000s ]
INFO: [ app_end ] --END-- [ RunTime:0.004000s ]

[ 2017-05-10T00:13:15+08:00 ] 127.0.0.1 /bkweb/index.php/Home/Index/index/p/4
INFO: [ app_init ] --START--
INFO: Run Behavior\BuildLiteBehavior [ RunTime:0.000000s ]
INFO: [ app_init ] --END-- [ RunTime:0.001000s ]
INFO: [ app_begin ] --START--
INFO: Run Behavior\ReadHtmlCacheBehavior [ RunTime:0.002000s ]
INFO: [ app_begin ] --END-- [ RunTime:0.002000s ]
SQL: SHOW COLUMNS FROM `tb_images` [ RunTime:0.012001s ]
SQL: SELECT * FROM `tb_images` WHERE ( `tid` = 1 ) LIMIT 1   [ RunTime:0.001000s ]
SQL: SELECT * FROM `tb_images` WHERE ( `tid` = 2 ) LIMIT 1   [ RunTime:0.001000s ]
SQL: SHOW COLUMNS FROM `tb_article` [ RunTime:0.014001s ]
SQL: SELECT COUNT(*) AS tp_count FROM `tb_article` LIMIT 1   [ RunTime:0.001000s ]
SQL: SELECT * FROM `tb_article` ORDER BY SdTime desc LIMIT 15,5   [ RunTime:0.001000s ]
SQL: SHOW COLUMNS FROM `tb_articletype` [ RunTime:0.012000s ]
SQL: SELECT `articleType_name` FROM `tb_articletype` WHERE ( 1=1 AND Cid='1' ) LIMIT 1   [ RunTime:0.001000s ]
SQL: SHOW COLUMNS FROM `tb_articlefamily` [ RunTime:0.011000s ]
SQL: SELECT `familyname` FROM `tb_articlefamily` WHERE ( 1=1 AND Fid='1' ) LIMIT 1   [ RunTime:0.001000s ]
SQL: SHOW COLUMNS FROM `tb_user` [ RunTime:0.013000s ]
SQL: SELECT `UserName`,`NickName`,`Headimglink` FROM `tb_user` WHERE ( 1=1 AND Uid='1' ) LIMIT 1   [ RunTime:0.001000s ]
SQL: SELECT `articleType_name` FROM `tb_articletype` WHERE ( 1=1 AND Cid='1' ) LIMIT 1   [ RunTime:0.001000s ]
SQL: SELECT `familyname` FROM `tb_articlefamily` WHERE ( 1=1 AND Fid='1' ) LIMIT 1   [ RunTime:0.001000s ]
SQL: SELECT `UserName`,`NickName`,`Headimglink` FROM `tb_user` WHERE ( 1=1 AND Uid='1' ) LIMIT 1   [ RunTime:0.000000s ]
SQL: SHOW COLUMNS FROM `tb_advertisement` [ RunTime:0.012000s ]
SQL: SELECT * FROM `tb_advertisement`  [ RunTime:0.001001s ]
INFO: [ view_parse ] --START--
NOTIC: [8] Array to string conversion D:\phpStudy\WWW\bkweb\Application\Home\TagLib\My.class.php 第 13 行.
NOTIC: [8] Undefined property: Home\TagLib\My::$Array D:\phpStudy\WWW\bkweb\Application\Home\TagLib\My.class.php 第 13 行.
INFO: [ template_filter ] --START--
INFO: Run Behavior\ContentReplaceBehavior [ RunTime:0.001000s ]
INFO: [ template_filter ] --END-- [ RunTime:0.001000s ]
SQL: SHOW COLUMNS FROM `tb_articletype` [ RunTime:0.014001s ]
SQL: SELECT * FROM `tb_articletype`  [ RunTime:0.001000s ]
SQL: SHOW COLUMNS FROM `tb_article` [ RunTime:0.013001s ]
SQL: SELECT `Aid`,`Title`,`ViewNum` FROM `tb_article` ORDER BY ViewNum desc LIMIT 8   [ RunTime:0.001000s ]
INFO: Run Behavior\ParseTemplateBehavior [ RunTime:0.091005s ]
INFO: [ view_parse ] --END-- [ RunTime:0.091005s ]
INFO: [ view_filter ] --START--
INFO: Run Behavior\WriteHtmlCacheBehavior [ RunTime:0.001000s ]
INFO: [ view_filter ] --END-- [ RunTime:0.001000s ]
INFO: [ app_end ] --START--
INFO: Run Behavior\ShowPageTraceBehavior [ RunTime:0.002000s ]
INFO: [ app_end ] --END-- [ RunTime:0.002000s ]

[ 2017-05-10T00:13:19+08:00 ] 127.0.0.1 /bkweb/index.php/home/1
INFO: [ app_init ] --START--
INFO: Run Behavior\BuildLiteBehavior [ RunTime:0.000000s ]
INFO: [ app_init ] --END-- [ RunTime:0.002000s ]
INFO: [ app_begin ] --START--
INFO: Run Behavior\ReadHtmlCacheBehavior [ RunTime:0.002000s ]
INFO: [ app_begin ] --END-- [ RunTime:0.002000s ]
SQL: SHOW COLUMNS FROM `tb_article` [ RunTime:0.013001s ]
SQL: SELECT * FROM `tb_article` WHERE ( `Aid` = 1 ) LIMIT 1   [ RunTime:0.002000s ]
SQL: SHOW COLUMNS FROM `tb_articletype` [ RunTime:0.012001s ]
SQL: SELECT `articleType_name` FROM `tb_articletype` WHERE ( 1=1 AND Cid='1' ) LIMIT 1   [ RunTime:0.001000s ]
SQL: SHOW COLUMNS FROM `tb_articlefamily` [ RunTime:0.012001s ]
SQL: SELECT `familyname` FROM `tb_articlefamily` WHERE ( 1=1 AND Fid='1' ) LIMIT 1   [ RunTime:0.001000s ]
SQL: SHOW COLUMNS FROM `tb_user` [ RunTime:0.013001s ]
SQL: SELECT `UserName`,`NickName`,`Headimglink` FROM `tb_user` WHERE ( 1=1 AND Uid='1' ) LIMIT 1   [ RunTime:0.001000s ]
NOTIC: [8] Use of undefined constant UserName - assumed 'UserName' D:\phpStudy\WWW\bkweb\Application\Home\Controller\BlogcontentController.class.php 第 14 行.
NOTIC: [8] Undefined index: UserName D:\phpStudy\WWW\bkweb\Application\Home\Controller\BlogcontentController.class.php 第 14 行.
SQL: SHOW COLUMNS FROM `tb_user` [ RunTime:0.014001s ]
SQL: SELECT * FROM `tb_user` WHERE ( `Uid` = 1 ) LIMIT 1   [ RunTime:0.001000s ]
SQL: SELECT COUNT(*) AS tp_count FROM `tb_article` WHERE ( `Uid` = 1 ) LIMIT 1   [ RunTime:0.001000s ]
SQL: SELECT COUNT(*) AS tp_count FROM `tb_article` WHERE ( `Uid` = 1 ) AND ( `Fid` = 1 ) LIMIT 1   [ RunTime:0.001000s ]
SQL: SELECT COUNT(*) AS tp_count FROM `tb_article` WHERE ( `Uid` = 1 ) AND ( `Fid` = 2 ) LIMIT 1   [ RunTime:0.001001s ]
SQL: SELECT * FROM `tb_article` WHERE ( `Cid` = 1 ) ORDER BY rand() LIMIT 3   [ RunTime:0.002000s ]
SQL: SELECT `articleType_name` FROM `tb_articletype` WHERE ( 1=1 AND Cid='1' ) LIMIT 1   [ RunTime:0.001000s ]
SQL: SELECT `familyname` FROM `tb_articlefamily` WHERE ( 1=1 AND Fid='1' ) LIMIT 1   [ RunTime:0.001000s ]
SQL: SELECT `UserName`,`NickName`,`Headimglink` FROM `tb_user` WHERE ( 1=1 AND Uid='1' ) LIMIT 1   [ RunTime:0.000000s ]
SQL: SELECT `articleType_name` FROM `tb_articletype` WHERE ( 1=1 AND Cid='1' ) LIMIT 1   [ RunTime:0.001000s ]
SQL: SELECT `familyname` FROM `tb_articlefamily` WHERE ( 1=1 AND Fid='1' ) LIMIT 1   [ RunTime:0.000000s ]
SQL: SELECT `UserName`,`NickName`,`Headimglink` FROM `tb_user` WHERE ( 1=1 AND Uid='1' ) LIMIT 1   [ RunTime:0.001000s ]
SQL: SELECT `articleType_name` FROM `tb_articletype` WHERE ( 1=1 AND Cid='1' ) LIMIT 1   [ RunTime:0.001000s ]
SQL: SELECT `familyname` FROM `tb_articlefamily` WHERE ( 1=1 AND Fid='1' ) LIMIT 1   [ RunTime:0.001000s ]
SQL: SELECT `UserName`,`NickName`,`Headimglink` FROM `tb_user` WHERE ( 1=1 AND Uid='1' ) LIMIT 1   [ RunTime:0.001001s ]
SQL: SHOW COLUMNS FROM `tb_review` [ RunTime:0.006000s ]
SQL: SELECT * FROM `tb_review` WHERE ( `R_articleid` = 1 )  [ RunTime:0.001000s ]
SQL: SELECT `Title` FROM `tb_article` WHERE ( 1=1 AND Aid='1' ) LIMIT 1   [ RunTime:0.001000s ]
SQL: SELECT `NickName`,`Headimglink` FROM `tb_user` WHERE ( 1=1 AND Uid='2' ) LIMIT 1   [ RunTime:0.001000s ]
SQL: SELECT `Title` FROM `tb_article` WHERE ( 1=1 AND Aid='1' ) LIMIT 1   [ RunTime:0.001000s ]
SQL: SELECT `NickName`,`Headimglink` FROM `tb_user` WHERE ( 1=1 AND Uid='1' ) LIMIT 1   [ RunTime:0.001000s ]
SQL: SELECT `Title` FROM `tb_article` WHERE ( 1=1 AND Aid='1' ) LIMIT 1   [ RunTime:0.001000s ]
SQL: SELECT `NickName`,`Headimglink` FROM `tb_user` WHERE ( 1=1 AND Uid='1' ) LIMIT 1   [ RunTime:0.000000s ]
SQL: SELECT `Title` FROM `tb_article` WHERE ( 1=1 AND Aid='1' ) LIMIT 1   [ RunTime:0.000000s ]
SQL: SELECT `NickName`,`Headimglink` FROM `tb_user` WHERE ( 1=1 AND Uid='1' ) LIMIT 1   [ RunTime:0.000000s ]
SQL: SELECT `Title` FROM `tb_article` WHERE ( 1=1 AND Aid='1' ) LIMIT 1   [ RunTime:0.000000s ]
SQL: SELECT `NickName`,`Headimglink` FROM `tb_user` WHERE ( 1=1 AND Uid='1' ) LIMIT 1   [ RunTime:0.001000s ]
SQL: SELECT `Title` FROM `tb_article` WHERE ( 1=1 AND Aid='1' ) LIMIT 1   [ RunTime:0.000000s ]
SQL: SELECT `NickName`,`Headimglink` FROM `tb_user` WHERE ( 1=1 AND Uid='1' ) LIMIT 1   [ RunTime:0.000000s ]
SQL: SELECT `Title` FROM `tb_article` WHERE ( 1=1 AND Aid='1' ) LIMIT 1   [ RunTime:0.000000s ]
SQL: SELECT `NickName`,`Headimglink` FROM `tb_user` WHERE ( 1=1 AND Uid='1' ) LIMIT 1   [ RunTime:0.000000s ]
SQL: SELECT COUNT(*) AS tp_count FROM `tb_review` WHERE ( `R_articleid` = 1 ) LIMIT 1   [ RunTime:0.000000s ]
SQL: SHOW COLUMNS FROM `tb_article` [ RunTime:0.009000s ]
SQL: SELECT SUM(CommentNum) AS tp_sum FROM `tb_article` WHERE ( `Uid` = 1 ) LIMIT 1   [ RunTime:0.001000s ]
SQL: SELECT * FROM `tb_article` WHERE ( `Uid` = 1 ) ORDER BY ViewNum desc LIMIT 5   [ RunTime:0.001000s ]
SQL: SELECT `articleType_name` FROM `tb_articletype` WHERE ( 1=1 AND Cid='1' ) LIMIT 1   [ RunTime:0.000000s ]
SQL: SELECT `familyname` FROM `tb_articlefamily` WHERE ( 1=1 AND Fid='1' ) LIMIT 1   [ RunTime:0.000000s ]
SQL: SELECT `UserName`,`NickName`,`Headimglink` FROM `tb_user` WHERE ( 1=1 AND Uid='1' ) LIMIT 1   [ RunTime:0.000000s ]
SQL: SELECT `articleType_name` FROM `tb_articletype` WHERE ( 1=1 AND Cid='4' ) LIMIT 1   [ RunTime:0.001000s ]
SQL: SELECT `familyname` FROM `tb_articlefamily` WHERE ( 1=1 AND Fid='2' ) LIMIT 1   [ RunTime:0.000000s ]
SQL: SELECT `UserName`,`NickName`,`Headimglink` FROM `tb_user` WHERE ( 1=1 AND Uid='1' ) LIMIT 1   [ RunTime:0.001000s ]
SQL: SELECT `articleType_name` FROM `tb_articletype` WHERE ( 1=1 AND Cid='6' ) LIMIT 1   [ RunTime:0.000000s ]
SQL: SELECT `familyname` FROM `tb_articlefamily` WHERE ( 1=1 AND Fid='1' ) LIMIT 1   [ RunTime:0.000000s ]
SQL: SELECT `UserName`,`NickName`,`Headimglink` FROM `tb_user` WHERE ( 1=1 AND Uid='1' ) LIMIT 1   [ RunTime:0.000000s ]
SQL: SELECT `articleType_name` FROM `tb_articletype` WHERE ( 1=1 AND Cid='3' ) LIMIT 1   [ RunTime:0.000000s ]
SQL: SELECT `familyname` FROM `tb_articlefamily` WHERE ( 1=1 AND Fid='2' ) LIMIT 1   [ RunTime:0.001000s ]
SQL: SELECT `UserName`,`NickName`,`Headimglink` FROM `tb_user` WHERE ( 1=1 AND Uid='1' ) LIMIT 1   [ RunTime:0.000000s ]
SQL: SELECT `articleType_name` FROM `tb_articletype` WHERE ( 1=1 AND Cid='5' ) LIMIT 1   [ RunTime:0.000000s ]
SQL: SELECT `familyname` FROM `tb_articlefamily` WHERE ( 1=1 AND Fid='2' ) LIMIT 1   [ RunTime:0.000000s ]
SQL: SELECT `UserName`,`NickName`,`Headimglink` FROM `tb_user` WHERE ( 1=1 AND Uid='1' ) LIMIT 1   [ RunTime:0.000000s ]
SQL: SELECT SUM(ViewNum) AS tp_sum FROM `tb_article` WHERE ( `Uid` = 1 ) LIMIT 1   [ RunTime:0.001000s ]
SQL: SELECT * FROM `tb_article` WHERE ( `Uid` = 1 ) ORDER BY CommentNum desc LIMIT 5   [ RunTime:0.000000s ]
SQL: SELECT `articleType_name` FROM `tb_articletype` WHERE ( 1=1 AND Cid='1' ) LIMIT 1   [ RunTime:0.000000s ]
SQL: SELECT `familyname` FROM `tb_articlefamily` WHERE ( 1=1 AND Fid='1' ) LIMIT 1   [ RunTime:0.000000s ]
SQL: SELECT `UserName`,`NickName`,`Headimglink` FROM `tb_user` WHERE ( 1=1 AND Uid='1' ) LIMIT 1   [ RunTime:0.001000s ]
SQL: SELECT `articleType_name` FROM `tb_articletype` WHERE ( 1=1 AND Cid='1' ) LIMIT 1   [ RunTime:0.000000s ]
SQL: SELECT `familyname` FROM `tb_articlefamily` WHERE ( 1=1 AND Fid='1' ) LIMIT 1   [ RunTime:0.000000s ]
SQL: SELECT `UserName`,`NickName`,`Headimglink` FROM `tb_user` WHERE ( 1=1 AND Uid='1' ) LIMIT 1   [ RunTime:0.001000s ]
SQL: SELECT `articleType_name` FROM `tb_articletype` WHERE ( 1=1 AND Cid='5' ) LIMIT 1   [ RunTime:0.001000s ]
SQL: SELECT `familyname` FROM `tb_articlefamily` WHERE ( 1=1 AND Fid='2' ) LIMIT 1   [ RunTime:0.001000s ]
SQL: SELECT `UserName`,`NickName`,`Headimglink` FROM `tb_user` WHERE ( 1=1 AND Uid='1' ) LIMIT 1   [ RunTime:0.001000s ]
SQL: SELECT `articleType_name` FROM `tb_articletype` WHERE ( 1=1 AND Cid='2' ) LIMIT 1   [ RunTime:0.001000s ]
SQL: SELECT `familyname` FROM `tb_articlefamily` WHERE ( 1=1 AND Fid='1' ) LIMIT 1   [ RunTime:0.001000s ]
SQL: SELECT `UserName`,`NickName`,`Headimglink` FROM `tb_user` WHERE ( 1=1 AND Uid='1' ) LIMIT 1   [ RunTime:0.001000s ]
SQL: SELECT `articleType_name` FROM `tb_articletype` WHERE ( 1=1 AND Cid='1' ) LIMIT 1   [ RunTime:0.000000s ]
SQL: SELECT `familyname` FROM `tb_articlefamily` WHERE ( 1=1 AND Fid='1' ) LIMIT 1   [ RunTime:0.001001s ]
SQL: SELECT `UserName`,`NickName`,`Headimglink` FROM `tb_user` WHERE ( 1=1 AND Uid='1' ) LIMIT 1   [ RunTime:0.000000s ]
INFO: [ view_parse ] --START--
INFO: [ template_filter ] --START--
INFO: Run Behavior\ContentReplaceBehavior [ RunTime:0.001000s ]
INFO: [ template_filter ] --END-- [ RunTime:0.001000s ]
NOTIC: [8] Undefined variable: nid D:\phpStudy\WWW\bkweb\Application\Runtime\Cache\Home\8d1faf2ed138450f4e75d825d3928787.php 第 83 行.
SQL: SELECT * FROM `tb_article` WHERE ( `Aid` = 1 ) LIMIT 1   [ RunTime:0.001000s ]
SQL: SELECT `articleType_name` FROM `tb_articletype` WHERE ( 1=1 AND Cid='1' ) LIMIT 1   [ RunTime:0.001000s ]
SQL: SELECT `familyname` FROM `tb_articlefamily` WHERE ( 1=1 AND Fid='1' ) LIMIT 1   [ RunTime:0.000000s ]
SQL: SELECT `UserName`,`NickName`,`Headimglink` FROM `tb_user` WHERE ( 1=1 AND Uid='1' ) LIMIT 1   [ RunTime:0.001000s ]
SQL: SELECT COUNT(*) AS tp_count FROM `tb_article` WHERE ( `Cid` = 1 ) AND ( `Uid` = 1 ) LIMIT 1   [ RunTime:0.000000s ]
SQL: SHOW COLUMNS FROM `tb_articletype` [ RunTime:0.012000s ]
SQL: SELECT * FROM `tb_articletype` WHERE ( `Cid` = 1 ) LIMIT 1   [ RunTime:0.001000s ]
SQL: SELECT * FROM `tb_article` WHERE ( `Aid` = 1 ) LIMIT 1   [ RunTime:0.001001s ]
SQL: SELECT `articleType_name` FROM `tb_articletype` WHERE ( 1=1 AND Cid='1' ) LIMIT 1   [ RunTime:0.000000s ]
SQL: SELECT `familyname` FROM `tb_articlefamily` WHERE ( 1=1 AND Fid='1' ) LIMIT 1   [ RunTime:0.001000s ]
SQL: SELECT `UserName`,`NickName`,`Headimglink` FROM `tb_user` WHERE ( 1=1 AND Uid='1' ) LIMIT 1   [ RunTime:0.001000s ]
SQL: SELECT COUNT(*) AS tp_count FROM `tb_article` WHERE ( `Cid` = 2 ) AND ( `Uid` = 1 ) LIMIT 1   [ RunTime:0.001000s ]
SQL: SELECT * FROM `tb_articletype` WHERE ( `Cid` = 2 ) LIMIT 1   [ RunTime:0.001000s ]
SQL: SELECT * FROM `tb_article` WHERE ( `Aid` = 1 ) LIMIT 1   [ RunTime:0.001000s ]
SQL: SELECT `articleType_name` FROM `tb_articletype` WHERE ( 1=1 AND Cid='1' ) LIMIT 1   [ RunTime:0.001000s ]
SQL: SELECT `familyname` FROM `tb_articlefamily` WHERE ( 1=1 AND Fid='1' ) LIMIT 1   [ RunTime:0.001000s ]
SQL: SELECT `UserName`,`NickName`,`Headimglink` FROM `tb_user` WHERE ( 1=1 AND Uid='1' ) LIMIT 1   [ RunTime:0.001000s ]
SQL: SELECT COUNT(*) AS tp_count FROM `tb_article` WHERE ( `Cid` = 3 ) AND ( `Uid` = 1 ) LIMIT 1   [ RunTime:0.001000s ]
SQL: SELECT * FROM `tb_articletype` WHERE ( `Cid` = 3 ) LIMIT 1   [ RunTime:0.001000s ]
SQL: SELECT * FROM `tb_article` WHERE ( `Aid` = 1 ) LIMIT 1   [ RunTime:0.001000s ]
SQL: SELECT `articleType_name` FROM `tb_articletype` WHERE ( 1=1 AND Cid='1' ) LIMIT 1   [ RunTime:0.000000s ]
SQL: SELECT `familyname` FROM `tb_articlefamily` WHERE ( 1=1 AND Fid='1' ) LIMIT 1   [ RunTime:0.001000s ]
SQL: SELECT `UserName`,`NickName`,`Headimglink` FROM `tb_user` WHERE ( 1=1 AND Uid='1' ) LIMIT 1   [ RunTime:0.001000s ]
SQL: SELECT COUNT(*) AS tp_count FROM `tb_article` WHERE ( `Cid` = 4 ) AND ( `Uid` = 1 ) LIMIT 1   [ RunTime:0.000000s ]
SQL: SELECT * FROM `tb_articletype` WHERE ( `Cid` = 4 ) LIMIT 1   [ RunTime:0.000000s ]
SQL: SELECT * FROM `tb_article` WHERE ( `Aid` = 1 ) LIMIT 1   [ RunTime:0.000000s ]
SQL: SELECT `articleType_name` FROM `tb_articletype` WHERE ( 1=1 AND Cid='1' ) LIMIT 1   [ RunTime:0.001001s ]
SQL: SELECT `familyname` FROM `tb_articlefamily` WHERE ( 1=1 AND Fid='1' ) LIMIT 1   [ RunTime:0.001000s ]
SQL: SELECT `UserName`,`NickName`,`Headimglink` FROM `tb_user` WHERE ( 1=1 AND Uid='1' ) LIMIT 1   [ RunTime:0.001000s ]
SQL: SELECT COUNT(*) AS tp_count FROM `tb_article` WHERE ( `Cid` = 5 ) AND ( `Uid` = 1 ) LIMIT 1   [ RunTime:0.001000s ]
SQL: SELECT * FROM `tb_articletype` WHERE ( `Cid` = 5 ) LIMIT 1   [ RunTime:0.001000s ]
SQL: SELECT * FROM `tb_article` WHERE ( `Aid` = 1 ) LIMIT 1   [ RunTime:0.001000s ]
SQL: SELECT `articleType_name` FROM `tb_articletype` WHERE ( 1=1 AND Cid='1' ) LIMIT 1   [ RunTime:0.001000s ]
SQL: SELECT `familyname` FROM `tb_articlefamily` WHERE ( 1=1 AND Fid='1' ) LIMIT 1   [ RunTime:0.001000s ]
SQL: SELECT `UserName`,`NickName`,`Headimglink` FROM `tb_user` WHERE ( 1=1 AND Uid='1' ) LIMIT 1   [ RunTime:0.001000s ]
SQL: SELECT COUNT(*) AS tp_count FROM `tb_article` WHERE ( `Cid` = 6 ) AND ( `Uid` = 1 ) LIMIT 1   [ RunTime:0.001000s ]
SQL: SELECT * FROM `tb_articletype` WHERE ( `Cid` = 6 ) LIMIT 1   [ RunTime:0.001000s ]
SQL: SELECT * FROM `tb_article` WHERE ( `Aid` = 1 ) LIMIT 1   [ RunTime:0.001001s ]
SQL: SELECT `articleType_name` FROM `tb_articletype` WHERE ( 1=1 AND Cid='1' ) LIMIT 1   [ RunTime:0.001000s ]
SQL: SELECT `familyname` FROM `tb_articlefamily` WHERE ( 1=1 AND Fid='1' ) LIMIT 1   [ RunTime:0.001000s ]
SQL: SELECT `UserName`,`NickName`,`Headimglink` FROM `tb_user` WHERE ( 1=1 AND Uid='1' ) LIMIT 1   [ RunTime:0.001000s ]
SQL: SELECT COUNT(*) AS tp_count FROM `tb_article` WHERE ( `Cid` = 7 ) AND ( `Uid` = 1 ) LIMIT 1   [ RunTime:0.000000s ]
SQL: SELECT * FROM `tb_articletype` WHERE ( `Cid` = 7 ) LIMIT 1   [ RunTime:0.000000s ]
SQL: SELECT * FROM `tb_article` WHERE ( `Aid` = 1 ) LIMIT 1   [ RunTime:0.001000s ]
SQL: SELECT `articleType_name` FROM `tb_articletype` WHERE ( 1=1 AND Cid='1' ) LIMIT 1   [ RunTime:0.001000s ]
SQL: SELECT `familyname` FROM `tb_articlefamily` WHERE ( 1=1 AND Fid='1' ) LIMIT 1   [ RunTime:0.000000s ]
SQL: SELECT `UserName`,`NickName`,`Headimglink` FROM `tb_user` WHERE ( 1=1 AND Uid='1' ) LIMIT 1   [ RunTime:0.001000s ]
SQL: SELECT COUNT(*) AS tp_count FROM `tb_article` WHERE ( `Cid` = 8 ) AND ( `Uid` = 1 ) LIMIT 1   [ RunTime:0.001000s ]
SQL: SELECT * FROM `tb_articletype` WHERE ( `Cid` = 8 ) LIMIT 1   [ RunTime:0.001000s ]
SQL: UPDATE `tb_article` SET `ViewNum`=ViewNum+1 WHERE ( `Aid` = 1 ) [ RunTime:0.001000s ]
NOTIC: [8] Use of undefined constant R_pid - assumed 'R_pid' D:\phpStudy\WWW\bkweb\Application\Runtime\Cache\Home\8d1faf2ed138450f4e75d825d3928787.php 第 191 行.
NOTIC: [8] Use of undefined constant R_pid - assumed 'R_pid' D:\phpStudy\WWW\bkweb\Application\Runtime\Cache\Home\8d1faf2ed138450f4e75d825d3928787.php 第 196 行.
NOTIC: [8] Use of undefined constant R_pid - assumed 'R_pid' D:\phpStudy\WWW\bkweb\Application\Runtime\Cache\Home\8d1faf2ed138450f4e75d825d3928787.php 第 191 行.
NOTIC: [8] Use of undefined constant R_pid - assumed 'R_pid' D:\phpStudy\WWW\bkweb\Application\Runtime\Cache\Home\8d1faf2ed138450f4e75d825d3928787.php 第 196 行.
NOTIC: [8] Use of undefined constant R_pid - assumed 'R_pid' D:\phpStudy\WWW\bkweb\Application\Runtime\Cache\Home\8d1faf2ed138450f4e75d825d3928787.php 第 191 行.
NOTIC: [8] Use of undefined constant R_pid - assumed 'R_pid' D:\phpStudy\WWW\bkweb\Application\Runtime\Cache\Home\8d1faf2ed138450f4e75d825d3928787.php 第 196 行.
NOTIC: [8] Use of undefined constant R_pid - assumed 'R_pid' D:\phpStudy\WWW\bkweb\Application\Runtime\Cache\Home\8d1faf2ed138450f4e75d825d3928787.php 第 191 行.
NOTIC: [8] Use of undefined constant R_pid - assumed 'R_pid' D:\phpStudy\WWW\bkweb\Application\Runtime\Cache\Home\8d1faf2ed138450f4e75d825d3928787.php 第 196 行.
NOTIC: [8] Use of undefined constant R_pid - assumed 'R_pid' D:\phpStudy\WWW\bkweb\Application\Runtime\Cache\Home\8d1faf2ed138450f4e75d825d3928787.php 第 191 行.
NOTIC: [8] Use of undefined constant R_pid - assumed 'R_pid' D:\phpStudy\WWW\bkweb\Application\Runtime\Cache\Home\8d1faf2ed138450f4e75d825d3928787.php 第 196 行.
NOTIC: [8] Use of undefined constant R_pid - assumed 'R_pid' D:\phpStudy\WWW\bkweb\Application\Runtime\Cache\Home\8d1faf2ed138450f4e75d825d3928787.php 第 191 行.
NOTIC: [8] Use of undefined constant R_pid - assumed 'R_pid' D:\phpStudy\WWW\bkweb\Application\Runtime\Cache\Home\8d1faf2ed138450f4e75d825d3928787.php 第 196 行.
NOTIC: [8] Use of undefined constant R_pid - assumed 'R_pid' D:\phpStudy\WWW\bkweb\Application\Runtime\Cache\Home\8d1faf2ed138450f4e75d825d3928787.php 第 191 行.
NOTIC: [8] Use of undefined constant R_pid - assumed 'R_pid' D:\phpStudy\WWW\bkweb\Application\Runtime\Cache\Home\8d1faf2ed138450f4e75d825d3928787.php 第 196 行.
INFO: Run Behavior\ParseTemplateBehavior [ RunTime:0.181010s ]
INFO: [ view_parse ] --END-- [ RunTime:0.181010s ]
INFO: [ view_filter ] --START--
INFO: Run Behavior\WriteHtmlCacheBehavior [ RunTime:0.001000s ]
INFO: [ view_filter ] --END-- [ RunTime:0.001000s ]
INFO: [ app_end ] --START--
INFO: Run Behavior\ShowPageTraceBehavior [ RunTime:0.003000s ]
INFO: [ app_end ] --END-- [ RunTime:0.003000s ]

[ 2017-05-10T00:21:40+08:00 ] 127.0.0.1 /bkweb/index.php/home/login/login
INFO: [ app_init ] --START--
INFO: Run Behavior\BuildLiteBehavior [ RunTime:0.000000s ]
INFO: [ app_init ] --END-- [ RunTime:0.002000s ]
INFO: [ app_begin ] --START--
INFO: Run Behavior\ReadHtmlCacheBehavior [ RunTime:0.003000s ]
INFO: [ app_begin ] --END-- [ RunTime:0.003000s ]
SQL: SHOW COLUMNS FROM `tb_user` [ RunTime:0.016001s ]
SQL: SELECT * FROM `tb_user` WHERE ( `UserName` = 'admin' ) LIMIT 1   [ RunTime:0.001000s ]
SQL: UPDATE `tb_user` SET `LastLoginTime`='2017-05-10 00:21:40',`Lastip`='127.0.0.1' WHERE ( `Uid` = 1 ) [ RunTime:0.002000s ]
NOTIC: [8] A non well formed numeric value encountered D:\phpStudy\WWW\bkweb\Application\Home\Controller\LoginController.class.php 第 30 行.
INFO: [ view_parse ] --START--
INFO: [ template_filter ] --START--
INFO: Run Behavior\ContentReplaceBehavior [ RunTime:0.000000s ]
INFO: [ template_filter ] --END-- [ RunTime:0.000000s ]
INFO: Run Behavior\ParseTemplateBehavior [ RunTime:0.028002s ]
INFO: [ view_parse ] --END-- [ RunTime:0.028002s ]
INFO: [ view_filter ] --START--
INFO: Run Behavior\WriteHtmlCacheBehavior [ RunTime:0.002000s ]
INFO: [ view_filter ] --END-- [ RunTime:0.002000s ]
INFO: [ app_end ] --START--
INFO: Run Behavior\ShowPageTraceBehavior [ RunTime:0.002000s ]
INFO: [ app_end ] --END-- [ RunTime:0.002000s ]

[ 2017-05-10T00:21:42+08:00 ] 127.0.0.1 /bkweb/index.php/home/1
INFO: [ app_init ] --START--
INFO: Run Behavior\BuildLiteBehavior [ RunTime:0.000000s ]
INFO: [ app_init ] --END-- [ RunTime:0.001000s ]
INFO: [ app_begin ] --START--
INFO: Run Behavior\ReadHtmlCacheBehavior [ RunTime:0.003000s ]
INFO: [ app_begin ] --END-- [ RunTime:0.003000s ]
SQL: SHOW COLUMNS FROM `tb_article` [ RunTime:0.013000s ]
SQL: SELECT * FROM `tb_article` WHERE ( `Aid` = 1 ) LIMIT 1   [ RunTime:0.002001s ]
SQL: SHOW COLUMNS FROM `tb_articletype` [ RunTime:0.012000s ]
SQL: SELECT `articleType_name` FROM `tb_articletype` WHERE ( 1=1 AND Cid='1' ) LIMIT 1   [ RunTime:0.002001s ]
SQL: SHOW COLUMNS FROM `tb_articlefamily` [ RunTime:0.012000s ]
SQL: SELECT `familyname` FROM `tb_articlefamily` WHERE ( 1=1 AND Fid='1' ) LIMIT 1   [ RunTime:0.001000s ]
SQL: SHOW COLUMNS FROM `tb_user` [ RunTime:0.013000s ]
SQL: SELECT `UserName`,`NickName`,`Headimglink` FROM `tb_user` WHERE ( 1=1 AND Uid='1' ) LIMIT 1   [ RunTime:0.001000s ]
NOTIC: [8] Use of undefined constant UserName - assumed 'UserName' D:\phpStudy\WWW\bkweb\Application\Home\Controller\BlogcontentController.class.php 第 14 行.
SQL: SHOW COLUMNS FROM `tb_user` [ RunTime:0.013001s ]
SQL: SELECT * FROM `tb_user` WHERE ( `Uid` = 1 ) LIMIT 1   [ RunTime:0.001000s ]
SQL: SELECT * FROM `tb_user` WHERE ( `UserName` = 'admin' ) LIMIT 1   [ RunTime:0.001000s ]
SQL: SHOW COLUMNS FROM `tb_favoriteblog` [ RunTime:0.117007s ]
SQL: SELECT * FROM `tb_favoriteblog` WHERE ( `Uid` = 1 ) AND ( `Aid` = 1 ) LIMIT 1   [ RunTime:0.001000s ]
SQL: SELECT COUNT(*) AS tp_count FROM `tb_article` WHERE ( `Uid` = 1 ) LIMIT 1   [ RunTime:0.001000s ]
SQL: SELECT COUNT(*) AS tp_count FROM `tb_article` WHERE ( `Uid` = 1 ) AND ( `Fid` = 1 ) LIMIT 1   [ RunTime:0.001001s ]
SQL: SELECT COUNT(*) AS tp_count FROM `tb_article` WHERE ( `Uid` = 1 ) AND ( `Fid` = 2 ) LIMIT 1   [ RunTime:0.001000s ]
SQL: SELECT * FROM `tb_article` WHERE ( `Cid` = 1 ) ORDER BY rand() LIMIT 3   [ RunTime:0.003000s ]
SQL: SELECT `articleType_name` FROM `tb_articletype` WHERE ( 1=1 AND Cid='1' ) LIMIT 1   [ RunTime:0.001000s ]
SQL: SELECT `familyname` FROM `tb_articlefamily` WHERE ( 1=1 AND Fid='1' ) LIMIT 1   [ RunTime:0.001000s ]
SQL: SELECT `UserName`,`NickName`,`Headimglink` FROM `tb_user` WHERE ( 1=1 AND Uid='1' ) LIMIT 1   [ RunTime:0.001000s ]
SQL: SELECT `articleType_name` FROM `tb_articletype` WHERE ( 1=1 AND Cid='1' ) LIMIT 1   [ RunTime:0.001000s ]
SQL: SELECT `familyname` FROM `tb_articlefamily` WHERE ( 1=1 AND Fid='1' ) LIMIT 1   [ RunTime:0.000000s ]
SQL: SELECT `UserName`,`NickName`,`Headimglink` FROM `tb_user` WHERE ( 1=1 AND Uid='1' ) LIMIT 1   [ RunTime:0.000000s ]
SQL: SELECT `articleType_name` FROM `tb_articletype` WHERE ( 1=1 AND Cid='1' ) LIMIT 1   [ RunTime:0.001001s ]
SQL: SELECT `familyname` FROM `tb_articlefamily` WHERE ( 1=1 AND Fid='1' ) LIMIT 1   [ RunTime:0.001000s ]
SQL: SELECT `UserName`,`NickName`,`Headimglink` FROM `tb_user` WHERE ( 1=1 AND Uid='5' ) LIMIT 1   [ RunTime:0.000000s ]
SQL: SHOW COLUMNS FROM `tb_review` [ RunTime:0.013001s ]
SQL: SELECT * FROM `tb_review` WHERE ( `R_articleid` = 1 )  [ RunTime:0.001000s ]
SQL: SELECT `Title` FROM `tb_article` WHERE ( 1=1 AND Aid='1' ) LIMIT 1   [ RunTime:0.001000s ]
SQL: SELECT `NickName`,`Headimglink` FROM `tb_user` WHERE ( 1=1 AND Uid='2' ) LIMIT 1   [ RunTime:0.001000s ]
SQL: SELECT `Title` FROM `tb_article` WHERE ( 1=1 AND Aid='1' ) LIMIT 1   [ RunTime:0.001000s ]
SQL: SELECT `NickName`,`Headimglink` FROM `tb_user` WHERE ( 1=1 AND Uid='1' ) LIMIT 1   [ RunTime:0.000000s ]
SQL: SELECT `Title` FROM `tb_article` WHERE ( 1=1 AND Aid='1' ) LIMIT 1   [ RunTime:0.001000s ]
SQL: SELECT `NickName`,`Headimglink` FROM `tb_user` WHERE ( 1=1 AND Uid='1' ) LIMIT 1   [ RunTime:0.001000s ]
SQL: SELECT `Title` FROM `tb_article` WHERE ( 1=1 AND Aid='1' ) LIMIT 1   [ RunTime:0.001000s ]
SQL: SELECT `NickName`,`Headimglink` FROM `tb_user` WHERE ( 1=1 AND Uid='1' ) LIMIT 1   [ RunTime:0.001000s ]
SQL: SELECT `Title` FROM `tb_article` WHERE ( 1=1 AND Aid='1' ) LIMIT 1   [ RunTime:0.000000s ]
SQL: SELECT `NickName`,`Headimglink` FROM `tb_user` WHERE ( 1=1 AND Uid='1' ) LIMIT 1   [ RunTime:0.000000s ]
SQL: SELECT `Title` FROM `tb_article` WHERE ( 1=1 AND Aid='1' ) LIMIT 1   [ RunTime:0.001000s ]
SQL: SELECT `NickName`,`Headimglink` FROM `tb_user` WHERE ( 1=1 AND Uid='1' ) LIMIT 1   [ RunTime:0.000000s ]
SQL: SELECT `Title` FROM `tb_article` WHERE ( 1=1 AND Aid='1' ) LIMIT 1   [ RunTime:0.000000s ]
SQL: SELECT `NickName`,`Headimglink` FROM `tb_user` WHERE ( 1=1 AND Uid='1' ) LIMIT 1   [ RunTime:0.000000s ]
SQL: SELECT COUNT(*) AS tp_count FROM `tb_review` WHERE ( `R_articleid` = 1 ) LIMIT 1   [ RunTime:0.001000s ]
SQL: SHOW COLUMNS FROM `tb_article` [ RunTime:0.014001s ]
SQL: SELECT SUM(CommentNum) AS tp_sum FROM `tb_article` WHERE ( `Uid` = 1 ) LIMIT 1   [ RunTime:0.001000s ]
SQL: SELECT * FROM `tb_article` WHERE ( `Uid` = 1 ) ORDER BY ViewNum desc LIMIT 5   [ RunTime:0.001000s ]
SQL: SELECT `articleType_name` FROM `tb_articletype` WHERE ( 1=1 AND Cid='1' ) LIMIT 1   [ RunTime:0.001000s ]
SQL: SELECT `familyname` FROM `tb_articlefamily` WHERE ( 1=1 AND Fid='1' ) LIMIT 1   [ RunTime:0.000000s ]
SQL: SELECT `UserName`,`NickName`,`Headimglink` FROM `tb_user` WHERE ( 1=1 AND Uid='1' ) LIMIT 1   [ RunTime:0.001000s ]
SQL: SELECT `articleType_name` FROM `tb_articletype` WHERE ( 1=1 AND Cid='4' ) LIMIT 1   [ RunTime:0.001001s ]
SQL: SELECT `familyname` FROM `tb_articlefamily` WHERE ( 1=1 AND Fid='2' ) LIMIT 1   [ RunTime:0.001000s ]
SQL: SELECT `UserName`,`NickName`,`Headimglink` FROM `tb_user` WHERE ( 1=1 AND Uid='1' ) LIMIT 1   [ RunTime:0.000000s ]
SQL: SELECT `articleType_name` FROM `tb_articletype` WHERE ( 1=1 AND Cid='6' ) LIMIT 1   [ RunTime:0.001000s ]
SQL: SELECT `familyname` FROM `tb_articlefamily` WHERE ( 1=1 AND Fid='1' ) LIMIT 1   [ RunTime:0.001000s ]
SQL: SELECT `UserName`,`NickName`,`Headimglink` FROM `tb_user` WHERE ( 1=1 AND Uid='1' ) LIMIT 1   [ RunTime:0.000000s ]
SQL: SELECT `articleType_name` FROM `tb_articletype` WHERE ( 1=1 AND Cid='3' ) LIMIT 1   [ RunTime:0.001000s ]
SQL: SELECT `familyname` FROM `tb_articlefamily` WHERE ( 1=1 AND Fid='2' ) LIMIT 1   [ RunTime:0.001000s ]
SQL: SELECT `UserName`,`NickName`,`Headimglink` FROM `tb_user` WHERE ( 1=1 AND Uid='1' ) LIMIT 1   [ RunTime:0.001000s ]
SQL: SELECT `articleType_name` FROM `tb_articletype` WHERE ( 1=1 AND Cid='5' ) LIMIT 1   [ RunTime:0.000000s ]
SQL: SELECT `familyname` FROM `tb_articlefamily` WHERE ( 1=1 AND Fid='2' ) LIMIT 1   [ RunTime:0.001000s ]
SQL: SELECT `UserName`,`NickName`,`Headimglink` FROM `tb_user` WHERE ( 1=1 AND Uid='1' ) LIMIT 1   [ RunTime:0.000000s ]
SQL: SELECT SUM(ViewNum) AS tp_sum FROM `tb_article` WHERE ( `Uid` = 1 ) LIMIT 1   [ RunTime:0.001001s ]
SQL: SELECT * FROM `tb_article` WHERE ( `Uid` = 1 ) ORDER BY CommentNum desc LIMIT 5   [ RunTime:0.001000s ]
SQL: SELECT `articleType_name` FROM `tb_articletype` WHERE ( 1=1 AND Cid='1' ) LIMIT 1   [ RunTime:0.001000s ]
SQL: SELECT `familyname` FROM `tb_articlefamily` WHERE ( 1=1 AND Fid='1' ) LIMIT 1   [ RunTime:0.001000s ]
SQL: SELECT `UserName`,`NickName`,`Headimglink` FROM `tb_user` WHERE ( 1=1 AND Uid='1' ) LIMIT 1   [ RunTime:0.001000s ]
SQL: SELECT `articleType_name` FROM `tb_articletype` WHERE ( 1=1 AND Cid='1' ) LIMIT 1   [ RunTime:0.001000s ]
SQL: SELECT `familyname` FROM `tb_articlefamily` WHERE ( 1=1 AND Fid='1' ) LIMIT 1   [ RunTime:0.000000s ]
SQL: SELECT `UserName`,`NickName`,`Headimglink` FROM `tb_user` WHERE ( 1=1 AND Uid='1' ) LIMIT 1   [ RunTime:0.001000s ]
SQL: SELECT `articleType_name` FROM `tb_articletype` WHERE ( 1=1 AND Cid='5' ) LIMIT 1   [ RunTime:0.001000s ]
SQL: SELECT `familyname` FROM `tb_articlefamily` WHERE ( 1=1 AND Fid='2' ) LIMIT 1   [ RunTime:0.001000s ]
SQL: SELECT `UserName`,`NickName`,`Headimglink` FROM `tb_user` WHERE ( 1=1 AND Uid='1' ) LIMIT 1   [ RunTime:0.001001s ]
SQL: SELECT `articleType_name` FROM `tb_articletype` WHERE ( 1=1 AND Cid='2' ) LIMIT 1   [ RunTime:0.001000s ]
SQL: SELECT `familyname` FROM `tb_articlefamily` WHERE ( 1=1 AND Fid='1' ) LIMIT 1   [ RunTime:0.001000s ]
SQL: SELECT `UserName`,`NickName`,`Headimglink` FROM `tb_user` WHERE ( 1=1 AND Uid='1' ) LIMIT 1   [ RunTime:0.001000s ]
SQL: SELECT `articleType_name` FROM `tb_articletype` WHERE ( 1=1 AND Cid='1' ) LIMIT 1   [ RunTime:0.000000s ]
SQL: SELECT `familyname` FROM `tb_articlefamily` WHERE ( 1=1 AND Fid='1' ) LIMIT 1   [ RunTime:0.001000s ]
SQL: SELECT `UserName`,`NickName`,`Headimglink` FROM `tb_user` WHERE ( 1=1 AND Uid='1' ) LIMIT 1   [ RunTime:0.001000s ]
INFO: [ view_parse ] --START--
INFO: [ template_filter ] --START--
INFO: Run Behavior\ContentReplaceBehavior [ RunTime:0.000000s ]
INFO: [ template_filter ] --END-- [ RunTime:0.001000s ]
SQL: SELECT * FROM `tb_article` WHERE ( `Aid` = 1 ) LIMIT 1   [ RunTime:0.001000s ]
SQL: SELECT `articleType_name` FROM `tb_articletype` WHERE ( 1=1 AND Cid='1' ) LIMIT 1   [ RunTime:0.001000s ]
SQL: SELECT `familyname` FROM `tb_articlefamily` WHERE ( 1=1 AND Fid='1' ) LIMIT 1   [ RunTime:0.001000s ]
SQL: SELECT `UserName`,`NickName`,`Headimglink` FROM `tb_user` WHERE ( 1=1 AND Uid='1' ) LIMIT 1   [ RunTime:0.000000s ]
SQL: SELECT COUNT(*) AS tp_count FROM `tb_article` WHERE ( `Cid` = 1 ) AND ( `Uid` = 1 ) LIMIT 1   [ RunTime:0.001000s ]
SQL: SHOW COLUMNS FROM `tb_articletype` [ RunTime:0.013001s ]
SQL: SELECT * FROM `tb_articletype` WHERE ( `Cid` = 1 ) LIMIT 1   [ RunTime:0.000000s ]
SQL: SELECT * FROM `tb_article` WHERE ( `Aid` = 1 ) LIMIT 1   [ RunTime:0.001000s ]
SQL: SELECT `articleType_name` FROM `tb_articletype` WHERE ( 1=1 AND Cid='1' ) LIMIT 1   [ RunTime:0.001000s ]
SQL: SELECT `familyname` FROM `tb_articlefamily` WHERE ( 1=1 AND Fid='1' ) LIMIT 1   [ RunTime:0.001000s ]
SQL: SELECT `UserName`,`NickName`,`Headimglink` FROM `tb_user` WHERE ( 1=1 AND Uid='1' ) LIMIT 1   [ RunTime:0.001000s ]
SQL: SELECT COUNT(*) AS tp_count FROM `tb_article` WHERE ( `Cid` = 2 ) AND ( `Uid` = 1 ) LIMIT 1   [ RunTime:0.001001s ]
SQL: SELECT * FROM `tb_articletype` WHERE ( `Cid` = 2 ) LIMIT 1   [ RunTime:0.001000s ]
SQL: SELECT * FROM `tb_article` WHERE ( `Aid` = 1 ) LIMIT 1   [ RunTime:0.000000s ]
SQL: SELECT `articleType_name` FROM `tb_articletype` WHERE ( 1=1 AND Cid='1' ) LIMIT 1   [ RunTime:0.001000s ]
SQL: SELECT `familyname` FROM `tb_articlefamily` WHERE ( 1=1 AND Fid='1' ) LIMIT 1   [ RunTime:0.000000s ]
SQL: SELECT `UserName`,`NickName`,`Headimglink` FROM `tb_user` WHERE ( 1=1 AND Uid='1' ) LIMIT 1   [ RunTime:0.001000s ]
SQL: SELECT COUNT(*) AS tp_count FROM `tb_article` WHERE ( `Cid` = 3 ) AND ( `Uid` = 1 ) LIMIT 1   [ RunTime:0.001000s ]
SQL: SELECT * FROM `tb_articletype` WHERE ( `Cid` = 3 ) LIMIT 1   [ RunTime:0.001000s ]
SQL: SELECT * FROM `tb_article` WHERE ( `Aid` = 1 ) LIMIT 1   [ RunTime:0.001000s ]
SQL: SELECT `articleType_name` FROM `tb_articletype` WHERE ( 1=1 AND Cid='1' ) LIMIT 1   [ RunTime:0.001000s ]
SQL: SELECT `familyname` FROM `tb_articlefamily` WHERE ( 1=1 AND Fid='1' ) LIMIT 1   [ RunTime:0.001000s ]
SQL: SELECT `UserName`,`NickName`,`Headimglink` FROM `tb_user` WHERE ( 1=1 AND Uid='1' ) LIMIT 1   [ RunTime:0.000000s ]
SQL: SELECT COUNT(*) AS tp_count FROM `tb_article` WHERE ( `Cid` = 4 ) AND ( `Uid` = 1 ) LIMIT 1   [ RunTime:0.001000s ]
SQL: SELECT * FROM `tb_articletype` WHERE ( `Cid` = 4 ) LIMIT 1   [ RunTime:0.000000s ]
SQL: SELECT * FROM `tb_article` WHERE ( `Aid` = 1 ) LIMIT 1   [ RunTime:0.001000s ]
SQL: SELECT `articleType_name` FROM `tb_articletype` WHERE ( 1=1 AND Cid='1' ) LIMIT 1   [ RunTime:0.000000s ]
SQL: SELECT `familyname` FROM `tb_articlefamily` WHERE ( 1=1 AND Fid='1' ) LIMIT 1   [ RunTime:0.001000s ]
SQL: SELECT `UserName`,`NickName`,`Headimglink` FROM `tb_user` WHERE ( 1=1 AND Uid='1' ) LIMIT 1   [ RunTime:0.000000s ]
SQL: SELECT COUNT(*) AS tp_count FROM `tb_article` WHERE ( `Cid` = 5 ) AND ( `Uid` = 1 ) LIMIT 1   [ RunTime:0.001000s ]
SQL: SELECT * FROM `tb_articletype` WHERE ( `Cid` = 5 ) LIMIT 1   [ RunTime:0.001000s ]
SQL: SELECT * FROM `tb_article` WHERE ( `Aid` = 1 ) LIMIT 1   [ RunTime:0.001000s ]
SQL: SELECT `articleType_name` FROM `tb_articletype` WHERE ( 1=1 AND Cid='1' ) LIMIT 1   [ RunTime:0.000000s ]
SQL: SELECT `familyname` FROM `tb_articlefamily` WHERE ( 1=1 AND Fid='1' ) LIMIT 1   [ RunTime:0.001000s ]
SQL: SELECT `UserName`,`NickName`,`Headimglink` FROM `tb_user` WHERE ( 1=1 AND Uid='1' ) LIMIT 1   [ RunTime:0.000000s ]
SQL: SELECT COUNT(*) AS tp_count FROM `tb_article` WHERE ( `Cid` = 6 ) AND ( `Uid` = 1 ) LIMIT 1   [ RunTime:0.001000s ]
SQL: SELECT * FROM `tb_articletype` WHERE ( `Cid` = 6 ) LIMIT 1   [ RunTime:0.001000s ]
SQL: SELECT * FROM `tb_article` WHERE ( `Aid` = 1 ) LIMIT 1   [ RunTime:0.001000s ]
SQL: SELECT `articleType_name` FROM `tb_articletype` WHERE ( 1=1 AND Cid='1' ) LIMIT 1   [ RunTime:0.001000s ]
SQL: SELECT `familyname` FROM `tb_articlefamily` WHERE ( 1=1 AND Fid='1' ) LIMIT 1   [ RunTime:0.001000s ]
SQL: SELECT `UserName`,`NickName`,`Headimglink` FROM `tb_user` WHERE ( 1=1 AND Uid='1' ) LIMIT 1   [ RunTime:0.001000s ]
SQL: SELECT COUNT(*) AS tp_count FROM `tb_article` WHERE ( `Cid` = 7 ) AND ( `Uid` = 1 ) LIMIT 1   [ RunTime:0.001000s ]
SQL: SELECT * FROM `tb_articletype` WHERE ( `Cid` = 7 ) LIMIT 1   [ RunTime:0.001000s ]
SQL: SELECT * FROM `tb_article` WHERE ( `Aid` = 1 ) LIMIT 1   [ RunTime:0.001000s ]
SQL: SELECT `articleType_name` FROM `tb_articletype` WHERE ( 1=1 AND Cid='1' ) LIMIT 1   [ RunTime:0.001001s ]
SQL: SELECT `familyname` FROM `tb_articlefamily` WHERE ( 1=1 AND Fid='1' ) LIMIT 1   [ RunTime:0.000000s ]
SQL: SELECT `UserName`,`NickName`,`Headimglink` FROM `tb_user` WHERE ( 1=1 AND Uid='1' ) LIMIT 1   [ RunTime:0.000000s ]
SQL: SELECT COUNT(*) AS tp_count FROM `tb_article` WHERE ( `Cid` = 8 ) AND ( `Uid` = 1 ) LIMIT 1   [ RunTime:0.001000s ]
SQL: SELECT * FROM `tb_articletype` WHERE ( `Cid` = 8 ) LIMIT 1   [ RunTime:0.001000s ]
SQL: UPDATE `tb_article` SET `ViewNum`=ViewNum+1 WHERE ( `Aid` = 1 ) [ RunTime:0.001000s ]
NOTIC: [8] Use of undefined constant R_pid - assumed 'R_pid' D:\phpStudy\WWW\bkweb\Application\Runtime\Cache\Home\8d1faf2ed138450f4e75d825d3928787.php 第 191 行.
NOTIC: [8] Use of undefined constant R_pid - assumed 'R_pid' D:\phpStudy\WWW\bkweb\Application\Runtime\Cache\Home\8d1faf2ed138450f4e75d825d3928787.php 第 196 行.
NOTIC: [8] Use of undefined constant R_pid - assumed 'R_pid' D:\phpStudy\WWW\bkweb\Application\Runtime\Cache\Home\8d1faf2ed138450f4e75d825d3928787.php 第 191 行.
NOTIC: [8] Use of undefined constant R_pid - assumed 'R_pid' D:\phpStudy\WWW\bkweb\Application\Runtime\Cache\Home\8d1faf2ed138450f4e75d825d3928787.php 第 196 行.
NOTIC: [8] Use of undefined constant R_pid - assumed 'R_pid' D:\phpStudy\WWW\bkweb\Application\Runtime\Cache\Home\8d1faf2ed138450f4e75d825d3928787.php 第 191 行.
NOTIC: [8] Use of undefined constant R_pid - assumed 'R_pid' D:\phpStudy\WWW\bkweb\Application\Runtime\Cache\Home\8d1faf2ed138450f4e75d825d3928787.php 第 196 行.
NOTIC: [8] Use of undefined constant R_pid - assumed 'R_pid' D:\phpStudy\WWW\bkweb\Application\Runtime\Cache\Home\8d1faf2ed138450f4e75d825d3928787.php 第 191 行.
NOTIC: [8] Use of undefined constant R_pid - assumed 'R_pid' D:\phpStudy\WWW\bkweb\Application\Runtime\Cache\Home\8d1faf2ed138450f4e75d825d3928787.php 第 196 行.
NOTIC: [8] Use of undefined constant R_pid - assumed 'R_pid' D:\phpStudy\WWW\bkweb\Application\Runtime\Cache\Home\8d1faf2ed138450f4e75d825d3928787.php 第 191 行.
NOTIC: [8] Use of undefined constant R_pid - assumed 'R_pid' D:\phpStudy\WWW\bkweb\Application\Runtime\Cache\Home\8d1faf2ed138450f4e75d825d3928787.php 第 196 行.
NOTIC: [8] Use of undefined constant R_pid - assumed 'R_pid' D:\phpStudy\WWW\bkweb\Application\Runtime\Cache\Home\8d1faf2ed138450f4e75d825d3928787.php 第 191 行.
NOTIC: [8] Use of undefined constant R_pid - assumed 'R_pid' D:\phpStudy\WWW\bkweb\Application\Runtime\Cache\Home\8d1faf2ed138450f4e75d825d3928787.php 第 196 行.
NOTIC: [8] Use of undefined constant R_pid - assumed 'R_pid' D:\phpStudy\WWW\bkweb\Application\Runtime\Cache\Home\8d1faf2ed138450f4e75d825d3928787.php 第 191 行.
NOTIC: [8] Use of undefined constant R_pid - assumed 'R_pid' D:\phpStudy\WWW\bkweb\Application\Runtime\Cache\Home\8d1faf2ed138450f4e75d825d3928787.php 第 196 行.
INFO: Run Behavior\ParseTemplateBehavior [ RunTime:0.175010s ]
INFO: [ view_parse ] --END-- [ RunTime:0.175010s ]
INFO: [ view_filter ] --START--
INFO: Run Behavior\WriteHtmlCacheBehavior [ RunTime:0.001000s ]
INFO: [ view_filter ] --END-- [ RunTime:0.001000s ]
INFO: [ app_end ] --START--
INFO: Run Behavior\ShowPageTraceBehavior [ RunTime:0.002001s ]
INFO: [ app_end ] --END-- [ RunTime:0.003001s ]

