[ 2017-04-06T21:48:41+08:00 ] 127.0.0.1 /bkweb/index.php/
INFO: [ app_init ] --START--
INFO: Run Behavior\BuildLiteBehavior [ RunTime:0.000000s ]
INFO: [ app_init ] --END-- [ RunTime:0.002000s ]
INFO: [ app_begin ] --START--
INFO: Run Behavior\ReadHtmlCacheBehavior [ RunTime:0.002000s ]
INFO: [ app_begin ] --END-- [ RunTime:0.003000s ]
SQL: SHOW COLUMNS FROM `tb_images` [ RunTime:0.072004s ]
SQL: SELECT * FROM `tb_images` WHERE ( `tid` = 1 ) LIMIT 1   [ RunTime:0.000000s ]
SQL: SELECT * FROM `tb_images` WHERE ( `tid` = 2 ) LIMIT 1   [ RunTime:0.000000s ]
SQL: SHOW COLUMNS FROM `tb_article` [ RunTime:0.114007s ]
SQL: SELECT COUNT(*) AS tp_count FROM `tb_article` LIMIT 1   [ RunTime:0.000000s ]
SQL: SELECT * FROM `tb_article` ORDER BY SdTime desc LIMIT 0,5   [ RunTime:0.015001s ]
SQL: SHOW COLUMNS FROM `tb_articletype` [ RunTime:0.085005s ]
SQL: SELECT `articleType_name` FROM `tb_articletype` WHERE ( 1=1 AND Cid='6' ) LIMIT 1   [ RunTime:0.012000s ]
SQL: SHOW COLUMNS FROM `tb_articlefamily` [ RunTime:0.035002s ]
SQL: SELECT `familyname` FROM `tb_articlefamily` WHERE ( 1=1 AND Fid='1' ) LIMIT 1   [ RunTime:0.000000s ]
SQL: SHOW COLUMNS FROM `tb_user` [ RunTime:0.074005s ]
SQL: SELECT `UserName`,`NickName`,`Headimglink` FROM `tb_user` WHERE ( 1=1 AND Uid='1' ) LIMIT 1   [ RunTime:0.013001s ]
SQL: SELECT `articleType_name` FROM `tb_articletype` WHERE ( 1=1 AND Cid='4' ) LIMIT 1   [ RunTime:0.001000s ]
SQL: SELECT `familyname` FROM `tb_articlefamily` WHERE ( 1=1 AND Fid='2' ) LIMIT 1   [ RunTime:0.001000s ]
SQL: SELECT `UserName`,`NickName`,`Headimglink` FROM `tb_user` WHERE ( 1=1 AND Uid='1' ) LIMIT 1   [ RunTime:0.001000s ]
SQL: SELECT `articleType_name` FROM `tb_articletype` WHERE ( 1=1 AND Cid='5' ) LIMIT 1   [ RunTime:0.001000s ]
SQL: SELECT `familyname` FROM `tb_articlefamily` WHERE ( 1=1 AND Fid='2' ) LIMIT 1   [ RunTime:0.001000s ]
SQL: SELECT `UserName`,`NickName`,`Headimglink` FROM `tb_user` WHERE ( 1=1 AND Uid='1' ) LIMIT 1   [ RunTime:0.000000s ]
SQL: SELECT `articleType_name` FROM `tb_articletype` WHERE ( 1=1 AND Cid='4' ) LIMIT 1   [ RunTime:0.000000s ]
SQL: SELECT `familyname` FROM `tb_articlefamily` WHERE ( 1=1 AND Fid='2' ) LIMIT 1   [ RunTime:0.000000s ]
SQL: SELECT `UserName`,`NickName`,`Headimglink` FROM `tb_user` WHERE ( 1=1 AND Uid='1' ) LIMIT 1   [ RunTime:0.001000s ]
SQL: SELECT `articleType_name` FROM `tb_articletype` WHERE ( 1=1 AND Cid='5' ) LIMIT 1   [ RunTime:0.000000s ]
SQL: SELECT `familyname` FROM `tb_articlefamily` WHERE ( 1=1 AND Fid='2' ) LIMIT 1   [ RunTime:0.000000s ]
SQL: SELECT `UserName`,`NickName`,`Headimglink` FROM `tb_user` WHERE ( 1=1 AND Uid='1' ) LIMIT 1   [ RunTime:0.000000s ]
INFO: [ view_parse ] --START--
NOTIC: [8] Array to string conversion D:\phpStudy\WWW\bkweb\Application\Home\TagLib\My.class.php 第 13 行.
NOTIC: [8] Undefined property: Home\TagLib\My::$Array D:\phpStudy\WWW\bkweb\Application\Home\TagLib\My.class.php 第 13 行.
INFO: [ template_filter ] --START--
INFO: Run Behavior\ContentReplaceBehavior [ RunTime:0.000000s ]
INFO: [ template_filter ] --END-- [ RunTime:0.001000s ]
SQL: SHOW COLUMNS FROM `tb_articletype` [ RunTime:0.006001s ]
SQL: SELECT * FROM `tb_articletype`  [ RunTime:0.000000s ]
SQL: SHOW COLUMNS FROM `tb_article` [ RunTime:0.006000s ]
SQL: SELECT `Aid`,`Title`,`ViewNum` FROM `tb_article` ORDER BY ViewNum desc LIMIT 8   [ RunTime:0.000000s ]
INFO: Run Behavior\ParseTemplateBehavior [ RunTime:0.489028s ]
INFO: [ view_parse ] --END-- [ RunTime:0.490028s ]
INFO: [ view_filter ] --START--
INFO: Run Behavior\WriteHtmlCacheBehavior [ RunTime:0.001000s ]
INFO: [ view_filter ] --END-- [ RunTime:0.001000s ]
INFO: [ app_end ] --START--
INFO: Run Behavior\ShowPageTraceBehavior [ RunTime:0.038002s ]
INFO: [ app_end ] --END-- [ RunTime:0.038002s ]

[ 2017-04-06T21:53:51+08:00 ] 127.0.0.1 /bkweb/index.php/home/blogspecial/index
INFO: [ app_init ] --START--
INFO: Run Behavior\BuildLiteBehavior [ RunTime:0.000000s ]
INFO: [ app_init ] --END-- [ RunTime:0.001000s ]
INFO: [ app_begin ] --START--
INFO: Run Behavior\ReadHtmlCacheBehavior [ RunTime:0.002001s ]
INFO: [ app_begin ] --END-- [ RunTime:0.002001s ]
SQL: SHOW COLUMNS FROM `tb_article` [ RunTime:0.007000s ]
SQL: SELECT MAX(ViewNum) AS tp_max FROM `tb_article` LIMIT 1   [ RunTime:0.001000s ]
SQL: SELECT * FROM `tb_article` WHERE ( `ViewNum` = 51 ) ORDER BY SdTime desc LIMIT 1   [ RunTime:0.001000s ]
SQL: SHOW COLUMNS FROM `tb_articletype` [ RunTime:0.006001s ]
SQL: SELECT `articleType_name` FROM `tb_articletype` WHERE ( 1=1 AND Cid='3' ) LIMIT 1   [ RunTime:0.000000s ]
SQL: SHOW COLUMNS FROM `tb_articlefamily` [ RunTime:0.006000s ]
SQL: SELECT `familyname` FROM `tb_articlefamily` WHERE ( 1=1 AND Fid='2' ) LIMIT 1   [ RunTime:0.001000s ]
SQL: SHOW COLUMNS FROM `tb_user` [ RunTime:0.007001s ]
SQL: SELECT `UserName`,`NickName`,`Headimglink` FROM `tb_user` WHERE ( 1=1 AND Uid='1' ) LIMIT 1   [ RunTime:0.001000s ]
SQL: SELECT COUNT(*) AS tp_count FROM `tb_article` WHERE ( `recom` = 1 ) LIMIT 1   [ RunTime:0.001000s ]
SQL: SELECT * FROM `tb_article` WHERE ( `recom` = 1 ) ORDER BY SdTime desc LIMIT 0,9   [ RunTime:0.000000s ]
SQL: SELECT `articleType_name` FROM `tb_articletype` WHERE ( 1=1 AND Cid='4' ) LIMIT 1   [ RunTime:0.000000s ]
SQL: SELECT `familyname` FROM `tb_articlefamily` WHERE ( 1=1 AND Fid='2' ) LIMIT 1   [ RunTime:0.000000s ]
SQL: SELECT `UserName`,`NickName`,`Headimglink` FROM `tb_user` WHERE ( 1=1 AND Uid='1' ) LIMIT 1   [ RunTime:0.001000s ]
SQL: SELECT `articleType_name` FROM `tb_articletype` WHERE ( 1=1 AND Cid='5' ) LIMIT 1   [ RunTime:0.000000s ]
SQL: SELECT `familyname` FROM `tb_articlefamily` WHERE ( 1=1 AND Fid='2' ) LIMIT 1   [ RunTime:0.000000s ]
SQL: SELECT `UserName`,`NickName`,`Headimglink` FROM `tb_user` WHERE ( 1=1 AND Uid='1' ) LIMIT 1   [ RunTime:0.000000s ]
SQL: SELECT `articleType_name` FROM `tb_articletype` WHERE ( 1=1 AND Cid='5' ) LIMIT 1   [ RunTime:0.001000s ]
SQL: SELECT `familyname` FROM `tb_articlefamily` WHERE ( 1=1 AND Fid='2' ) LIMIT 1   [ RunTime:0.000000s ]
SQL: SELECT `UserName`,`NickName`,`Headimglink` FROM `tb_user` WHERE ( 1=1 AND Uid='1' ) LIMIT 1   [ RunTime:0.000000s ]
SQL: SELECT `articleType_name` FROM `tb_articletype` WHERE ( 1=1 AND Cid='2' ) LIMIT 1   [ RunTime:0.000000s ]
SQL: SELECT `familyname` FROM `tb_articlefamily` WHERE ( 1=1 AND Fid='2' ) LIMIT 1   [ RunTime:0.000000s ]
SQL: SELECT `UserName`,`NickName`,`Headimglink` FROM `tb_user` WHERE ( 1=1 AND Uid='1' ) LIMIT 1   [ RunTime:0.001000s ]
SQL: SELECT `articleType_name` FROM `tb_articletype` WHERE ( 1=1 AND Cid='8' ) LIMIT 1   [ RunTime:0.000000s ]
SQL: SELECT `familyname` FROM `tb_articlefamily` WHERE ( 1=1 AND Fid='2' ) LIMIT 1   [ RunTime:0.000000s ]
SQL: SELECT `UserName`,`NickName`,`Headimglink` FROM `tb_user` WHERE ( 1=1 AND Uid='1' ) LIMIT 1   [ RunTime:0.001000s ]
SQL: SELECT `articleType_name` FROM `tb_articletype` WHERE ( 1=1 AND Cid='7' ) LIMIT 1   [ RunTime:0.001000s ]
SQL: SELECT `familyname` FROM `tb_articlefamily` WHERE ( 1=1 AND Fid='2' ) LIMIT 1   [ RunTime:0.000000s ]
SQL: SELECT `UserName`,`NickName`,`Headimglink` FROM `tb_user` WHERE ( 1=1 AND Uid='1' ) LIMIT 1   [ RunTime:0.000000s ]
SQL: SELECT `articleType_name` FROM `tb_articletype` WHERE ( 1=1 AND Cid='3' ) LIMIT 1   [ RunTime:0.000000s ]
SQL: SELECT `familyname` FROM `tb_articlefamily` WHERE ( 1=1 AND Fid='2' ) LIMIT 1   [ RunTime:0.000000s ]
SQL: SELECT `UserName`,`NickName`,`Headimglink` FROM `tb_user` WHERE ( 1=1 AND Uid='1' ) LIMIT 1   [ RunTime:0.000000s ]
SQL: SELECT `articleType_name` FROM `tb_articletype` WHERE ( 1=1 AND Cid='1' ) LIMIT 1   [ RunTime:0.000000s ]
SQL: SELECT `familyname` FROM `tb_articlefamily` WHERE ( 1=1 AND Fid='1' ) LIMIT 1   [ RunTime:0.001000s ]
SQL: SELECT `UserName`,`NickName`,`Headimglink` FROM `tb_user` WHERE ( 1=1 AND Uid='5' ) LIMIT 1   [ RunTime:0.001000s ]
SQL: SELECT `articleType_name` FROM `tb_articletype` WHERE ( 1=1 AND Cid='2' ) LIMIT 1   [ RunTime:0.000000s ]
SQL: SELECT `familyname` FROM `tb_articlefamily` WHERE ( 1=1 AND Fid='1' ) LIMIT 1   [ RunTime:0.000000s ]
SQL: SELECT `UserName`,`NickName`,`Headimglink` FROM `tb_user` WHERE ( 1=1 AND Uid='1' ) LIMIT 1   [ RunTime:0.000000s ]
INFO: [ view_parse ] --START--
NOTIC: [8] Array to string conversion D:\phpStudy\WWW\bkweb\Application\Home\TagLib\My.class.php 第 13 行.
NOTIC: [8] Undefined property: Home\TagLib\My::$Array D:\phpStudy\WWW\bkweb\Application\Home\TagLib\My.class.php 第 13 行.
INFO: [ template_filter ] --START--
INFO: Run Behavior\ContentReplaceBehavior [ RunTime:0.001000s ]
INFO: [ template_filter ] --END-- [ RunTime:0.001000s ]
SQL: SHOW COLUMNS FROM `tb_articletype` [ RunTime:0.006000s ]
SQL: SELECT * FROM `tb_articletype`  [ RunTime:0.001000s ]
SQL: SELECT * FROM `tb_article` ORDER BY ViewNum desc LIMIT 5   [ RunTime:0.001000s ]
SQL: SELECT `articleType_name` FROM `tb_articletype` WHERE ( 1=1 AND Cid='1' ) LIMIT 1   [ RunTime:0.000000s ]
SQL: SELECT `familyname` FROM `tb_articlefamily` WHERE ( 1=1 AND Fid='1' ) LIMIT 1   [ RunTime:0.001000s ]
SQL: SELECT `UserName`,`NickName`,`Headimglink` FROM `tb_user` WHERE ( 1=1 AND Uid='5' ) LIMIT 1   [ RunTime:0.000000s ]
SQL: SELECT `articleType_name` FROM `tb_articletype` WHERE ( 1=1 AND Cid='3' ) LIMIT 1   [ RunTime:0.000000s ]
SQL: SELECT `familyname` FROM `tb_articlefamily` WHERE ( 1=1 AND Fid='2' ) LIMIT 1   [ RunTime:0.000000s ]
SQL: SELECT `UserName`,`NickName`,`Headimglink` FROM `tb_user` WHERE ( 1=1 AND Uid='1' ) LIMIT 1   [ RunTime:0.000000s ]
SQL: SELECT `articleType_name` FROM `tb_articletype` WHERE ( 1=1 AND Cid='1' ) LIMIT 1   [ RunTime:0.000000s ]
SQL: SELECT `familyname` FROM `tb_articlefamily` WHERE ( 1=1 AND Fid='1' ) LIMIT 1   [ RunTime:0.000000s ]
SQL: SELECT `UserName`,`NickName`,`Headimglink` FROM `tb_user` WHERE ( 1=1 AND Uid='1' ) LIMIT 1   [ RunTime:0.001000s ]
SQL: SELECT `articleType_name` FROM `tb_articletype` WHERE ( 1=1 AND Cid='5' ) LIMIT 1   [ RunTime:0.000000s ]
SQL: SELECT `familyname` FROM `tb_articlefamily` WHERE ( 1=1 AND Fid='2' ) LIMIT 1   [ RunTime:0.000000s ]
SQL: SELECT `UserName`,`NickName`,`Headimglink` FROM `tb_user` WHERE ( 1=1 AND Uid='1' ) LIMIT 1   [ RunTime:0.001001s ]
SQL: SELECT `articleType_name` FROM `tb_articletype` WHERE ( 1=1 AND Cid='2' ) LIMIT 1   [ RunTime:0.000000s ]
SQL: SELECT `familyname` FROM `tb_articlefamily` WHERE ( 1=1 AND Fid='1' ) LIMIT 1   [ RunTime:0.000000s ]
SQL: SELECT `UserName`,`NickName`,`Headimglink` FROM `tb_user` WHERE ( 1=1 AND Uid='1' ) LIMIT 1   [ RunTime:0.000000s ]
INFO: Run Behavior\ParseTemplateBehavior [ RunTime:0.065004s ]
INFO: [ view_parse ] --END-- [ RunTime:0.065004s ]
INFO: [ view_filter ] --START--
INFO: Run Behavior\WriteHtmlCacheBehavior [ RunTime:0.001000s ]
INFO: [ view_filter ] --END-- [ RunTime:0.001000s ]
INFO: [ app_end ] --START--
INFO: Run Behavior\ShowPageTraceBehavior [ RunTime:0.002000s ]
INFO: [ app_end ] --END-- [ RunTime:0.002000s ]

[ 2017-04-06T21:53:56+08:00 ] 127.0.0.1 /bkweb/index.php/home/blogzj/index
INFO: [ app_init ] --START--
INFO: Run Behavior\BuildLiteBehavior [ RunTime:0.000000s ]
INFO: [ app_init ] --END-- [ RunTime:0.000000s ]
INFO: [ app_begin ] --START--
INFO: Run Behavior\ReadHtmlCacheBehavior [ RunTime:0.001000s ]
INFO: [ app_begin ] --END-- [ RunTime:0.001000s ]
SQL: SHOW COLUMNS FROM `tb_user` [ RunTime:0.007000s ]
SQL: SELECT * FROM `tb_user` ORDER BY Articlecount desc LIMIT 8   [ RunTime:0.001000s ]
NOTIC: [8] Undefined index: UserName D:\phpStudy\WWW\bkweb\Application\Home\Controller\BlogzjController.class.php 第 9 行.
SQL: SELECT * FROM `tb_user` WHERE ( `UserName` = null ) LIMIT 1   [ RunTime:0.000000s ]
SQL: SHOW COLUMNS FROM `tb_friend` [ RunTime:0.064004s ]
SQL: SELECT * FROM `tb_friend` WHERE ( `Userid` = null )  [ RunTime:0.001000s ]
INFO: [ view_parse ] --START--
INFO: [ template_filter ] --START--
INFO: Run Behavior\ContentReplaceBehavior [ RunTime:0.001001s ]
INFO: [ template_filter ] --END-- [ RunTime:0.001001s ]
SQL: SHOW COLUMNS FROM `tb_article` [ RunTime:0.006000s ]
SQL: SELECT SUM(ViewNum) AS tp_sum FROM `tb_article` WHERE ( `Uid` = 1 ) LIMIT 1   [ RunTime:0.000000s ]
NOTIC: [8] Undefined index: UserName D:\phpStudy\WWW\bkweb\Application\Runtime\Cache\Home\bece48e72f9adae35db572f56c824117.php 第 101 行.
SQL: SELECT * FROM `tb_friend` WHERE ( `UserName` = null ) AND ( `friend_friendid` = 1 ) LIMIT 1   [ RunTime:0.000000s ]
SQL: SELECT SUM(ViewNum) AS tp_sum FROM `tb_article` WHERE ( `Uid` = 5 ) LIMIT 1   [ RunTime:0.000000s ]
NOTIC: [8] Undefined index: UserName D:\phpStudy\WWW\bkweb\Application\Runtime\Cache\Home\bece48e72f9adae35db572f56c824117.php 第 101 行.
SQL: SELECT * FROM `tb_friend` WHERE ( `UserName` = null ) AND ( `friend_friendid` = 5 ) LIMIT 1   [ RunTime:0.000000s ]
SQL: SELECT SUM(ViewNum) AS tp_sum FROM `tb_article` WHERE ( `Uid` = 2 ) LIMIT 1   [ RunTime:0.000000s ]
NOTIC: [8] Undefined index: UserName D:\phpStudy\WWW\bkweb\Application\Runtime\Cache\Home\bece48e72f9adae35db572f56c824117.php 第 101 行.
SQL: SELECT * FROM `tb_friend` WHERE ( `UserName` = null ) AND ( `friend_friendid` = 2 ) LIMIT 1   [ RunTime:0.000000s ]
SQL: SELECT SUM(ViewNum) AS tp_sum FROM `tb_article` WHERE ( `Uid` = 3 ) LIMIT 1   [ RunTime:0.001000s ]
NOTIC: [8] Undefined index: UserName D:\phpStudy\WWW\bkweb\Application\Runtime\Cache\Home\bece48e72f9adae35db572f56c824117.php 第 101 行.
SQL: SELECT * FROM `tb_friend` WHERE ( `UserName` = null ) AND ( `friend_friendid` = 3 ) LIMIT 1   [ RunTime:0.000000s ]
SQL: SELECT SUM(ViewNum) AS tp_sum FROM `tb_article` WHERE ( `Uid` = 4 ) LIMIT 1   [ RunTime:0.000000s ]
NOTIC: [8] Undefined index: UserName D:\phpStudy\WWW\bkweb\Application\Runtime\Cache\Home\bece48e72f9adae35db572f56c824117.php 第 101 行.
SQL: SELECT * FROM `tb_friend` WHERE ( `UserName` = null ) AND ( `friend_friendid` = 4 ) LIMIT 1   [ RunTime:0.000000s ]
SQL: SELECT SUM(ViewNum) AS tp_sum FROM `tb_article` WHERE ( `Uid` = 6 ) LIMIT 1   [ RunTime:0.001000s ]
NOTIC: [8] Undefined index: UserName D:\phpStudy\WWW\bkweb\Application\Runtime\Cache\Home\bece48e72f9adae35db572f56c824117.php 第 101 行.
SQL: SELECT * FROM `tb_friend` WHERE ( `UserName` = null ) AND ( `friend_friendid` = 6 ) LIMIT 1   [ RunTime:0.001000s ]
SQL: SELECT SUM(ViewNum) AS tp_sum FROM `tb_article` WHERE ( `Uid` = 7 ) LIMIT 1   [ RunTime:0.001001s ]
NOTIC: [8] Undefined index: UserName D:\phpStudy\WWW\bkweb\Application\Runtime\Cache\Home\bece48e72f9adae35db572f56c824117.php 第 101 行.
SQL: SELECT * FROM `tb_friend` WHERE ( `UserName` = null ) AND ( `friend_friendid` = 7 ) LIMIT 1   [ RunTime:0.001000s ]
SQL: SELECT SUM(ViewNum) AS tp_sum FROM `tb_article` WHERE ( `Uid` = 8 ) LIMIT 1   [ RunTime:0.000000s ]
NOTIC: [8] Undefined index: UserName D:\phpStudy\WWW\bkweb\Application\Runtime\Cache\Home\bece48e72f9adae35db572f56c824117.php 第 101 行.
SQL: SELECT * FROM `tb_friend` WHERE ( `UserName` = null ) AND ( `friend_friendid` = 8 ) LIMIT 1   [ RunTime:0.000000s ]
INFO: Run Behavior\ParseTemplateBehavior [ RunTime:0.082005s ]
INFO: [ view_parse ] --END-- [ RunTime:0.083005s ]
INFO: [ view_filter ] --START--
INFO: Run Behavior\WriteHtmlCacheBehavior [ RunTime:0.000000s ]
INFO: [ view_filter ] --END-- [ RunTime:0.000000s ]
INFO: [ app_end ] --START--
INFO: Run Behavior\ShowPageTraceBehavior [ RunTime:0.001000s ]
INFO: [ app_end ] --END-- [ RunTime:0.001000s ]

[ 2017-04-06T22:04:22+08:00 ] 127.0.0.1 /bkweb/index.php/home/blogzj/index
INFO: [ app_init ] --START--
INFO: Run Behavior\BuildLiteBehavior [ RunTime:0.000000s ]
INFO: [ app_init ] --END-- [ RunTime:0.001000s ]
INFO: [ app_begin ] --START--
INFO: Run Behavior\ReadHtmlCacheBehavior [ RunTime:0.002001s ]
INFO: [ app_begin ] --END-- [ RunTime:0.002001s ]
SQL: SHOW COLUMNS FROM `tb_user` [ RunTime:0.006001s ]
SQL: SELECT * FROM `tb_user` ORDER BY Articlecount desc LIMIT 8   [ RunTime:0.000000s ]
NOTIC: [8] Undefined index: UserName D:\phpStudy\WWW\bkweb\Application\Home\Controller\BlogzjController.class.php 第 9 行.
SQL: SELECT * FROM `tb_user` WHERE ( `UserName` = null ) LIMIT 1   [ RunTime:0.000000s ]
SQL: SHOW COLUMNS FROM `tb_friend` [ RunTime:0.006000s ]
SQL: SELECT * FROM `tb_friend` WHERE ( `Userid` = null )  [ RunTime:0.000000s ]
INFO: [ view_parse ] --START--
INFO: [ template_filter ] --START--
INFO: Run Behavior\ContentReplaceBehavior [ RunTime:0.000000s ]
INFO: [ template_filter ] --END-- [ RunTime:0.000000s ]
SQL: SHOW COLUMNS FROM `tb_article` [ RunTime:0.006000s ]
SQL: SELECT SUM(ViewNum) AS tp_sum FROM `tb_article` WHERE ( `Uid` = 1 ) LIMIT 1   [ RunTime:0.001000s ]
NOTIC: [8] Undefined index: UserName D:\phpStudy\WWW\bkweb\Application\Runtime\Cache\Home\bece48e72f9adae35db572f56c824117.php 第 101 行.
SQL: SELECT * FROM `tb_friend` WHERE ( `UserName` = null ) AND ( `friend_friendid` = 1 ) LIMIT 1   [ RunTime:0.001000s ]
SQL: SELECT SUM(ViewNum) AS tp_sum FROM `tb_article` WHERE ( `Uid` = 5 ) LIMIT 1   [ RunTime:0.001000s ]
NOTIC: [8] Undefined index: UserName D:\phpStudy\WWW\bkweb\Application\Runtime\Cache\Home\bece48e72f9adae35db572f56c824117.php 第 101 行.
SQL: SELECT * FROM `tb_friend` WHERE ( `UserName` = null ) AND ( `friend_friendid` = 5 ) LIMIT 1   [ RunTime:0.000000s ]
SQL: SELECT SUM(ViewNum) AS tp_sum FROM `tb_article` WHERE ( `Uid` = 2 ) LIMIT 1   [ RunTime:0.000000s ]
NOTIC: [8] Undefined index: UserName D:\phpStudy\WWW\bkweb\Application\Runtime\Cache\Home\bece48e72f9adae35db572f56c824117.php 第 101 行.
SQL: SELECT * FROM `tb_friend` WHERE ( `UserName` = null ) AND ( `friend_friendid` = 2 ) LIMIT 1   [ RunTime:0.000000s ]
SQL: SELECT SUM(ViewNum) AS tp_sum FROM `tb_article` WHERE ( `Uid` = 3 ) LIMIT 1   [ RunTime:0.001000s ]
NOTIC: [8] Undefined index: UserName D:\phpStudy\WWW\bkweb\Application\Runtime\Cache\Home\bece48e72f9adae35db572f56c824117.php 第 101 行.
SQL: SELECT * FROM `tb_friend` WHERE ( `UserName` = null ) AND ( `friend_friendid` = 3 ) LIMIT 1   [ RunTime:0.001000s ]
SQL: SELECT SUM(ViewNum) AS tp_sum FROM `tb_article` WHERE ( `Uid` = 4 ) LIMIT 1   [ RunTime:0.001001s ]
NOTIC: [8] Undefined index: UserName D:\phpStudy\WWW\bkweb\Application\Runtime\Cache\Home\bece48e72f9adae35db572f56c824117.php 第 101 行.
SQL: SELECT * FROM `tb_friend` WHERE ( `UserName` = null ) AND ( `friend_friendid` = 4 ) LIMIT 1   [ RunTime:0.001000s ]
SQL: SELECT SUM(ViewNum) AS tp_sum FROM `tb_article` WHERE ( `Uid` = 6 ) LIMIT 1   [ RunTime:0.000000s ]
NOTIC: [8] Undefined index: UserName D:\phpStudy\WWW\bkweb\Application\Runtime\Cache\Home\bece48e72f9adae35db572f56c824117.php 第 101 行.
SQL: SELECT * FROM `tb_friend` WHERE ( `UserName` = null ) AND ( `friend_friendid` = 6 ) LIMIT 1   [ RunTime:0.000000s ]
SQL: SELECT SUM(ViewNum) AS tp_sum FROM `tb_article` WHERE ( `Uid` = 7 ) LIMIT 1   [ RunTime:0.001000s ]
NOTIC: [8] Undefined index: UserName D:\phpStudy\WWW\bkweb\Application\Runtime\Cache\Home\bece48e72f9adae35db572f56c824117.php 第 101 行.
SQL: SELECT * FROM `tb_friend` WHERE ( `UserName` = null ) AND ( `friend_friendid` = 7 ) LIMIT 1   [ RunTime:0.001000s ]
SQL: SELECT SUM(ViewNum) AS tp_sum FROM `tb_article` WHERE ( `Uid` = 8 ) LIMIT 1   [ RunTime:0.001000s ]
NOTIC: [8] Undefined index: UserName D:\phpStudy\WWW\bkweb\Application\Runtime\Cache\Home\bece48e72f9adae35db572f56c824117.php 第 101 行.
SQL: SELECT * FROM `tb_friend` WHERE ( `UserName` = null ) AND ( `friend_friendid` = 8 ) LIMIT 1   [ RunTime:0.000000s ]
SQL: SELECT SUM(ViewNum) AS tp_sum FROM `tb_article` WHERE ( `Uid` = 1 ) LIMIT 1   [ RunTime:0.000000s ]
NOTIC: [8] Undefined index: UserName D:\phpStudy\WWW\bkweb\Application\Runtime\Cache\Home\bece48e72f9adae35db572f56c824117.php 第 153 行.
SQL: SELECT * FROM `tb_friend` WHERE ( `UserName` = null ) AND ( `friend_friendid` = 1 ) LIMIT 1   [ RunTime:0.000000s ]
SQL: SELECT SUM(ViewNum) AS tp_sum FROM `tb_article` WHERE ( `Uid` = 5 ) LIMIT 1   [ RunTime:0.000000s ]
NOTIC: [8] Undefined index: UserName D:\phpStudy\WWW\bkweb\Application\Runtime\Cache\Home\bece48e72f9adae35db572f56c824117.php 第 153 行.
SQL: SELECT * FROM `tb_friend` WHERE ( `UserName` = null ) AND ( `friend_friendid` = 5 ) LIMIT 1   [ RunTime:0.000000s ]
SQL: SELECT SUM(ViewNum) AS tp_sum FROM `tb_article` WHERE ( `Uid` = 2 ) LIMIT 1   [ RunTime:0.000000s ]
NOTIC: [8] Undefined index: UserName D:\phpStudy\WWW\bkweb\Application\Runtime\Cache\Home\bece48e72f9adae35db572f56c824117.php 第 153 行.
SQL: SELECT * FROM `tb_friend` WHERE ( `UserName` = null ) AND ( `friend_friendid` = 2 ) LIMIT 1   [ RunTime:0.000000s ]
SQL: SELECT SUM(ViewNum) AS tp_sum FROM `tb_article` WHERE ( `Uid` = 3 ) LIMIT 1   [ RunTime:0.000000s ]
NOTIC: [8] Undefined index: UserName D:\phpStudy\WWW\bkweb\Application\Runtime\Cache\Home\bece48e72f9adae35db572f56c824117.php 第 153 行.
SQL: SELECT * FROM `tb_friend` WHERE ( `UserName` = null ) AND ( `friend_friendid` = 3 ) LIMIT 1   [ RunTime:0.000000s ]
SQL: SELECT SUM(ViewNum) AS tp_sum FROM `tb_article` WHERE ( `Uid` = 4 ) LIMIT 1   [ RunTime:0.001000s ]
NOTIC: [8] Undefined index: UserName D:\phpStudy\WWW\bkweb\Application\Runtime\Cache\Home\bece48e72f9adae35db572f56c824117.php 第 153 行.
SQL: SELECT * FROM `tb_friend` WHERE ( `UserName` = null ) AND ( `friend_friendid` = 4 ) LIMIT 1   [ RunTime:0.000000s ]
SQL: SELECT SUM(ViewNum) AS tp_sum FROM `tb_article` WHERE ( `Uid` = 6 ) LIMIT 1   [ RunTime:0.000000s ]
NOTIC: [8] Undefined index: UserName D:\phpStudy\WWW\bkweb\Application\Runtime\Cache\Home\bece48e72f9adae35db572f56c824117.php 第 153 行.
SQL: SELECT * FROM `tb_friend` WHERE ( `UserName` = null ) AND ( `friend_friendid` = 6 ) LIMIT 1   [ RunTime:0.000000s ]
SQL: SELECT SUM(ViewNum) AS tp_sum FROM `tb_article` WHERE ( `Uid` = 7 ) LIMIT 1   [ RunTime:0.001001s ]
NOTIC: [8] Undefined index: UserName D:\phpStudy\WWW\bkweb\Application\Runtime\Cache\Home\bece48e72f9adae35db572f56c824117.php 第 153 行.
SQL: SELECT * FROM `tb_friend` WHERE ( `UserName` = null ) AND ( `friend_friendid` = 7 ) LIMIT 1   [ RunTime:0.001000s ]
SQL: SELECT SUM(ViewNum) AS tp_sum FROM `tb_article` WHERE ( `Uid` = 8 ) LIMIT 1   [ RunTime:0.001000s ]
NOTIC: [8] Undefined index: UserName D:\phpStudy\WWW\bkweb\Application\Runtime\Cache\Home\bece48e72f9adae35db572f56c824117.php 第 153 行.
SQL: SELECT * FROM `tb_friend` WHERE ( `UserName` = null ) AND ( `friend_friendid` = 8 ) LIMIT 1   [ RunTime:0.001000s ]
INFO: Run Behavior\ParseTemplateBehavior [ RunTime:0.078005s ]
INFO: [ view_parse ] --END-- [ RunTime:0.078005s ]
INFO: [ view_filter ] --START--
INFO: Run Behavior\WriteHtmlCacheBehavior [ RunTime:0.001000s ]
INFO: [ view_filter ] --END-- [ RunTime:0.001000s ]
INFO: [ app_end ] --START--
INFO: Run Behavior\ShowPageTraceBehavior [ RunTime:0.001000s ]
INFO: [ app_end ] --END-- [ RunTime:0.001000s ]

[ 2017-04-06T22:53:12+08:00 ] 127.0.0.1 /bkweb/index.php/home/login/login
INFO: [ app_init ] --START--
INFO: Run Behavior\BuildLiteBehavior [ RunTime:0.000000s ]
INFO: [ app_init ] --END-- [ RunTime:0.000000s ]
INFO: [ app_begin ] --START--
INFO: Run Behavior\ReadHtmlCacheBehavior [ RunTime:0.002000s ]
INFO: [ app_begin ] --END-- [ RunTime:0.002000s ]
SQL: SHOW COLUMNS FROM `tb_user` [ RunTime:0.007000s ]
SQL: SELECT * FROM `tb_user` WHERE ( `UserName` = 'admin' ) LIMIT 1   [ RunTime:0.000000s ]
SQL: UPDATE `tb_user` SET `LastLoginTime`='2017-04-06 22:53:12',`Lastip`='127.0.0.1' WHERE ( `Uid` = 1 ) [ RunTime:0.021002s ]
NOTIC: [8] A non well formed numeric value encountered D:\phpStudy\WWW\bkweb\Application\Home\Controller\LoginController.class.php 第 30 行.
INFO: [ view_parse ] --START--
INFO: [ template_filter ] --START--
INFO: Run Behavior\ContentReplaceBehavior [ RunTime:0.000000s ]
INFO: [ template_filter ] --END-- [ RunTime:0.000000s ]
INFO: Run Behavior\ParseTemplateBehavior [ RunTime:0.041002s ]
INFO: [ view_parse ] --END-- [ RunTime:0.041002s ]
INFO: [ view_filter ] --START--
INFO: Run Behavior\WriteHtmlCacheBehavior [ RunTime:0.000000s ]
INFO: [ view_filter ] --END-- [ RunTime:0.000000s ]
INFO: [ app_end ] --START--
INFO: Run Behavior\ShowPageTraceBehavior [ RunTime:0.001000s ]
INFO: [ app_end ] --END-- [ RunTime:0.002000s ]

[ 2017-04-06T22:53:13+08:00 ] 127.0.0.1 /bkweb/index.php/home/blogzj/index
INFO: [ app_init ] --START--
INFO: Run Behavior\BuildLiteBehavior [ RunTime:0.000000s ]
INFO: [ app_init ] --END-- [ RunTime:0.001000s ]
INFO: [ app_begin ] --START--
INFO: Run Behavior\ReadHtmlCacheBehavior [ RunTime:0.002000s ]
INFO: [ app_begin ] --END-- [ RunTime:0.002000s ]
SQL: SHOW COLUMNS FROM `tb_user` [ RunTime:0.007001s ]
SQL: SELECT * FROM `tb_user` ORDER BY Articlecount desc LIMIT 8   [ RunTime:0.001000s ]
SQL: SELECT * FROM `tb_user` WHERE ( `UserName` = 'admin' ) LIMIT 1   [ RunTime:0.001000s ]
SQL: SHOW COLUMNS FROM `tb_friend` [ RunTime:0.006000s ]
SQL: SELECT * FROM `tb_friend` WHERE ( `Userid` = 1 )  [ RunTime:0.001000s ]
INFO: [ view_parse ] --START--
INFO: [ template_filter ] --START--
INFO: Run Behavior\ContentReplaceBehavior [ RunTime:0.000000s ]
INFO: [ template_filter ] --END-- [ RunTime:0.000000s ]
SQL: SHOW COLUMNS FROM `tb_article` [ RunTime:0.007000s ]
SQL: SELECT SUM(ViewNum) AS tp_sum FROM `tb_article` WHERE ( `Uid` = 1 ) LIMIT 1   [ RunTime:0.000000s ]
SQL: SELECT * FROM `tb_friend` WHERE ( `UserName` = 'admin' ) AND ( `friend_friendid` = 1 ) LIMIT 1   [ RunTime:0.000000s ]
SQL: SELECT SUM(ViewNum) AS tp_sum FROM `tb_article` WHERE ( `Uid` = 5 ) LIMIT 1   [ RunTime:0.001000s ]
SQL: SELECT * FROM `tb_friend` WHERE ( `UserName` = 'admin' ) AND ( `friend_friendid` = 5 ) LIMIT 1   [ RunTime:0.000000s ]
SQL: SELECT SUM(ViewNum) AS tp_sum FROM `tb_article` WHERE ( `Uid` = 2 ) LIMIT 1   [ RunTime:0.001000s ]
SQL: SELECT * FROM `tb_friend` WHERE ( `UserName` = 'admin' ) AND ( `friend_friendid` = 2 ) LIMIT 1   [ RunTime:0.001000s ]
SQL: SELECT SUM(ViewNum) AS tp_sum FROM `tb_article` WHERE ( `Uid` = 3 ) LIMIT 1   [ RunTime:0.001000s ]
SQL: SELECT * FROM `tb_friend` WHERE ( `UserName` = 'admin' ) AND ( `friend_friendid` = 3 ) LIMIT 1   [ RunTime:0.000000s ]
SQL: SELECT SUM(ViewNum) AS tp_sum FROM `tb_article` WHERE ( `Uid` = 4 ) LIMIT 1   [ RunTime:0.000000s ]
SQL: SELECT * FROM `tb_friend` WHERE ( `UserName` = 'admin' ) AND ( `friend_friendid` = 4 ) LIMIT 1   [ RunTime:0.000000s ]
SQL: SELECT SUM(ViewNum) AS tp_sum FROM `tb_article` WHERE ( `Uid` = 6 ) LIMIT 1   [ RunTime:0.001000s ]
SQL: SELECT * FROM `tb_friend` WHERE ( `UserName` = 'admin' ) AND ( `friend_friendid` = 6 ) LIMIT 1   [ RunTime:0.000000s ]
SQL: SELECT SUM(ViewNum) AS tp_sum FROM `tb_article` WHERE ( `Uid` = 7 ) LIMIT 1   [ RunTime:0.000000s ]
SQL: SELECT * FROM `tb_friend` WHERE ( `UserName` = 'admin' ) AND ( `friend_friendid` = 7 ) LIMIT 1   [ RunTime:0.001000s ]
SQL: SELECT SUM(ViewNum) AS tp_sum FROM `tb_article` WHERE ( `Uid` = 8 ) LIMIT 1   [ RunTime:0.000000s ]
SQL: SELECT * FROM `tb_friend` WHERE ( `UserName` = 'admin' ) AND ( `friend_friendid` = 8 ) LIMIT 1   [ RunTime:0.000000s ]
SQL: SELECT SUM(ViewNum) AS tp_sum FROM `tb_article` WHERE ( `Uid` = 1 ) LIMIT 1   [ RunTime:0.001000s ]
SQL: SELECT * FROM `tb_friend` WHERE ( `UserName` = 'admin' ) AND ( `friend_friendid` = 1 ) LIMIT 1   [ RunTime:0.000000s ]
SQL: SELECT SUM(ViewNum) AS tp_sum FROM `tb_article` WHERE ( `Uid` = 5 ) LIMIT 1   [ RunTime:0.000000s ]
SQL: SELECT * FROM `tb_friend` WHERE ( `UserName` = 'admin' ) AND ( `friend_friendid` = 5 ) LIMIT 1   [ RunTime:0.000000s ]
SQL: SELECT SUM(ViewNum) AS tp_sum FROM `tb_article` WHERE ( `Uid` = 2 ) LIMIT 1   [ RunTime:0.001000s ]
SQL: SELECT * FROM `tb_friend` WHERE ( `UserName` = 'admin' ) AND ( `friend_friendid` = 2 ) LIMIT 1   [ RunTime:0.000000s ]
SQL: SELECT SUM(ViewNum) AS tp_sum FROM `tb_article` WHERE ( `Uid` = 3 ) LIMIT 1   [ RunTime:0.000000s ]
SQL: SELECT * FROM `tb_friend` WHERE ( `UserName` = 'admin' ) AND ( `friend_friendid` = 3 ) LIMIT 1   [ RunTime:0.001001s ]
SQL: SELECT SUM(ViewNum) AS tp_sum FROM `tb_article` WHERE ( `Uid` = 4 ) LIMIT 1   [ RunTime:0.001000s ]
SQL: SELECT * FROM `tb_friend` WHERE ( `UserName` = 'admin' ) AND ( `friend_friendid` = 4 ) LIMIT 1   [ RunTime:0.001000s ]
SQL: SELECT SUM(ViewNum) AS tp_sum FROM `tb_article` WHERE ( `Uid` = 6 ) LIMIT 1   [ RunTime:0.001000s ]
SQL: SELECT * FROM `tb_friend` WHERE ( `UserName` = 'admin' ) AND ( `friend_friendid` = 6 ) LIMIT 1   [ RunTime:0.001000s ]
SQL: SELECT SUM(ViewNum) AS tp_sum FROM `tb_article` WHERE ( `Uid` = 7 ) LIMIT 1   [ RunTime:0.001000s ]
SQL: SELECT * FROM `tb_friend` WHERE ( `UserName` = 'admin' ) AND ( `friend_friendid` = 7 ) LIMIT 1   [ RunTime:0.001000s ]
SQL: SELECT SUM(ViewNum) AS tp_sum FROM `tb_article` WHERE ( `Uid` = 8 ) LIMIT 1   [ RunTime:0.001000s ]
SQL: SELECT * FROM `tb_friend` WHERE ( `UserName` = 'admin' ) AND ( `friend_friendid` = 8 ) LIMIT 1   [ RunTime:0.001000s ]
INFO: Run Behavior\ParseTemplateBehavior [ RunTime:0.079005s ]
INFO: [ view_parse ] --END-- [ RunTime:0.079005s ]
INFO: [ view_filter ] --START--
INFO: Run Behavior\WriteHtmlCacheBehavior [ RunTime:0.002000s ]
INFO: [ view_filter ] --END-- [ RunTime:0.002000s ]
INFO: [ app_end ] --START--
INFO: Run Behavior\ShowPageTraceBehavior [ RunTime:0.002000s ]
INFO: [ app_end ] --END-- [ RunTime:0.002000s ]

[ 2017-04-06T22:53:15+08:00 ] 127.0.0.1 /bkweb/index.php/home/bloglist/index
INFO: [ app_init ] --START--
INFO: Run Behavior\BuildLiteBehavior [ RunTime:0.000000s ]
INFO: [ app_init ] --END-- [ RunTime:0.001000s ]
INFO: [ app_begin ] --START--
INFO: Run Behavior\ReadHtmlCacheBehavior [ RunTime:0.001000s ]
INFO: [ app_begin ] --END-- [ RunTime:0.001000s ]
SQL: SHOW COLUMNS FROM `tb_user` [ RunTime:0.007001s ]
NOTIC: [8] Use of undefined constant UserName - assumed 'UserName' D:\phpStudy\WWW\bkweb\Application\Home\Controller\BloglistController.class.php 第 9 行.
SQL: SELECT * FROM `tb_user` WHERE ( `UserName` = 'admin' ) LIMIT 1   [ RunTime:0.000000s ]
SQL: SHOW COLUMNS FROM `tb_article` [ RunTime:0.008000s ]
SQL: SELECT * FROM `tb_article` WHERE ( `Uid` = 1 ) ORDER BY SdTime desc  [ RunTime:0.001000s ]
SQL: SELECT COUNT(*) AS tp_count FROM `tb_article` WHERE ( `Uid` = 1 ) LIMIT 1   [ RunTime:0.001000s ]
SQL: SHOW COLUMNS FROM `tb_favoriteblog` [ RunTime:0.007000s ]
SQL: SELECT * FROM `tb_favoriteblog` WHERE ( `Uid` = 1 )  [ RunTime:0.001000s ]
INFO: [ view_parse ] --START--
INFO: [ template_filter ] --START--
INFO: Run Behavior\ContentReplaceBehavior [ RunTime:0.000000s ]
INFO: [ template_filter ] --END-- [ RunTime:0.000000s ]
SQL: SHOW COLUMNS FROM `tb_article` [ RunTime:0.007000s ]
SQL: SELECT * FROM `tb_article` WHERE ( `Aid` = 14 ) LIMIT 1   [ RunTime:0.001000s ]
SQL: SELECT * FROM `tb_article` WHERE ( `Aid` = 11 ) LIMIT 1   [ RunTime:0.001000s ]
SQL: SELECT * FROM `tb_article` WHERE ( `Aid` = 1 ) LIMIT 1   [ RunTime:0.000000s ]
SQL: SELECT * FROM `tb_article` WHERE ( `Aid` = 6 ) LIMIT 1   [ RunTime:0.000000s ]
SQL: SELECT * FROM `tb_article` WHERE ( `Aid` = 13 ) LIMIT 1   [ RunTime:0.000000s ]
NOTIC: [8] Use of undefined constant UserName - assumed 'UserName' D:\phpStudy\WWW\bkweb\Application\Runtime\Cache\Home\6da7dd7829235e331f55e0ed42748c8e.php 第 111 行.
SQL: SELECT * FROM `tb_user` WHERE ( `UserName` = 'admin' ) LIMIT 1   [ RunTime:0.001000s ]
SQL: SELECT COUNT(*) AS tp_count FROM `tb_article` WHERE ( `Cid` = 1 ) AND ( `Uid` = 1 ) LIMIT 1   [ RunTime:0.001000s ]
SQL: SHOW COLUMNS FROM `tb_articletype` [ RunTime:0.006001s ]
SQL: SELECT * FROM `tb_articletype` WHERE ( `Cid` = 1 ) LIMIT 1   [ RunTime:0.001000s ]
NOTIC: [8] Use of undefined constant UserName - assumed 'UserName' D:\phpStudy\WWW\bkweb\Application\Runtime\Cache\Home\6da7dd7829235e331f55e0ed42748c8e.php 第 111 行.
SQL: SELECT * FROM `tb_user` WHERE ( `UserName` = 'admin' ) LIMIT 1   [ RunTime:0.000000s ]
SQL: SELECT COUNT(*) AS tp_count FROM `tb_article` WHERE ( `Cid` = 2 ) AND ( `Uid` = 1 ) LIMIT 1   [ RunTime:0.000000s ]
SQL: SELECT * FROM `tb_articletype` WHERE ( `Cid` = 2 ) LIMIT 1   [ RunTime:0.000000s ]
NOTIC: [8] Use of undefined constant UserName - assumed 'UserName' D:\phpStudy\WWW\bkweb\Application\Runtime\Cache\Home\6da7dd7829235e331f55e0ed42748c8e.php 第 111 行.
SQL: SELECT * FROM `tb_user` WHERE ( `UserName` = 'admin' ) LIMIT 1   [ RunTime:0.000000s ]
SQL: SELECT COUNT(*) AS tp_count FROM `tb_article` WHERE ( `Cid` = 3 ) AND ( `Uid` = 1 ) LIMIT 1   [ RunTime:0.001000s ]
SQL: SELECT * FROM `tb_articletype` WHERE ( `Cid` = 3 ) LIMIT 1   [ RunTime:0.001000s ]
NOTIC: [8] Use of undefined constant UserName - assumed 'UserName' D:\phpStudy\WWW\bkweb\Application\Runtime\Cache\Home\6da7dd7829235e331f55e0ed42748c8e.php 第 111 行.
SQL: SELECT * FROM `tb_user` WHERE ( `UserName` = 'admin' ) LIMIT 1   [ RunTime:0.001000s ]
SQL: SELECT COUNT(*) AS tp_count FROM `tb_article` WHERE ( `Cid` = 4 ) AND ( `Uid` = 1 ) LIMIT 1   [ RunTime:0.001000s ]
SQL: SELECT * FROM `tb_articletype` WHERE ( `Cid` = 4 ) LIMIT 1   [ RunTime:0.001000s ]
NOTIC: [8] Use of undefined constant UserName - assumed 'UserName' D:\phpStudy\WWW\bkweb\Application\Runtime\Cache\Home\6da7dd7829235e331f55e0ed42748c8e.php 第 111 行.
SQL: SELECT * FROM `tb_user` WHERE ( `UserName` = 'admin' ) LIMIT 1   [ RunTime:0.001000s ]
SQL: SELECT COUNT(*) AS tp_count FROM `tb_article` WHERE ( `Cid` = 5 ) AND ( `Uid` = 1 ) LIMIT 1   [ RunTime:0.001000s ]
SQL: SELECT * FROM `tb_articletype` WHERE ( `Cid` = 5 ) LIMIT 1   [ RunTime:0.001000s ]
NOTIC: [8] Use of undefined constant UserName - assumed 'UserName' D:\phpStudy\WWW\bkweb\Application\Runtime\Cache\Home\6da7dd7829235e331f55e0ed42748c8e.php 第 111 行.
SQL: SELECT * FROM `tb_user` WHERE ( `UserName` = 'admin' ) LIMIT 1   [ RunTime:0.001000s ]
SQL: SELECT COUNT(*) AS tp_count FROM `tb_article` WHERE ( `Cid` = 6 ) AND ( `Uid` = 1 ) LIMIT 1   [ RunTime:0.001001s ]
SQL: SELECT * FROM `tb_articletype` WHERE ( `Cid` = 6 ) LIMIT 1   [ RunTime:0.000000s ]
NOTIC: [8] Use of undefined constant UserName - assumed 'UserName' D:\phpStudy\WWW\bkweb\Application\Runtime\Cache\Home\6da7dd7829235e331f55e0ed42748c8e.php 第 111 行.
SQL: SELECT * FROM `tb_user` WHERE ( `UserName` = 'admin' ) LIMIT 1   [ RunTime:0.000000s ]
SQL: SELECT COUNT(*) AS tp_count FROM `tb_article` WHERE ( `Cid` = 7 ) AND ( `Uid` = 1 ) LIMIT 1   [ RunTime:0.001000s ]
SQL: SELECT * FROM `tb_articletype` WHERE ( `Cid` = 7 ) LIMIT 1   [ RunTime:0.001000s ]
INFO: Run Behavior\ParseTemplateBehavior [ RunTime:0.098006s ]
INFO: [ view_parse ] --END-- [ RunTime:0.098006s ]
INFO: [ view_filter ] --START--
INFO: Run Behavior\WriteHtmlCacheBehavior [ RunTime:0.001000s ]
INFO: [ view_filter ] --END-- [ RunTime:0.001000s ]
INFO: [ app_end ] --START--
INFO: Run Behavior\ShowPageTraceBehavior [ RunTime:0.002000s ]
INFO: [ app_end ] --END-- [ RunTime:0.002000s ]

[ 2017-04-06T22:53:18+08:00 ] 127.0.0.1 /bkweb/index.php/home/blogadmin/index
INFO: [ app_init ] --START--
INFO: Run Behavior\BuildLiteBehavior [ RunTime:0.000000s ]
INFO: [ app_init ] --END-- [ RunTime:0.001000s ]
INFO: [ app_begin ] --START--
INFO: Run Behavior\ReadHtmlCacheBehavior [ RunTime:0.002000s ]
INFO: [ app_begin ] --END-- [ RunTime:0.002000s ]
INFO: [ view_parse ] --START--
INFO: [ template_filter ] --START--
INFO: Run Behavior\ContentReplaceBehavior [ RunTime:0.000000s ]
INFO: [ template_filter ] --END-- [ RunTime:0.001000s ]
INFO: Run Behavior\ParseTemplateBehavior [ RunTime:0.022001s ]
INFO: [ view_parse ] --END-- [ RunTime:0.022001s ]
INFO: [ view_filter ] --START--
INFO: Run Behavior\WriteHtmlCacheBehavior [ RunTime:0.001000s ]
INFO: [ view_filter ] --END-- [ RunTime:0.001000s ]
INFO: [ app_end ] --START--
INFO: Run Behavior\ShowPageTraceBehavior [ RunTime:0.001000s ]
INFO: [ app_end ] --END-- [ RunTime:0.001000s ]

[ 2017-04-06T22:53:19+08:00 ] 127.0.0.1 /bkweb/index.php/home/blogeditor/useriflist
INFO: [ app_init ] --START--
INFO: Run Behavior\BuildLiteBehavior [ RunTime:0.000000s ]
INFO: [ app_init ] --END-- [ RunTime:0.000000s ]
INFO: [ app_begin ] --START--
INFO: Run Behavior\ReadHtmlCacheBehavior [ RunTime:0.001000s ]
INFO: [ app_begin ] --END-- [ RunTime:0.001000s ]
SQL: SHOW COLUMNS FROM `tb_user` [ RunTime:0.006000s ]
NOTIC: [8] Use of undefined constant UserName - assumed 'UserName' D:\phpStudy\WWW\bkweb\Application\Home\Controller\BlogeditorController.class.php 第 8 行.
SQL: SELECT * FROM `tb_user` WHERE ( `UserName` = 'admin' )  [ RunTime:0.001001s ]
INFO: [ view_parse ] --START--
INFO: [ template_filter ] --START--
INFO: Run Behavior\ContentReplaceBehavior [ RunTime:0.001000s ]
INFO: [ template_filter ] --END-- [ RunTime:0.001000s ]
INFO: Run Behavior\ParseTemplateBehavior [ RunTime:0.278015s ]
INFO: [ view_parse ] --END-- [ RunTime:0.278015s ]
INFO: [ view_filter ] --START--
INFO: Run Behavior\WriteHtmlCacheBehavior [ RunTime:0.001001s ]
INFO: [ view_filter ] --END-- [ RunTime:0.001001s ]
INFO: [ app_end ] --START--
INFO: Run Behavior\ShowPageTraceBehavior [ RunTime:0.001000s ]
INFO: [ app_end ] --END-- [ RunTime:0.001000s ]

[ 2017-04-06T22:53:21+08:00 ] 127.0.0.1 /bkweb/index.php/home/blogeditor/userinfo
INFO: [ app_init ] --START--
INFO: Run Behavior\BuildLiteBehavior [ RunTime:0.000000s ]
INFO: [ app_init ] --END-- [ RunTime:0.001000s ]
INFO: [ app_begin ] --START--
INFO: Run Behavior\ReadHtmlCacheBehavior [ RunTime:0.002001s ]
INFO: [ app_begin ] --END-- [ RunTime:0.002001s ]
INFO: [ view_parse ] --START--
INFO: [ template_filter ] --START--
INFO: Run Behavior\ContentReplaceBehavior [ RunTime:0.000000s ]
INFO: [ template_filter ] --END-- [ RunTime:0.000000s ]
INFO: Run Behavior\ParseTemplateBehavior [ RunTime:0.048003s ]
INFO: [ view_parse ] --END-- [ RunTime:0.049003s ]
INFO: [ view_filter ] --START--
INFO: Run Behavior\WriteHtmlCacheBehavior [ RunTime:0.001000s ]
INFO: [ view_filter ] --END-- [ RunTime:0.001000s ]
INFO: [ app_end ] --START--
INFO: Run Behavior\ShowPageTraceBehavior [ RunTime:0.001000s ]
INFO: [ app_end ] --END-- [ RunTime:0.001000s ]

[ 2017-04-06T22:53:51+08:00 ] 127.0.0.1 /bkweb/index.php/home/blogeditor/useriflist
INFO: [ app_init ] --START--
INFO: Run Behavior\BuildLiteBehavior [ RunTime:0.000000s ]
INFO: [ app_init ] --END-- [ RunTime:0.001000s ]
INFO: [ app_begin ] --START--
INFO: Run Behavior\ReadHtmlCacheBehavior [ RunTime:0.001000s ]
INFO: [ app_begin ] --END-- [ RunTime:0.002000s ]
SQL: SHOW COLUMNS FROM `tb_user` [ RunTime:0.007001s ]
NOTIC: [8] Use of undefined constant UserName - assumed 'UserName' D:\phpStudy\WWW\bkweb\Application\Home\Controller\BlogeditorController.class.php 第 8 行.
SQL: SELECT * FROM `tb_user` WHERE ( `UserName` = 'admin' )  [ RunTime:0.001000s ]
INFO: [ view_parse ] --START--
INFO: [ template_filter ] --START--
INFO: Run Behavior\ContentReplaceBehavior [ RunTime:0.001000s ]
INFO: [ template_filter ] --END-- [ RunTime:0.001000s ]
INFO: Run Behavior\ParseTemplateBehavior [ RunTime:0.019001s ]
INFO: [ view_parse ] --END-- [ RunTime:0.019001s ]
INFO: [ view_filter ] --START--
INFO: Run Behavior\WriteHtmlCacheBehavior [ RunTime:0.000000s ]
INFO: [ view_filter ] --END-- [ RunTime:0.000000s ]
INFO: [ app_end ] --START--
INFO: Run Behavior\ShowPageTraceBehavior [ RunTime:0.001000s ]
INFO: [ app_end ] --END-- [ RunTime:0.001000s ]

[ 2017-04-06T22:55:35+08:00 ] 127.0.0.1 /bkweb/index.php/home/blogeditor/userinfo
INFO: [ app_init ] --START--
INFO: Run Behavior\BuildLiteBehavior [ RunTime:0.000000s ]
INFO: [ app_init ] --END-- [ RunTime:0.001000s ]
INFO: [ app_begin ] --START--
INFO: Run Behavior\ReadHtmlCacheBehavior [ RunTime:0.002000s ]
INFO: [ app_begin ] --END-- [ RunTime:0.002000s ]
INFO: [ view_parse ] --START--
INFO: [ template_filter ] --START--
INFO: Run Behavior\ContentReplaceBehavior [ RunTime:0.000000s ]
INFO: [ template_filter ] --END-- [ RunTime:0.000000s ]
INFO: Run Behavior\ParseTemplateBehavior [ RunTime:0.016001s ]
INFO: [ view_parse ] --END-- [ RunTime:0.016001s ]
INFO: [ view_filter ] --START--
INFO: Run Behavior\WriteHtmlCacheBehavior [ RunTime:0.001000s ]
INFO: [ view_filter ] --END-- [ RunTime:0.001000s ]
INFO: [ app_end ] --START--
INFO: Run Behavior\ShowPageTraceBehavior [ RunTime:0.002000s ]
INFO: [ app_end ] --END-- [ RunTime:0.002000s ]

[ 2017-04-06T22:56:16+08:00 ] 127.0.0.1 /bkweb/index.php/
INFO: [ app_init ] --START--
INFO: Run Behavior\BuildLiteBehavior [ RunTime:0.000000s ]
INFO: [ app_init ] --END-- [ RunTime:0.001000s ]
INFO: [ app_begin ] --START--
INFO: Run Behavior\ReadHtmlCacheBehavior [ RunTime:0.001000s ]
INFO: [ app_begin ] --END-- [ RunTime:0.002000s ]
SQL: SHOW COLUMNS FROM `tb_images` [ RunTime:0.007001s ]
SQL: SELECT * FROM `tb_images` WHERE ( `tid` = 1 ) LIMIT 1   [ RunTime:0.000000s ]
SQL: SELECT * FROM `tb_images` WHERE ( `tid` = 2 ) LIMIT 1   [ RunTime:0.001000s ]
SQL: SHOW COLUMNS FROM `tb_article` [ RunTime:0.007000s ]
SQL: SELECT COUNT(*) AS tp_count FROM `tb_article` LIMIT 1   [ RunTime:0.000000s ]
SQL: SELECT * FROM `tb_article` ORDER BY SdTime desc LIMIT 0,5   [ RunTime:0.001000s ]
SQL: SHOW COLUMNS FROM `tb_articletype` [ RunTime:0.006000s ]
SQL: SELECT `articleType_name` FROM `tb_articletype` WHERE ( 1=1 AND Cid='6' ) LIMIT 1   [ RunTime:0.001000s ]
SQL: SHOW COLUMNS FROM `tb_articlefamily` [ RunTime:0.006000s ]
SQL: SELECT `familyname` FROM `tb_articlefamily` WHERE ( 1=1 AND Fid='1' ) LIMIT 1   [ RunTime:0.000000s ]
SQL: SHOW COLUMNS FROM `tb_user` [ RunTime:0.007001s ]
SQL: SELECT `UserName`,`NickName`,`Headimglink` FROM `tb_user` WHERE ( 1=1 AND Uid='1' ) LIMIT 1   [ RunTime:0.001000s ]
SQL: SELECT `articleType_name` FROM `tb_articletype` WHERE ( 1=1 AND Cid='4' ) LIMIT 1   [ RunTime:0.001000s ]
SQL: SELECT `familyname` FROM `tb_articlefamily` WHERE ( 1=1 AND Fid='2' ) LIMIT 1   [ RunTime:0.001000s ]
SQL: SELECT `UserName`,`NickName`,`Headimglink` FROM `tb_user` WHERE ( 1=1 AND Uid='1' ) LIMIT 1   [ RunTime:0.001000s ]
SQL: SELECT `articleType_name` FROM `tb_articletype` WHERE ( 1=1 AND Cid='5' ) LIMIT 1   [ RunTime:0.000000s ]
SQL: SELECT `familyname` FROM `tb_articlefamily` WHERE ( 1=1 AND Fid='2' ) LIMIT 1   [ RunTime:0.000000s ]
SQL: SELECT `UserName`,`NickName`,`Headimglink` FROM `tb_user` WHERE ( 1=1 AND Uid='1' ) LIMIT 1   [ RunTime:0.001000s ]
SQL: SELECT `articleType_name` FROM `tb_articletype` WHERE ( 1=1 AND Cid='4' ) LIMIT 1   [ RunTime:0.000000s ]
SQL: SELECT `familyname` FROM `tb_articlefamily` WHERE ( 1=1 AND Fid='2' ) LIMIT 1   [ RunTime:0.000000s ]
SQL: SELECT `UserName`,`NickName`,`Headimglink` FROM `tb_user` WHERE ( 1=1 AND Uid='1' ) LIMIT 1   [ RunTime:0.001000s ]
SQL: SELECT `articleType_name` FROM `tb_articletype` WHERE ( 1=1 AND Cid='5' ) LIMIT 1   [ RunTime:0.001000s ]
SQL: SELECT `familyname` FROM `tb_articlefamily` WHERE ( 1=1 AND Fid='2' ) LIMIT 1   [ RunTime:0.001000s ]
SQL: SELECT `UserName`,`NickName`,`Headimglink` FROM `tb_user` WHERE ( 1=1 AND Uid='1' ) LIMIT 1   [ RunTime:0.001001s ]
INFO: [ view_parse ] --START--
NOTIC: [8] Array to string conversion D:\phpStudy\WWW\bkweb\Application\Home\TagLib\My.class.php 第 13 行.
NOTIC: [8] Undefined property: Home\TagLib\My::$Array D:\phpStudy\WWW\bkweb\Application\Home\TagLib\My.class.php 第 13 行.
INFO: [ template_filter ] --START--
INFO: Run Behavior\ContentReplaceBehavior [ RunTime:0.000000s ]
INFO: [ template_filter ] --END-- [ RunTime:0.000000s ]
SQL: SHOW COLUMNS FROM `tb_articletype` [ RunTime:0.006001s ]
SQL: SELECT * FROM `tb_articletype`  [ RunTime:0.001000s ]
SQL: SHOW COLUMNS FROM `tb_article` [ RunTime:0.006000s ]
SQL: SELECT `Aid`,`Title`,`ViewNum` FROM `tb_article` ORDER BY ViewNum desc LIMIT 8   [ RunTime:0.000000s ]
INFO: Run Behavior\ParseTemplateBehavior [ RunTime:0.045002s ]
INFO: [ view_parse ] --END-- [ RunTime:0.046002s ]
INFO: [ view_filter ] --START--
INFO: Run Behavior\WriteHtmlCacheBehavior [ RunTime:0.001000s ]
INFO: [ view_filter ] --END-- [ RunTime:0.001000s ]
INFO: [ app_end ] --START--
INFO: Run Behavior\ShowPageTraceBehavior [ RunTime:0.001000s ]
INFO: [ app_end ] --END-- [ RunTime:0.001000s ]

[ 2017-04-06T22:56:28+08:00 ] 127.0.0.1 /bkweb/index.php/home/blogzj/index
INFO: [ app_init ] --START--
INFO: Run Behavior\BuildLiteBehavior [ RunTime:0.000000s ]
INFO: [ app_init ] --END-- [ RunTime:0.001000s ]
INFO: [ app_begin ] --START--
INFO: Run Behavior\ReadHtmlCacheBehavior [ RunTime:0.001000s ]
INFO: [ app_begin ] --END-- [ RunTime:0.001000s ]
SQL: SHOW COLUMNS FROM `tb_user` [ RunTime:0.006001s ]
SQL: SELECT * FROM `tb_user` ORDER BY Articlecount desc LIMIT 8   [ RunTime:0.001000s ]
SQL: SELECT * FROM `tb_user` WHERE ( `UserName` = 'admin' ) LIMIT 1   [ RunTime:0.001000s ]
SQL: SHOW COLUMNS FROM `tb_friend` [ RunTime:0.007000s ]
SQL: SELECT * FROM `tb_friend` WHERE ( `Userid` = 1 )  [ RunTime:0.001000s ]
INFO: [ view_parse ] --START--
INFO: [ template_filter ] --START--
INFO: Run Behavior\ContentReplaceBehavior [ RunTime:0.000000s ]
INFO: [ template_filter ] --END-- [ RunTime:0.001000s ]
SQL: SHOW COLUMNS FROM `tb_article` [ RunTime:0.006000s ]
SQL: SELECT SUM(ViewNum) AS tp_sum FROM `tb_article` WHERE ( `Uid` = 1 ) LIMIT 1   [ RunTime:0.001000s ]
SQL: SELECT * FROM `tb_friend` WHERE ( `UserName` = 'admin' ) AND ( `friend_friendid` = 1 ) LIMIT 1   [ RunTime:0.000000s ]
SQL: SELECT SUM(ViewNum) AS tp_sum FROM `tb_article` WHERE ( `Uid` = 5 ) LIMIT 1   [ RunTime:0.001000s ]
SQL: SELECT * FROM `tb_friend` WHERE ( `UserName` = 'admin' ) AND ( `friend_friendid` = 5 ) LIMIT 1   [ RunTime:0.001000s ]
SQL: SELECT SUM(ViewNum) AS tp_sum FROM `tb_article` WHERE ( `Uid` = 2 ) LIMIT 1   [ RunTime:0.001000s ]
SQL: SELECT * FROM `tb_friend` WHERE ( `UserName` = 'admin' ) AND ( `friend_friendid` = 2 ) LIMIT 1   [ RunTime:0.001000s ]
SQL: SELECT SUM(ViewNum) AS tp_sum FROM `tb_article` WHERE ( `Uid` = 3 ) LIMIT 1   [ RunTime:0.000000s ]
SQL: SELECT * FROM `tb_friend` WHERE ( `UserName` = 'admin' ) AND ( `friend_friendid` = 3 ) LIMIT 1   [ RunTime:0.001000s ]
SQL: SELECT SUM(ViewNum) AS tp_sum FROM `tb_article` WHERE ( `Uid` = 4 ) LIMIT 1   [ RunTime:0.001000s ]
SQL: SELECT * FROM `tb_friend` WHERE ( `UserName` = 'admin' ) AND ( `friend_friendid` = 4 ) LIMIT 1   [ RunTime:0.001001s ]
SQL: SELECT SUM(ViewNum) AS tp_sum FROM `tb_article` WHERE ( `Uid` = 6 ) LIMIT 1   [ RunTime:0.000000s ]
SQL: SELECT * FROM `tb_friend` WHERE ( `UserName` = 'admin' ) AND ( `friend_friendid` = 6 ) LIMIT 1   [ RunTime:0.000000s ]
SQL: SELECT SUM(ViewNum) AS tp_sum FROM `tb_article` WHERE ( `Uid` = 7 ) LIMIT 1   [ RunTime:0.000000s ]
SQL: SELECT * FROM `tb_friend` WHERE ( `UserName` = 'admin' ) AND ( `friend_friendid` = 7 ) LIMIT 1   [ RunTime:0.000000s ]
SQL: SELECT SUM(ViewNum) AS tp_sum FROM `tb_article` WHERE ( `Uid` = 8 ) LIMIT 1   [ RunTime:0.000000s ]
SQL: SELECT * FROM `tb_friend` WHERE ( `UserName` = 'admin' ) AND ( `friend_friendid` = 8 ) LIMIT 1   [ RunTime:0.000000s ]
SQL: SELECT SUM(ViewNum) AS tp_sum FROM `tb_article` WHERE ( `Uid` = 1 ) LIMIT 1   [ RunTime:0.000000s ]
SQL: SELECT * FROM `tb_friend` WHERE ( `UserName` = 'admin' ) AND ( `friend_friendid` = 1 ) LIMIT 1   [ RunTime:0.000000s ]
SQL: SELECT SUM(ViewNum) AS tp_sum FROM `tb_article` WHERE ( `Uid` = 5 ) LIMIT 1   [ RunTime:0.000000s ]
SQL: SELECT * FROM `tb_friend` WHERE ( `UserName` = 'admin' ) AND ( `friend_friendid` = 5 ) LIMIT 1   [ RunTime:0.000000s ]
SQL: SELECT SUM(ViewNum) AS tp_sum FROM `tb_article` WHERE ( `Uid` = 2 ) LIMIT 1   [ RunTime:0.000000s ]
SQL: SELECT * FROM `tb_friend` WHERE ( `UserName` = 'admin' ) AND ( `friend_friendid` = 2 ) LIMIT 1   [ RunTime:0.000000s ]
SQL: SELECT SUM(ViewNum) AS tp_sum FROM `tb_article` WHERE ( `Uid` = 3 ) LIMIT 1   [ RunTime:0.000000s ]
SQL: SELECT * FROM `tb_friend` WHERE ( `UserName` = 'admin' ) AND ( `friend_friendid` = 3 ) LIMIT 1   [ RunTime:0.000000s ]
SQL: SELECT SUM(ViewNum) AS tp_sum FROM `tb_article` WHERE ( `Uid` = 4 ) LIMIT 1   [ RunTime:0.001000s ]
SQL: SELECT * FROM `tb_friend` WHERE ( `UserName` = 'admin' ) AND ( `friend_friendid` = 4 ) LIMIT 1   [ RunTime:0.001000s ]
SQL: SELECT SUM(ViewNum) AS tp_sum FROM `tb_article` WHERE ( `Uid` = 6 ) LIMIT 1   [ RunTime:0.001000s ]
SQL: SELECT * FROM `tb_friend` WHERE ( `UserName` = 'admin' ) AND ( `friend_friendid` = 6 ) LIMIT 1   [ RunTime:0.001000s ]
SQL: SELECT SUM(ViewNum) AS tp_sum FROM `tb_article` WHERE ( `Uid` = 7 ) LIMIT 1   [ RunTime:0.001000s ]
SQL: SELECT * FROM `tb_friend` WHERE ( `UserName` = 'admin' ) AND ( `friend_friendid` = 7 ) LIMIT 1   [ RunTime:0.001001s ]
SQL: SELECT SUM(ViewNum) AS tp_sum FROM `tb_article` WHERE ( `Uid` = 8 ) LIMIT 1   [ RunTime:0.001000s ]
SQL: SELECT * FROM `tb_friend` WHERE ( `UserName` = 'admin' ) AND ( `friend_friendid` = 8 ) LIMIT 1   [ RunTime:0.001000s ]
INFO: Run Behavior\ParseTemplateBehavior [ RunTime:0.078005s ]
INFO: [ view_parse ] --END-- [ RunTime:0.078005s ]
INFO: [ view_filter ] --START--
INFO: Run Behavior\WriteHtmlCacheBehavior [ RunTime:0.001000s ]
INFO: [ view_filter ] --END-- [ RunTime:0.002000s ]
INFO: [ app_end ] --START--
INFO: Run Behavior\ShowPageTraceBehavior [ RunTime:0.001000s ]
INFO: [ app_end ] --END-- [ RunTime:0.002000s ]

[ 2017-04-06T22:58:15+08:00 ] 127.0.0.1 /bkweb/index.php/home/blogspecial/index
INFO: [ app_init ] --START--
INFO: Run Behavior\BuildLiteBehavior [ RunTime:0.000000s ]
INFO: [ app_init ] --END-- [ RunTime:0.001000s ]
INFO: [ app_begin ] --START--
INFO: Run Behavior\ReadHtmlCacheBehavior [ RunTime:0.001000s ]
INFO: [ app_begin ] --END-- [ RunTime:0.001000s ]
SQL: SHOW COLUMNS FROM `tb_article` [ RunTime:0.007001s ]
SQL: SELECT MAX(ViewNum) AS tp_max FROM `tb_article` LIMIT 1   [ RunTime:0.000000s ]
SQL: SELECT * FROM `tb_article` WHERE ( `ViewNum` = 51 ) ORDER BY SdTime desc LIMIT 1   [ RunTime:0.001000s ]
SQL: SHOW COLUMNS FROM `tb_articletype` [ RunTime:0.006000s ]
SQL: SELECT `articleType_name` FROM `tb_articletype` WHERE ( 1=1 AND Cid='3' ) LIMIT 1   [ RunTime:0.001000s ]
SQL: SHOW COLUMNS FROM `tb_articlefamily` [ RunTime:0.006001s ]
SQL: SELECT `familyname` FROM `tb_articlefamily` WHERE ( 1=1 AND Fid='2' ) LIMIT 1   [ RunTime:0.000000s ]
SQL: SHOW COLUMNS FROM `tb_user` [ RunTime:0.007000s ]
SQL: SELECT `UserName`,`NickName`,`Headimglink` FROM `tb_user` WHERE ( 1=1 AND Uid='1' ) LIMIT 1   [ RunTime:0.001000s ]
SQL: SELECT COUNT(*) AS tp_count FROM `tb_article` WHERE ( `recom` = 1 ) LIMIT 1   [ RunTime:0.000000s ]
SQL: SELECT * FROM `tb_article` WHERE ( `recom` = 1 ) ORDER BY SdTime desc LIMIT 0,9   [ RunTime:0.001000s ]
SQL: SELECT `articleType_name` FROM `tb_articletype` WHERE ( 1=1 AND Cid='4' ) LIMIT 1   [ RunTime:0.000000s ]
SQL: SELECT `familyname` FROM `tb_articlefamily` WHERE ( 1=1 AND Fid='2' ) LIMIT 1   [ RunTime:0.000000s ]
SQL: SELECT `UserName`,`NickName`,`Headimglink` FROM `tb_user` WHERE ( 1=1 AND Uid='1' ) LIMIT 1   [ RunTime:0.001000s ]
SQL: SELECT `articleType_name` FROM `tb_articletype` WHERE ( 1=1 AND Cid='5' ) LIMIT 1   [ RunTime:0.000000s ]
SQL: SELECT `familyname` FROM `tb_articlefamily` WHERE ( 1=1 AND Fid='2' ) LIMIT 1   [ RunTime:0.001000s ]
SQL: SELECT `UserName`,`NickName`,`Headimglink` FROM `tb_user` WHERE ( 1=1 AND Uid='1' ) LIMIT 1   [ RunTime:0.000000s ]
SQL: SELECT `articleType_name` FROM `tb_articletype` WHERE ( 1=1 AND Cid='5' ) LIMIT 1   [ RunTime:0.000000s ]
SQL: SELECT `familyname` FROM `tb_articlefamily` WHERE ( 1=1 AND Fid='2' ) LIMIT 1   [ RunTime:0.000000s ]
SQL: SELECT `UserName`,`NickName`,`Headimglink` FROM `tb_user` WHERE ( 1=1 AND Uid='1' ) LIMIT 1   [ RunTime:0.000000s ]
SQL: SELECT `articleType_name` FROM `tb_articletype` WHERE ( 1=1 AND Cid='2' ) LIMIT 1   [ RunTime:0.000000s ]
SQL: SELECT `familyname` FROM `tb_articlefamily` WHERE ( 1=1 AND Fid='2' ) LIMIT 1   [ RunTime:0.000000s ]
SQL: SELECT `UserName`,`NickName`,`Headimglink` FROM `tb_user` WHERE ( 1=1 AND Uid='1' ) LIMIT 1   [ RunTime:0.000000s ]
SQL: SELECT `articleType_name` FROM `tb_articletype` WHERE ( 1=1 AND Cid='8' ) LIMIT 1   [ RunTime:0.001000s ]
SQL: SELECT `familyname` FROM `tb_articlefamily` WHERE ( 1=1 AND Fid='2' ) LIMIT 1   [ RunTime:0.000000s ]
SQL: SELECT `UserName`,`NickName`,`Headimglink` FROM `tb_user` WHERE ( 1=1 AND Uid='1' ) LIMIT 1   [ RunTime:0.001000s ]
SQL: SELECT `articleType_name` FROM `tb_articletype` WHERE ( 1=1 AND Cid='7' ) LIMIT 1   [ RunTime:0.001000s ]
SQL: SELECT `familyname` FROM `tb_articlefamily` WHERE ( 1=1 AND Fid='2' ) LIMIT 1   [ RunTime:0.001000s ]
SQL: SELECT `UserName`,`NickName`,`Headimglink` FROM `tb_user` WHERE ( 1=1 AND Uid='1' ) LIMIT 1   [ RunTime:0.001000s ]
SQL: SELECT `articleType_name` FROM `tb_articletype` WHERE ( 1=1 AND Cid='3' ) LIMIT 1   [ RunTime:0.001001s ]
SQL: SELECT `familyname` FROM `tb_articlefamily` WHERE ( 1=1 AND Fid='2' ) LIMIT 1   [ RunTime:0.001000s ]
SQL: SELECT `UserName`,`NickName`,`Headimglink` FROM `tb_user` WHERE ( 1=1 AND Uid='1' ) LIMIT 1   [ RunTime:0.001000s ]
SQL: SELECT `articleType_name` FROM `tb_articletype` WHERE ( 1=1 AND Cid='1' ) LIMIT 1   [ RunTime:0.001000s ]
SQL: SELECT `familyname` FROM `tb_articlefamily` WHERE ( 1=1 AND Fid='1' ) LIMIT 1   [ RunTime:0.000000s ]
SQL: SELECT `UserName`,`NickName`,`Headimglink` FROM `tb_user` WHERE ( 1=1 AND Uid='5' ) LIMIT 1   [ RunTime:0.001000s ]
SQL: SELECT `articleType_name` FROM `tb_articletype` WHERE ( 1=1 AND Cid='2' ) LIMIT 1   [ RunTime:0.001000s ]
SQL: SELECT `familyname` FROM `tb_articlefamily` WHERE ( 1=1 AND Fid='1' ) LIMIT 1   [ RunTime:0.000000s ]
SQL: SELECT `UserName`,`NickName`,`Headimglink` FROM `tb_user` WHERE ( 1=1 AND Uid='1' ) LIMIT 1   [ RunTime:0.000000s ]
INFO: [ view_parse ] --START--
NOTIC: [8] Array to string conversion D:\phpStudy\WWW\bkweb\Application\Home\TagLib\My.class.php 第 13 行.
NOTIC: [8] Undefined property: Home\TagLib\My::$Array D:\phpStudy\WWW\bkweb\Application\Home\TagLib\My.class.php 第 13 行.
INFO: [ template_filter ] --START--
INFO: Run Behavior\ContentReplaceBehavior [ RunTime:0.000000s ]
INFO: [ template_filter ] --END-- [ RunTime:0.000000s ]
SQL: SHOW COLUMNS FROM `tb_articletype` [ RunTime:0.005000s ]
SQL: SELECT * FROM `tb_articletype`  [ RunTime:0.001000s ]
SQL: SELECT * FROM `tb_article` ORDER BY ViewNum desc LIMIT 5   [ RunTime:0.001000s ]
SQL: SELECT `articleType_name` FROM `tb_articletype` WHERE ( 1=1 AND Cid='1' ) LIMIT 1   [ RunTime:0.000000s ]
SQL: SELECT `familyname` FROM `tb_articlefamily` WHERE ( 1=1 AND Fid='1' ) LIMIT 1   [ RunTime:0.001000s ]
SQL: SELECT `UserName`,`NickName`,`Headimglink` FROM `tb_user` WHERE ( 1=1 AND Uid='5' ) LIMIT 1   [ RunTime:0.001000s ]
SQL: SELECT `articleType_name` FROM `tb_articletype` WHERE ( 1=1 AND Cid='3' ) LIMIT 1   [ RunTime:0.000000s ]
SQL: SELECT `familyname` FROM `tb_articlefamily` WHERE ( 1=1 AND Fid='2' ) LIMIT 1   [ RunTime:0.000000s ]
SQL: SELECT `UserName`,`NickName`,`Headimglink` FROM `tb_user` WHERE ( 1=1 AND Uid='1' ) LIMIT 1   [ RunTime:0.000000s ]
SQL: SELECT `articleType_name` FROM `tb_articletype` WHERE ( 1=1 AND Cid='1' ) LIMIT 1   [ RunTime:0.000000s ]
SQL: SELECT `familyname` FROM `tb_articlefamily` WHERE ( 1=1 AND Fid='1' ) LIMIT 1   [ RunTime:0.000000s ]
SQL: SELECT `UserName`,`NickName`,`Headimglink` FROM `tb_user` WHERE ( 1=1 AND Uid='1' ) LIMIT 1   [ RunTime:0.001000s ]
SQL: SELECT `articleType_name` FROM `tb_articletype` WHERE ( 1=1 AND Cid='5' ) LIMIT 1   [ RunTime:0.000000s ]
SQL: SELECT `familyname` FROM `tb_articlefamily` WHERE ( 1=1 AND Fid='2' ) LIMIT 1   [ RunTime:0.000000s ]
SQL: SELECT `UserName`,`NickName`,`Headimglink` FROM `tb_user` WHERE ( 1=1 AND Uid='1' ) LIMIT 1   [ RunTime:0.001000s ]
SQL: SELECT `articleType_name` FROM `tb_articletype` WHERE ( 1=1 AND Cid='2' ) LIMIT 1   [ RunTime:0.000000s ]
SQL: SELECT `familyname` FROM `tb_articlefamily` WHERE ( 1=1 AND Fid='1' ) LIMIT 1   [ RunTime:0.000000s ]
SQL: SELECT `UserName`,`NickName`,`Headimglink` FROM `tb_user` WHERE ( 1=1 AND Uid='1' ) LIMIT 1   [ RunTime:0.000000s ]
INFO: Run Behavior\ParseTemplateBehavior [ RunTime:0.051003s ]
INFO: [ view_parse ] --END-- [ RunTime:0.051003s ]
INFO: [ view_filter ] --START--
INFO: Run Behavior\WriteHtmlCacheBehavior [ RunTime:0.001000s ]
INFO: [ view_filter ] --END-- [ RunTime:0.001000s ]
INFO: [ app_end ] --START--
INFO: Run Behavior\ShowPageTraceBehavior [ RunTime:0.001000s ]
INFO: [ app_end ] --END-- [ RunTime:0.001000s ]

[ 2017-04-06T22:58:18+08:00 ] 127.0.0.1 /bkweb/index.php/home/10
INFO: [ app_init ] --START--
INFO: Run Behavior\BuildLiteBehavior [ RunTime:0.000000s ]
INFO: [ app_init ] --END-- [ RunTime:0.001000s ]
INFO: [ app_begin ] --START--
INFO: Run Behavior\ReadHtmlCacheBehavior [ RunTime:0.002000s ]
INFO: [ app_begin ] --END-- [ RunTime:0.002000s ]
SQL: SHOW COLUMNS FROM `tb_article` [ RunTime:0.007000s ]
SQL: SELECT * FROM `tb_article` WHERE ( `Aid` = 10 ) LIMIT 1   [ RunTime:0.001000s ]
SQL: SHOW COLUMNS FROM `tb_articletype` [ RunTime:0.005001s ]
SQL: SELECT `articleType_name` FROM `tb_articletype` WHERE ( 1=1 AND Cid='2' ) LIMIT 1   [ RunTime:0.000000s ]
SQL: SHOW COLUMNS FROM `tb_articlefamily` [ RunTime:0.006000s ]
SQL: SELECT `familyname` FROM `tb_articlefamily` WHERE ( 1=1 AND Fid='2' ) LIMIT 1   [ RunTime:0.000000s ]
SQL: SHOW COLUMNS FROM `tb_user` [ RunTime:0.007001s ]
SQL: SELECT `UserName`,`NickName`,`Headimglink` FROM `tb_user` WHERE ( 1=1 AND Uid='1' ) LIMIT 1   [ RunTime:0.000000s ]
NOTIC: [8] Use of undefined constant UserName - assumed 'UserName' D:\phpStudy\WWW\bkweb\Application\Home\Controller\BlogcontentController.class.php 第 14 行.
SQL: SHOW COLUMNS FROM `tb_user` [ RunTime:0.006000s ]
SQL: SELECT * FROM `tb_user` WHERE ( `Uid` = 1 ) LIMIT 1   [ RunTime:0.000000s ]
SQL: SELECT * FROM `tb_user` WHERE ( `UserName` = 'admin' ) LIMIT 1   [ RunTime:0.000000s ]
SQL: SHOW COLUMNS FROM `tb_favoriteblog` [ RunTime:0.032002s ]
SQL: SELECT * FROM `tb_favoriteblog` WHERE ( `Uid` = 1 ) AND ( `Aid` = 10 ) LIMIT 1   [ RunTime:0.000000s ]
SQL: SELECT COUNT(*) AS tp_count FROM `tb_article` WHERE ( `Uid` = 1 ) LIMIT 1   [ RunTime:0.000000s ]
SQL: SELECT COUNT(*) AS tp_count FROM `tb_article` WHERE ( `Uid` = 1 ) AND ( `Fid` = 1 ) LIMIT 1   [ RunTime:0.000000s ]
SQL: SELECT COUNT(*) AS tp_count FROM `tb_article` WHERE ( `Uid` = 1 ) AND ( `Fid` = 2 ) LIMIT 1   [ RunTime:0.000000s ]
SQL: SELECT * FROM `tb_article` WHERE ( `Cid` = 2 ) ORDER BY rand() LIMIT 3   [ RunTime:0.001000s ]
SQL: SELECT `articleType_name` FROM `tb_articletype` WHERE ( 1=1 AND Cid='2' ) LIMIT 1   [ RunTime:0.000000s ]
SQL: SELECT `familyname` FROM `tb_articlefamily` WHERE ( 1=1 AND Fid='1' ) LIMIT 1   [ RunTime:0.000000s ]
SQL: SELECT `UserName`,`NickName`,`Headimglink` FROM `tb_user` WHERE ( 1=1 AND Uid='1' ) LIMIT 1   [ RunTime:0.000000s ]
SQL: SELECT `articleType_name` FROM `tb_articletype` WHERE ( 1=1 AND Cid='2' ) LIMIT 1   [ RunTime:0.000000s ]
SQL: SELECT `familyname` FROM `tb_articlefamily` WHERE ( 1=1 AND Fid='2' ) LIMIT 1   [ RunTime:0.001000s ]
SQL: SELECT `UserName`,`NickName`,`Headimglink` FROM `tb_user` WHERE ( 1=1 AND Uid='1' ) LIMIT 1   [ RunTime:0.000000s ]
SQL: SHOW COLUMNS FROM `tb_review` [ RunTime:0.007000s ]
SQL: SELECT * FROM `tb_review` WHERE ( `R_articleid` = 10 )  [ RunTime:0.027002s ]
SQL: SELECT COUNT(*) AS tp_count FROM `tb_review` WHERE ( `R_articleid` = 10 ) LIMIT 1   [ RunTime:0.001000s ]
NOTIC: [2] Invalid argument supplied for foreach() D:\phpStudy\WWW\bkweb\Application\Home\TagLib\Reviewgory.class.php 第 6 行.
SQL: SELECT * FROM `tb_article` WHERE ( `Uid` = 1 ) ORDER BY ViewNum desc LIMIT 5   [ RunTime:0.001000s ]
SQL: SELECT `articleType_name` FROM `tb_articletype` WHERE ( 1=1 AND Cid='3' ) LIMIT 1   [ RunTime:0.001000s ]
SQL: SELECT `familyname` FROM `tb_articlefamily` WHERE ( 1=1 AND Fid='2' ) LIMIT 1   [ RunTime:0.001000s ]
SQL: SELECT `UserName`,`NickName`,`Headimglink` FROM `tb_user` WHERE ( 1=1 AND Uid='1' ) LIMIT 1   [ RunTime:0.000000s ]
SQL: SELECT `articleType_name` FROM `tb_articletype` WHERE ( 1=1 AND Cid='1' ) LIMIT 1   [ RunTime:0.000000s ]
SQL: SELECT `familyname` FROM `tb_articlefamily` WHERE ( 1=1 AND Fid='1' ) LIMIT 1   [ RunTime:0.001000s ]
SQL: SELECT `UserName`,`NickName`,`Headimglink` FROM `tb_user` WHERE ( 1=1 AND Uid='1' ) LIMIT 1   [ RunTime:0.000000s ]
SQL: SELECT `articleType_name` FROM `tb_articletype` WHERE ( 1=1 AND Cid='5' ) LIMIT 1   [ RunTime:0.000000s ]
SQL: SELECT `familyname` FROM `tb_articlefamily` WHERE ( 1=1 AND Fid='2' ) LIMIT 1   [ RunTime:0.000000s ]
SQL: SELECT `UserName`,`NickName`,`Headimglink` FROM `tb_user` WHERE ( 1=1 AND Uid='1' ) LIMIT 1   [ RunTime:0.001000s ]
SQL: SELECT `articleType_name` FROM `tb_articletype` WHERE ( 1=1 AND Cid='2' ) LIMIT 1   [ RunTime:0.000000s ]
SQL: SELECT `familyname` FROM `tb_articlefamily` WHERE ( 1=1 AND Fid='1' ) LIMIT 1   [ RunTime:0.000000s ]
SQL: SELECT `UserName`,`NickName`,`Headimglink` FROM `tb_user` WHERE ( 1=1 AND Uid='1' ) LIMIT 1   [ RunTime:0.000000s ]
SQL: SELECT `articleType_name` FROM `tb_articletype` WHERE ( 1=1 AND Cid='7' ) LIMIT 1   [ RunTime:0.001000s ]
SQL: SELECT `familyname` FROM `tb_articlefamily` WHERE ( 1=1 AND Fid='2' ) LIMIT 1   [ RunTime:0.001000s ]
SQL: SELECT `UserName`,`NickName`,`Headimglink` FROM `tb_user` WHERE ( 1=1 AND Uid='1' ) LIMIT 1   [ RunTime:0.000000s ]
SQL: SELECT * FROM `tb_article` WHERE ( `Uid` = 1 ) ORDER BY CommentNum desc LIMIT 5   [ RunTime:0.000000s ]
SQL: SELECT `articleType_name` FROM `tb_articletype` WHERE ( 1=1 AND Cid='1' ) LIMIT 1   [ RunTime:0.000000s ]
SQL: SELECT `familyname` FROM `tb_articlefamily` WHERE ( 1=1 AND Fid='1' ) LIMIT 1   [ RunTime:0.000000s ]
SQL: SELECT `UserName`,`NickName`,`Headimglink` FROM `tb_user` WHERE ( 1=1 AND Uid='1' ) LIMIT 1   [ RunTime:0.001000s ]
SQL: SELECT `articleType_name` FROM `tb_articletype` WHERE ( 1=1 AND Cid='1' ) LIMIT 1   [ RunTime:0.000000s ]
SQL: SELECT `familyname` FROM `tb_articlefamily` WHERE ( 1=1 AND Fid='1' ) LIMIT 1   [ RunTime:0.000000s ]
SQL: SELECT `UserName`,`NickName`,`Headimglink` FROM `tb_user` WHERE ( 1=1 AND Uid='1' ) LIMIT 1   [ RunTime:0.000000s ]
SQL: SELECT `articleType_name` FROM `tb_articletype` WHERE ( 1=1 AND Cid='5' ) LIMIT 1   [ RunTime:0.000000s ]
SQL: SELECT `familyname` FROM `tb_articlefamily` WHERE ( 1=1 AND Fid='2' ) LIMIT 1   [ RunTime:0.001000s ]
SQL: SELECT `UserName`,`NickName`,`Headimglink` FROM `tb_user` WHERE ( 1=1 AND Uid='1' ) LIMIT 1   [ RunTime:0.000000s ]
SQL: SELECT `articleType_name` FROM `tb_articletype` WHERE ( 1=1 AND Cid='2' ) LIMIT 1   [ RunTime:0.000000s ]
SQL: SELECT `familyname` FROM `tb_articlefamily` WHERE ( 1=1 AND Fid='1' ) LIMIT 1   [ RunTime:0.001000s ]
SQL: SELECT `UserName`,`NickName`,`Headimglink` FROM `tb_user` WHERE ( 1=1 AND Uid='1' ) LIMIT 1   [ RunTime:0.001000s ]
SQL: SELECT `articleType_name` FROM `tb_articletype` WHERE ( 1=1 AND Cid='1' ) LIMIT 1   [ RunTime:0.000000s ]
SQL: SELECT `familyname` FROM `tb_articlefamily` WHERE ( 1=1 AND Fid='1' ) LIMIT 1   [ RunTime:0.000000s ]
SQL: SELECT `UserName`,`NickName`,`Headimglink` FROM `tb_user` WHERE ( 1=1 AND Uid='1' ) LIMIT 1   [ RunTime:0.000000s ]
INFO: [ view_parse ] --START--
INFO: [ template_filter ] --START--
INFO: Run Behavior\ContentReplaceBehavior [ RunTime:0.000000s ]
INFO: [ template_filter ] --END-- [ RunTime:0.000000s ]
SQL: SELECT * FROM `tb_article` WHERE ( `Aid` = 10 ) LIMIT 1   [ RunTime:0.000000s ]
SQL: SELECT `articleType_name` FROM `tb_articletype` WHERE ( 1=1 AND Cid='2' ) LIMIT 1   [ RunTime:0.000000s ]
SQL: SELECT `familyname` FROM `tb_articlefamily` WHERE ( 1=1 AND Fid='2' ) LIMIT 1   [ RunTime:0.001000s ]
SQL: SELECT `UserName`,`NickName`,`Headimglink` FROM `tb_user` WHERE ( 1=1 AND Uid='1' ) LIMIT 1   [ RunTime:0.000000s ]
SQL: SELECT COUNT(*) AS tp_count FROM `tb_article` WHERE ( `Cid` = 1 ) AND ( `Uid` = 1 ) LIMIT 1   [ RunTime:0.000000s ]
SQL: SHOW COLUMNS FROM `tb_articletype` [ RunTime:0.006000s ]
SQL: SELECT * FROM `tb_articletype` WHERE ( `Cid` = 1 ) LIMIT 1   [ RunTime:0.001000s ]
SQL: SELECT * FROM `tb_article` WHERE ( `Aid` = 10 ) LIMIT 1   [ RunTime:0.000000s ]
SQL: SELECT `articleType_name` FROM `tb_articletype` WHERE ( 1=1 AND Cid='2' ) LIMIT 1   [ RunTime:0.000000s ]
SQL: SELECT `familyname` FROM `tb_articlefamily` WHERE ( 1=1 AND Fid='2' ) LIMIT 1   [ RunTime:0.000000s ]
SQL: SELECT `UserName`,`NickName`,`Headimglink` FROM `tb_user` WHERE ( 1=1 AND Uid='1' ) LIMIT 1   [ RunTime:0.001000s ]
SQL: SELECT COUNT(*) AS tp_count FROM `tb_article` WHERE ( `Cid` = 2 ) AND ( `Uid` = 1 ) LIMIT 1   [ RunTime:0.001000s ]
SQL: SELECT * FROM `tb_articletype` WHERE ( `Cid` = 2 ) LIMIT 1   [ RunTime:0.000000s ]
SQL: SELECT * FROM `tb_article` WHERE ( `Aid` = 10 ) LIMIT 1   [ RunTime:0.000000s ]
SQL: SELECT `articleType_name` FROM `tb_articletype` WHERE ( 1=1 AND Cid='2' ) LIMIT 1   [ RunTime:0.000000s ]
SQL: SELECT `familyname` FROM `tb_articlefamily` WHERE ( 1=1 AND Fid='2' ) LIMIT 1   [ RunTime:0.000000s ]
SQL: SELECT `UserName`,`NickName`,`Headimglink` FROM `tb_user` WHERE ( 1=1 AND Uid='1' ) LIMIT 1   [ RunTime:0.000000s ]
SQL: SELECT COUNT(*) AS tp_count FROM `tb_article` WHERE ( `Cid` = 3 ) AND ( `Uid` = 1 ) LIMIT 1   [ RunTime:0.001000s ]
SQL: SELECT * FROM `tb_articletype` WHERE ( `Cid` = 3 ) LIMIT 1   [ RunTime:0.000000s ]
SQL: SELECT * FROM `tb_article` WHERE ( `Aid` = 10 ) LIMIT 1   [ RunTime:0.001000s ]
SQL: SELECT `articleType_name` FROM `tb_articletype` WHERE ( 1=1 AND Cid='2' ) LIMIT 1   [ RunTime:0.000000s ]
SQL: SELECT `familyname` FROM `tb_articlefamily` WHERE ( 1=1 AND Fid='2' ) LIMIT 1   [ RunTime:0.000000s ]
SQL: SELECT `UserName`,`NickName`,`Headimglink` FROM `tb_user` WHERE ( 1=1 AND Uid='1' ) LIMIT 1   [ RunTime:0.000000s ]
SQL: SELECT COUNT(*) AS tp_count FROM `tb_article` WHERE ( `Cid` = 4 ) AND ( `Uid` = 1 ) LIMIT 1   [ RunTime:0.000000s ]
SQL: SELECT * FROM `tb_articletype` WHERE ( `Cid` = 4 ) LIMIT 1   [ RunTime:0.000000s ]
SQL: SELECT * FROM `tb_article` WHERE ( `Aid` = 10 ) LIMIT 1   [ RunTime:0.001000s ]
SQL: SELECT `articleType_name` FROM `tb_articletype` WHERE ( 1=1 AND Cid='2' ) LIMIT 1   [ RunTime:0.000000s ]
SQL: SELECT `familyname` FROM `tb_articlefamily` WHERE ( 1=1 AND Fid='2' ) LIMIT 1   [ RunTime:0.000000s ]
SQL: SELECT `UserName`,`NickName`,`Headimglink` FROM `tb_user` WHERE ( 1=1 AND Uid='1' ) LIMIT 1   [ RunTime:0.001000s ]
SQL: SELECT COUNT(*) AS tp_count FROM `tb_article` WHERE ( `Cid` = 5 ) AND ( `Uid` = 1 ) LIMIT 1   [ RunTime:0.000000s ]
SQL: SELECT * FROM `tb_articletype` WHERE ( `Cid` = 5 ) LIMIT 1   [ RunTime:0.000000s ]
SQL: SELECT * FROM `tb_article` WHERE ( `Aid` = 10 ) LIMIT 1   [ RunTime:0.001000s ]
SQL: SELECT `articleType_name` FROM `tb_articletype` WHERE ( 1=1 AND Cid='2' ) LIMIT 1   [ RunTime:0.000000s ]
SQL: SELECT `familyname` FROM `tb_articlefamily` WHERE ( 1=1 AND Fid='2' ) LIMIT 1   [ RunTime:0.001000s ]
SQL: SELECT `UserName`,`NickName`,`Headimglink` FROM `tb_user` WHERE ( 1=1 AND Uid='1' ) LIMIT 1   [ RunTime:0.001000s ]
SQL: SELECT COUNT(*) AS tp_count FROM `tb_article` WHERE ( `Cid` = 6 ) AND ( `Uid` = 1 ) LIMIT 1   [ RunTime:0.001000s ]
SQL: SELECT * FROM `tb_articletype` WHERE ( `Cid` = 6 ) LIMIT 1   [ RunTime:0.001000s ]
SQL: SELECT * FROM `tb_article` WHERE ( `Aid` = 10 ) LIMIT 1   [ RunTime:0.001000s ]
SQL: SELECT `articleType_name` FROM `tb_articletype` WHERE ( 1=1 AND Cid='2' ) LIMIT 1   [ RunTime:0.000000s ]
SQL: SELECT `familyname` FROM `tb_articlefamily` WHERE ( 1=1 AND Fid='2' ) LIMIT 1   [ RunTime:0.000000s ]
SQL: SELECT `UserName`,`NickName`,`Headimglink` FROM `tb_user` WHERE ( 1=1 AND Uid='1' ) LIMIT 1   [ RunTime:0.000000s ]
SQL: SELECT COUNT(*) AS tp_count FROM `tb_article` WHERE ( `Cid` = 7 ) AND ( `Uid` = 1 ) LIMIT 1   [ RunTime:0.000000s ]
SQL: SELECT * FROM `tb_articletype` WHERE ( `Cid` = 7 ) LIMIT 1   [ RunTime:0.000000s ]
SQL: SELECT * FROM `tb_article` WHERE ( `Aid` = 10 ) LIMIT 1   [ RunTime:0.000000s ]
SQL: SELECT `articleType_name` FROM `tb_articletype` WHERE ( 1=1 AND Cid='2' ) LIMIT 1   [ RunTime:0.001000s ]
SQL: SELECT `familyname` FROM `tb_articlefamily` WHERE ( 1=1 AND Fid='2' ) LIMIT 1   [ RunTime:0.000000s ]
SQL: SELECT `UserName`,`NickName`,`Headimglink` FROM `tb_user` WHERE ( 1=1 AND Uid='1' ) LIMIT 1   [ RunTime:0.000000s ]
SQL: SELECT COUNT(*) AS tp_count FROM `tb_article` WHERE ( `Cid` = 8 ) AND ( `Uid` = 1 ) LIMIT 1   [ RunTime:0.000000s ]
SQL: SELECT * FROM `tb_articletype` WHERE ( `Cid` = 8 ) LIMIT 1   [ RunTime:0.001000s ]
INFO: Run Behavior\ParseTemplateBehavior [ RunTime:0.118007s ]
INFO: [ view_parse ] --END-- [ RunTime:0.119007s ]
INFO: [ view_filter ] --START--
INFO: Run Behavior\WriteHtmlCacheBehavior [ RunTime:0.001000s ]
INFO: [ view_filter ] --END-- [ RunTime:0.002000s ]
INFO: [ app_end ] --START--
INFO: Run Behavior\ShowPageTraceBehavior [ RunTime:0.002000s ]
INFO: [ app_end ] --END-- [ RunTime:0.002000s ]

[ 2017-04-06T22:58:50+08:00 ] 127.0.0.1 /bkweb/index.php/home/blogeditor/userinfo
INFO: [ app_init ] --START--
INFO: Run Behavior\BuildLiteBehavior [ RunTime:0.000000s ]
INFO: [ app_init ] --END-- [ RunTime:0.001000s ]
INFO: [ app_begin ] --START--
INFO: Run Behavior\ReadHtmlCacheBehavior [ RunTime:0.002000s ]
INFO: [ app_begin ] --END-- [ RunTime:0.002000s ]
INFO: [ view_parse ] --START--
INFO: [ template_filter ] --START--
INFO: Run Behavior\ContentReplaceBehavior [ RunTime:0.000000s ]
INFO: [ template_filter ] --END-- [ RunTime:0.000000s ]
INFO: Run Behavior\ParseTemplateBehavior [ RunTime:0.016001s ]
INFO: [ view_parse ] --END-- [ RunTime:0.016001s ]
INFO: [ view_filter ] --START--
INFO: Run Behavior\WriteHtmlCacheBehavior [ RunTime:0.001000s ]
INFO: [ view_filter ] --END-- [ RunTime:0.001000s ]
INFO: [ app_end ] --START--
INFO: Run Behavior\ShowPageTraceBehavior [ RunTime:0.001000s ]
INFO: [ app_end ] --END-- [ RunTime:0.001000s ]

