[ 2017-05-08T23:16:57+08:00 ] 127.0.0.1 /bkweb/index.php/
INFO: [ app_init ] --START--
INFO: Run Behavior\BuildLiteBehavior [ RunTime:0.000000s ]
INFO: [ app_init ] --END-- [ RunTime:0.027002s ]
INFO: [ app_begin ] --START--
INFO: Run Behavior\ReadHtmlCacheBehavior [ RunTime:0.003001s ]
INFO: [ app_begin ] --END-- [ RunTime:0.003001s ]
SQL: SHOW COLUMNS FROM `tb_images` [ RunTime:0.093005s ]
SQL: SELECT * FROM `tb_images` WHERE ( `tid` = 1 ) LIMIT 1   [ RunTime:0.001001s ]
SQL: SELECT * FROM `tb_images` WHERE ( `tid` = 2 ) LIMIT 1   [ RunTime:0.000000s ]
SQL: SHOW COLUMNS FROM `tb_article` [ RunTime:0.115007s ]
SQL: SELECT COUNT(*) AS tp_count FROM `tb_article` LIMIT 1   [ RunTime:0.000000s ]
SQL: SELECT * FROM `tb_article` ORDER BY SdTime desc LIMIT 0,5   [ RunTime:0.015001s ]
SQL: SHOW COLUMNS FROM `tb_articletype` [ RunTime:0.065004s ]
SQL: SELECT `articleType_name` FROM `tb_articletype` WHERE ( 1=1 AND Cid='1' ) LIMIT 1   [ RunTime:0.009000s ]
SQL: SHOW COLUMNS FROM `tb_articlefamily` [ RunTime:0.046003s ]
SQL: SELECT `familyname` FROM `tb_articlefamily` WHERE ( 1=1 AND Fid='1' ) LIMIT 1   [ RunTime:0.001000s ]
SQL: SHOW COLUMNS FROM `tb_user` [ RunTime:0.040002s ]
SQL: SELECT `UserName`,`NickName`,`Headimglink` FROM `tb_user` WHERE ( 1=1 AND Uid='1' ) LIMIT 1   [ RunTime:0.013000s ]
SQL: SELECT `articleType_name` FROM `tb_articletype` WHERE ( 1=1 AND Cid='6' ) LIMIT 1   [ RunTime:0.000000s ]
SQL: SELECT `familyname` FROM `tb_articlefamily` WHERE ( 1=1 AND Fid='1' ) LIMIT 1   [ RunTime:0.000000s ]
SQL: SELECT `UserName`,`NickName`,`Headimglink` FROM `tb_user` WHERE ( 1=1 AND Uid='1' ) LIMIT 1   [ RunTime:0.000000s ]
SQL: SELECT `articleType_name` FROM `tb_articletype` WHERE ( 1=1 AND Cid='4' ) LIMIT 1   [ RunTime:0.000000s ]
SQL: SELECT `familyname` FROM `tb_articlefamily` WHERE ( 1=1 AND Fid='2' ) LIMIT 1   [ RunTime:0.001001s ]
SQL: SELECT `UserName`,`NickName`,`Headimglink` FROM `tb_user` WHERE ( 1=1 AND Uid='1' ) LIMIT 1   [ RunTime:0.000000s ]
SQL: SELECT `articleType_name` FROM `tb_articletype` WHERE ( 1=1 AND Cid='5' ) LIMIT 1   [ RunTime:0.000000s ]
SQL: SELECT `familyname` FROM `tb_articlefamily` WHERE ( 1=1 AND Fid='2' ) LIMIT 1   [ RunTime:0.001000s ]
SQL: SELECT `UserName`,`NickName`,`Headimglink` FROM `tb_user` WHERE ( 1=1 AND Uid='1' ) LIMIT 1   [ RunTime:0.000000s ]
SQL: SELECT `articleType_name` FROM `tb_articletype` WHERE ( 1=1 AND Cid='4' ) LIMIT 1   [ RunTime:0.001000s ]
SQL: SELECT `familyname` FROM `tb_articlefamily` WHERE ( 1=1 AND Fid='2' ) LIMIT 1   [ RunTime:0.000000s ]
SQL: SELECT `UserName`,`NickName`,`Headimglink` FROM `tb_user` WHERE ( 1=1 AND Uid='1' ) LIMIT 1   [ RunTime:0.000000s ]
SQL: SHOW COLUMNS FROM `tb_advertisement` [ RunTime:0.082005s ]
SQL: SELECT * FROM `tb_advertisement`  [ RunTime:0.001000s ]
INFO: [ view_parse ] --START--
NOTIC: [8] Array to string conversion D:\phpStudy\WWW\bkweb\Application\Home\TagLib\My.class.php 第 13 行.
NOTIC: [8] Undefined property: Home\TagLib\My::$Array D:\phpStudy\WWW\bkweb\Application\Home\TagLib\My.class.php 第 13 行.
INFO: [ template_filter ] --START--
INFO: Run Behavior\ContentReplaceBehavior [ RunTime:0.000000s ]
INFO: [ template_filter ] --END-- [ RunTime:0.000000s ]
SQL: SHOW COLUMNS FROM `tb_articletype` [ RunTime:0.006001s ]
SQL: SELECT * FROM `tb_articletype`  [ RunTime:0.001000s ]
SQL: SHOW COLUMNS FROM `tb_article` [ RunTime:0.006000s ]
SQL: SELECT `Aid`,`Title`,`ViewNum` FROM `tb_article` ORDER BY ViewNum desc LIMIT 8   [ RunTime:0.000000s ]
INFO: Run Behavior\ParseTemplateBehavior [ RunTime:0.287016s ]
INFO: [ view_parse ] --END-- [ RunTime:0.288016s ]
INFO: [ view_filter ] --START--
INFO: Run Behavior\WriteHtmlCacheBehavior [ RunTime:0.008000s ]
INFO: [ view_filter ] --END-- [ RunTime:0.008000s ]
INFO: [ app_end ] --START--
INFO: Run Behavior\ShowPageTraceBehavior [ RunTime:0.030001s ]
INFO: [ app_end ] --END-- [ RunTime:0.030001s ]

[ 2017-05-08T23:17:08+08:00 ] 127.0.0.1 /bkweb/index.php/home/login/login
INFO: [ app_init ] --START--
INFO: Run Behavior\BuildLiteBehavior [ RunTime:0.000000s ]
INFO: [ app_init ] --END-- [ RunTime:0.001000s ]
INFO: [ app_begin ] --START--
INFO: Run Behavior\ReadHtmlCacheBehavior [ RunTime:0.001000s ]
INFO: [ app_begin ] --END-- [ RunTime:0.001000s ]
SQL: SHOW COLUMNS FROM `tb_user` [ RunTime:0.029001s ]
SQL: SELECT * FROM `tb_user` WHERE ( `UserName` = 'admin' ) LIMIT 1   [ RunTime:0.001000s ]
SQL: UPDATE `tb_user` SET `LastLoginTime`='2017-05-08 23:17:08',`Lastip`='127.0.0.1' WHERE ( `Uid` = 1 ) [ RunTime:0.001000s ]
NOTIC: [8] A non well formed numeric value encountered D:\phpStudy\WWW\bkweb\Application\Home\Controller\LoginController.class.php 第 30 行.
INFO: [ view_parse ] --START--
INFO: [ template_filter ] --START--
INFO: Run Behavior\ContentReplaceBehavior [ RunTime:0.001000s ]
INFO: [ template_filter ] --END-- [ RunTime:0.001000s ]
INFO: Run Behavior\ParseTemplateBehavior [ RunTime:0.093005s ]
INFO: [ view_parse ] --END-- [ RunTime:0.093005s ]
INFO: [ view_filter ] --START--
INFO: Run Behavior\WriteHtmlCacheBehavior [ RunTime:0.001000s ]
INFO: [ view_filter ] --END-- [ RunTime:0.001000s ]
INFO: [ app_end ] --START--
INFO: Run Behavior\ShowPageTraceBehavior [ RunTime:0.001000s ]
INFO: [ app_end ] --END-- [ RunTime:0.001000s ]

[ 2017-05-08T23:17:09+08:00 ] 127.0.0.1 /bkweb/index.php/
INFO: [ app_init ] --START--
INFO: Run Behavior\BuildLiteBehavior [ RunTime:0.000000s ]
INFO: [ app_init ] --END-- [ RunTime:0.001000s ]
INFO: [ app_begin ] --START--
INFO: Run Behavior\ReadHtmlCacheBehavior [ RunTime:0.000000s ]
INFO: [ app_begin ] --END-- [ RunTime:0.001000s ]
SQL: SHOW COLUMNS FROM `tb_images` [ RunTime:0.032002s ]
SQL: SELECT * FROM `tb_images` WHERE ( `tid` = 1 ) LIMIT 1   [ RunTime:0.000000s ]
SQL: SELECT * FROM `tb_images` WHERE ( `tid` = 2 ) LIMIT 1   [ RunTime:0.001000s ]
SQL: SHOW COLUMNS FROM `tb_article` [ RunTime:0.006000s ]
SQL: SELECT COUNT(*) AS tp_count FROM `tb_article` LIMIT 1   [ RunTime:0.000000s ]
SQL: SELECT * FROM `tb_article` ORDER BY SdTime desc LIMIT 0,5   [ RunTime:0.001000s ]
SQL: SHOW COLUMNS FROM `tb_articletype` [ RunTime:0.006000s ]
SQL: SELECT `articleType_name` FROM `tb_articletype` WHERE ( 1=1 AND Cid='1' ) LIMIT 1   [ RunTime:0.000000s ]
SQL: SHOW COLUMNS FROM `tb_articlefamily` [ RunTime:0.006001s ]
SQL: SELECT `familyname` FROM `tb_articlefamily` WHERE ( 1=1 AND Fid='1' ) LIMIT 1   [ RunTime:0.000000s ]
SQL: SHOW COLUMNS FROM `tb_user` [ RunTime:0.008000s ]
SQL: SELECT `UserName`,`NickName`,`Headimglink` FROM `tb_user` WHERE ( 1=1 AND Uid='1' ) LIMIT 1   [ RunTime:0.001000s ]
SQL: SELECT `articleType_name` FROM `tb_articletype` WHERE ( 1=1 AND Cid='6' ) LIMIT 1   [ RunTime:0.001000s ]
SQL: SELECT `familyname` FROM `tb_articlefamily` WHERE ( 1=1 AND Fid='1' ) LIMIT 1   [ RunTime:0.000000s ]
SQL: SELECT `UserName`,`NickName`,`Headimglink` FROM `tb_user` WHERE ( 1=1 AND Uid='1' ) LIMIT 1   [ RunTime:0.001000s ]
SQL: SELECT `articleType_name` FROM `tb_articletype` WHERE ( 1=1 AND Cid='4' ) LIMIT 1   [ RunTime:0.001000s ]
SQL: SELECT `familyname` FROM `tb_articlefamily` WHERE ( 1=1 AND Fid='2' ) LIMIT 1   [ RunTime:0.001000s ]
SQL: SELECT `UserName`,`NickName`,`Headimglink` FROM `tb_user` WHERE ( 1=1 AND Uid='1' ) LIMIT 1   [ RunTime:0.001001s ]
SQL: SELECT `articleType_name` FROM `tb_articletype` WHERE ( 1=1 AND Cid='5' ) LIMIT 1   [ RunTime:0.001000s ]
SQL: SELECT `familyname` FROM `tb_articlefamily` WHERE ( 1=1 AND Fid='2' ) LIMIT 1   [ RunTime:0.001000s ]
SQL: SELECT `UserName`,`NickName`,`Headimglink` FROM `tb_user` WHERE ( 1=1 AND Uid='1' ) LIMIT 1   [ RunTime:0.001000s ]
SQL: SELECT `articleType_name` FROM `tb_articletype` WHERE ( 1=1 AND Cid='4' ) LIMIT 1   [ RunTime:0.001000s ]
SQL: SELECT `familyname` FROM `tb_articlefamily` WHERE ( 1=1 AND Fid='2' ) LIMIT 1   [ RunTime:0.000000s ]
SQL: SELECT `UserName`,`NickName`,`Headimglink` FROM `tb_user` WHERE ( 1=1 AND Uid='1' ) LIMIT 1   [ RunTime:0.001000s ]
SQL: SHOW COLUMNS FROM `tb_advertisement` [ RunTime:0.006000s ]
SQL: SELECT * FROM `tb_advertisement`  [ RunTime:0.001000s ]
INFO: [ view_parse ] --START--
NOTIC: [8] Array to string conversion D:\phpStudy\WWW\bkweb\Application\Home\TagLib\My.class.php 第 13 行.
NOTIC: [8] Undefined property: Home\TagLib\My::$Array D:\phpStudy\WWW\bkweb\Application\Home\TagLib\My.class.php 第 13 行.
INFO: [ template_filter ] --START--
INFO: Run Behavior\ContentReplaceBehavior [ RunTime:0.000000s ]
INFO: [ template_filter ] --END-- [ RunTime:0.001000s ]
SQL: SHOW COLUMNS FROM `tb_articletype` [ RunTime:0.005000s ]
SQL: SELECT * FROM `tb_articletype`  [ RunTime:0.000000s ]
SQL: SHOW COLUMNS FROM `tb_article` [ RunTime:0.007000s ]
SQL: SELECT `Aid`,`Title`,`ViewNum` FROM `tb_article` ORDER BY ViewNum desc LIMIT 8   [ RunTime:0.001000s ]
INFO: Run Behavior\ParseTemplateBehavior [ RunTime:0.046003s ]
INFO: [ view_parse ] --END-- [ RunTime:0.047003s ]
INFO: [ view_filter ] --START--
INFO: Run Behavior\WriteHtmlCacheBehavior [ RunTime:0.000000s ]
INFO: [ view_filter ] --END-- [ RunTime:0.000000s ]
INFO: [ app_end ] --START--
INFO: Run Behavior\ShowPageTraceBehavior [ RunTime:0.001000s ]
INFO: [ app_end ] --END-- [ RunTime:0.002000s ]

[ 2017-05-08T23:17:12+08:00 ] 127.0.0.1 /bkweb/index.php/home/bloguser/index/id/1
INFO: [ app_init ] --START--
INFO: Run Behavior\BuildLiteBehavior [ RunTime:0.000000s ]
INFO: [ app_init ] --END-- [ RunTime:0.001000s ]
INFO: [ app_begin ] --START--
INFO: Run Behavior\ReadHtmlCacheBehavior [ RunTime:0.001000s ]
INFO: [ app_begin ] --END-- [ RunTime:0.001000s ]
SQL: SHOW COLUMNS FROM `tb_user` [ RunTime:0.008001s ]
SQL: SELECT * FROM `tb_user` WHERE ( `Uid` = 1 ) LIMIT 1   [ RunTime:0.001000s ]
SQL: SHOW COLUMNS FROM `tb_article` [ RunTime:0.006000s ]
SQL: SELECT COUNT(*) AS tp_count FROM `tb_article` WHERE ( `Uid` = 1 ) LIMIT 1   [ RunTime:0.001000s ]
SQL: SELECT * FROM `tb_article` WHERE ( `Uid` = 1 ) ORDER BY SdTime desc LIMIT 0,5   [ RunTime:0.000000s ]
SQL: SHOW COLUMNS FROM `tb_articletype` [ RunTime:0.006000s ]
SQL: SELECT `articleType_name` FROM `tb_articletype` WHERE ( 1=1 AND Cid='1' ) LIMIT 1   [ RunTime:0.001000s ]
SQL: SHOW COLUMNS FROM `tb_articlefamily` [ RunTime:0.005000s ]
SQL: SELECT `familyname` FROM `tb_articlefamily` WHERE ( 1=1 AND Fid='1' ) LIMIT 1   [ RunTime:0.000000s ]
SQL: SHOW COLUMNS FROM `tb_user` [ RunTime:0.008000s ]
SQL: SELECT `UserName`,`NickName`,`Headimglink` FROM `tb_user` WHERE ( 1=1 AND Uid='1' ) LIMIT 1   [ RunTime:0.001000s ]
SQL: SELECT `articleType_name` FROM `tb_articletype` WHERE ( 1=1 AND Cid='6' ) LIMIT 1   [ RunTime:0.000000s ]
SQL: SELECT `familyname` FROM `tb_articlefamily` WHERE ( 1=1 AND Fid='1' ) LIMIT 1   [ RunTime:0.000000s ]
SQL: SELECT `UserName`,`NickName`,`Headimglink` FROM `tb_user` WHERE ( 1=1 AND Uid='1' ) LIMIT 1   [ RunTime:0.000000s ]
SQL: SELECT `articleType_name` FROM `tb_articletype` WHERE ( 1=1 AND Cid='4' ) LIMIT 1   [ RunTime:0.001000s ]
SQL: SELECT `familyname` FROM `tb_articlefamily` WHERE ( 1=1 AND Fid='2' ) LIMIT 1   [ RunTime:0.000000s ]
SQL: SELECT `UserName`,`NickName`,`Headimglink` FROM `tb_user` WHERE ( 1=1 AND Uid='1' ) LIMIT 1   [ RunTime:0.000000s ]
SQL: SELECT `articleType_name` FROM `tb_articletype` WHERE ( 1=1 AND Cid='5' ) LIMIT 1   [ RunTime:0.000000s ]
SQL: SELECT `familyname` FROM `tb_articlefamily` WHERE ( 1=1 AND Fid='2' ) LIMIT 1   [ RunTime:0.001000s ]
SQL: SELECT `UserName`,`NickName`,`Headimglink` FROM `tb_user` WHERE ( 1=1 AND Uid='1' ) LIMIT 1   [ RunTime:0.001000s ]
SQL: SELECT `articleType_name` FROM `tb_articletype` WHERE ( 1=1 AND Cid='4' ) LIMIT 1   [ RunTime:0.001001s ]
SQL: SELECT `familyname` FROM `tb_articlefamily` WHERE ( 1=1 AND Fid='2' ) LIMIT 1   [ RunTime:0.000000s ]
SQL: SELECT `UserName`,`NickName`,`Headimglink` FROM `tb_user` WHERE ( 1=1 AND Uid='1' ) LIMIT 1   [ RunTime:0.000000s ]
SQL: SELECT COUNT(*) AS tp_count FROM `tb_article` WHERE ( `Uid` = 1 ) LIMIT 1   [ RunTime:0.000000s ]
SQL: SELECT COUNT(*) AS tp_count FROM `tb_article` WHERE ( `Uid` = 1 ) AND ( `Fid` = 1 ) LIMIT 1   [ RunTime:0.000000s ]
SQL: SELECT COUNT(*) AS tp_count FROM `tb_article` WHERE ( `Uid` = 1 ) AND ( `Fid` = 2 ) LIMIT 1   [ RunTime:0.001000s ]
SQL: SHOW COLUMNS FROM `tb_article` [ RunTime:0.006000s ]
SQL: SELECT SUM(CommentNum) AS tp_sum FROM `tb_article` WHERE ( `Uid` = 1 ) LIMIT 1   [ RunTime:0.000000s ]
SQL: SELECT SUM(ViewNum) AS tp_sum FROM `tb_article` WHERE ( `Uid` = 1 ) LIMIT 1   [ RunTime:0.001000s ]
SQL: SELECT * FROM `tb_article` WHERE ( `Uid` = 1 ) ORDER BY ViewNum desc LIMIT 5   [ RunTime:0.001000s ]
SQL: SELECT `articleType_name` FROM `tb_articletype` WHERE ( 1=1 AND Cid='1' ) LIMIT 1   [ RunTime:0.001000s ]
SQL: SELECT `familyname` FROM `tb_articlefamily` WHERE ( 1=1 AND Fid='1' ) LIMIT 1   [ RunTime:0.001000s ]
SQL: SELECT `UserName`,`NickName`,`Headimglink` FROM `tb_user` WHERE ( 1=1 AND Uid='1' ) LIMIT 1   [ RunTime:0.000000s ]
SQL: SELECT `articleType_name` FROM `tb_articletype` WHERE ( 1=1 AND Cid='4' ) LIMIT 1   [ RunTime:0.000000s ]
SQL: SELECT `familyname` FROM `tb_articlefamily` WHERE ( 1=1 AND Fid='2' ) LIMIT 1   [ RunTime:0.001001s ]
SQL: SELECT `UserName`,`NickName`,`Headimglink` FROM `tb_user` WHERE ( 1=1 AND Uid='1' ) LIMIT 1   [ RunTime:0.000000s ]
SQL: SELECT `articleType_name` FROM `tb_articletype` WHERE ( 1=1 AND Cid='6' ) LIMIT 1   [ RunTime:0.000000s ]
SQL: SELECT `familyname` FROM `tb_articlefamily` WHERE ( 1=1 AND Fid='1' ) LIMIT 1   [ RunTime:0.000000s ]
SQL: SELECT `UserName`,`NickName`,`Headimglink` FROM `tb_user` WHERE ( 1=1 AND Uid='1' ) LIMIT 1   [ RunTime:0.001000s ]
SQL: SELECT `articleType_name` FROM `tb_articletype` WHERE ( 1=1 AND Cid='3' ) LIMIT 1   [ RunTime:0.000000s ]
SQL: SELECT `familyname` FROM `tb_articlefamily` WHERE ( 1=1 AND Fid='2' ) LIMIT 1   [ RunTime:0.000000s ]
SQL: SELECT `UserName`,`NickName`,`Headimglink` FROM `tb_user` WHERE ( 1=1 AND Uid='1' ) LIMIT 1   [ RunTime:0.000000s ]
SQL: SELECT `articleType_name` FROM `tb_articletype` WHERE ( 1=1 AND Cid='5' ) LIMIT 1   [ RunTime:0.001000s ]
SQL: SELECT `familyname` FROM `tb_articlefamily` WHERE ( 1=1 AND Fid='2' ) LIMIT 1   [ RunTime:0.000000s ]
SQL: SELECT `UserName`,`NickName`,`Headimglink` FROM `tb_user` WHERE ( 1=1 AND Uid='1' ) LIMIT 1   [ RunTime:0.000000s ]
SQL: SELECT * FROM `tb_article` WHERE ( `Uid` = 1 ) ORDER BY CommentNum desc LIMIT 5   [ RunTime:0.001000s ]
SQL: SELECT `articleType_name` FROM `tb_articletype` WHERE ( 1=1 AND Cid='1' ) LIMIT 1   [ RunTime:0.001000s ]
SQL: SELECT `familyname` FROM `tb_articlefamily` WHERE ( 1=1 AND Fid='1' ) LIMIT 1   [ RunTime:0.001000s ]
SQL: SELECT `UserName`,`NickName`,`Headimglink` FROM `tb_user` WHERE ( 1=1 AND Uid='1' ) LIMIT 1   [ RunTime:0.000000s ]
SQL: SELECT `articleType_name` FROM `tb_articletype` WHERE ( 1=1 AND Cid='1' ) LIMIT 1   [ RunTime:0.000000s ]
SQL: SELECT `familyname` FROM `tb_articlefamily` WHERE ( 1=1 AND Fid='1' ) LIMIT 1   [ RunTime:0.000000s ]
SQL: SELECT `UserName`,`NickName`,`Headimglink` FROM `tb_user` WHERE ( 1=1 AND Uid='1' ) LIMIT 1   [ RunTime:0.000000s ]
SQL: SELECT `articleType_name` FROM `tb_articletype` WHERE ( 1=1 AND Cid='5' ) LIMIT 1   [ RunTime:0.000000s ]
SQL: SELECT `familyname` FROM `tb_articlefamily` WHERE ( 1=1 AND Fid='2' ) LIMIT 1   [ RunTime:0.000000s ]
SQL: SELECT `UserName`,`NickName`,`Headimglink` FROM `tb_user` WHERE ( 1=1 AND Uid='1' ) LIMIT 1   [ RunTime:0.000000s ]
SQL: SELECT `articleType_name` FROM `tb_articletype` WHERE ( 1=1 AND Cid='2' ) LIMIT 1   [ RunTime:0.000000s ]
SQL: SELECT `familyname` FROM `tb_articlefamily` WHERE ( 1=1 AND Fid='1' ) LIMIT 1   [ RunTime:0.000000s ]
SQL: SELECT `UserName`,`NickName`,`Headimglink` FROM `tb_user` WHERE ( 1=1 AND Uid='1' ) LIMIT 1   [ RunTime:0.001001s ]
SQL: SELECT `articleType_name` FROM `tb_articletype` WHERE ( 1=1 AND Cid='1' ) LIMIT 1   [ RunTime:0.001000s ]
SQL: SELECT `familyname` FROM `tb_articlefamily` WHERE ( 1=1 AND Fid='1' ) LIMIT 1   [ RunTime:0.000000s ]
SQL: SELECT `UserName`,`NickName`,`Headimglink` FROM `tb_user` WHERE ( 1=1 AND Uid='1' ) LIMIT 1   [ RunTime:0.000000s ]
SQL: SHOW COLUMNS FROM `tb_friend` [ RunTime:0.227013s ]
SQL: SELECT * FROM `tb_friend` WHERE ( `UserName` = 'admin' ) AND ( `friend_friendid` = 1 ) LIMIT 1   [ RunTime:0.000000s ]
INFO: [ view_parse ] --START--
INFO: [ template_filter ] --START--
INFO: Run Behavior\ContentReplaceBehavior [ RunTime:0.000000s ]
INFO: [ template_filter ] --END-- [ RunTime:0.001000s ]
NOTIC: [8] Undefined variable: frid D:\phpStudy\WWW\bkweb\Application\Runtime\Cache\Home\ee3bbf59f51cd2ea81ad048eab2f2754.php 第 83 行.
SQL: SELECT COUNT(*) AS tp_count FROM `tb_article` WHERE ( `Cid` = 1 ) AND ( `Uid` = 1 ) LIMIT 1   [ RunTime:0.001000s ]
SQL: SHOW COLUMNS FROM `tb_articletype` [ RunTime:0.006000s ]
SQL: SELECT * FROM `tb_articletype` WHERE ( `Cid` = 1 ) LIMIT 1   [ RunTime:0.001000s ]
SQL: SELECT COUNT(*) AS tp_count FROM `tb_article` WHERE ( `Cid` = 2 ) AND ( `Uid` = 1 ) LIMIT 1   [ RunTime:0.001000s ]
SQL: SELECT * FROM `tb_articletype` WHERE ( `Cid` = 2 ) LIMIT 1   [ RunTime:0.000000s ]
SQL: SELECT COUNT(*) AS tp_count FROM `tb_article` WHERE ( `Cid` = 3 ) AND ( `Uid` = 1 ) LIMIT 1   [ RunTime:0.001000s ]
SQL: SELECT * FROM `tb_articletype` WHERE ( `Cid` = 3 ) LIMIT 1   [ RunTime:0.001001s ]
SQL: SELECT COUNT(*) AS tp_count FROM `tb_article` WHERE ( `Cid` = 4 ) AND ( `Uid` = 1 ) LIMIT 1   [ RunTime:0.001000s ]
SQL: SELECT * FROM `tb_articletype` WHERE ( `Cid` = 4 ) LIMIT 1   [ RunTime:0.001000s ]
SQL: SELECT COUNT(*) AS tp_count FROM `tb_article` WHERE ( `Cid` = 5 ) AND ( `Uid` = 1 ) LIMIT 1   [ RunTime:0.000000s ]
SQL: SELECT * FROM `tb_articletype` WHERE ( `Cid` = 5 ) LIMIT 1   [ RunTime:0.001000s ]
SQL: SELECT COUNT(*) AS tp_count FROM `tb_article` WHERE ( `Cid` = 6 ) AND ( `Uid` = 1 ) LIMIT 1   [ RunTime:0.001000s ]
SQL: SELECT * FROM `tb_articletype` WHERE ( `Cid` = 6 ) LIMIT 1   [ RunTime:0.000000s ]
SQL: SELECT COUNT(*) AS tp_count FROM `tb_article` WHERE ( `Cid` = 7 ) AND ( `Uid` = 1 ) LIMIT 1   [ RunTime:0.000000s ]
SQL: SELECT * FROM `tb_articletype` WHERE ( `Cid` = 7 ) LIMIT 1   [ RunTime:0.000000s ]
SQL: SELECT COUNT(*) AS tp_count FROM `tb_article` WHERE ( `Cid` = 8 ) AND ( `Uid` = 1 ) LIMIT 1   [ RunTime:0.000000s ]
SQL: SELECT * FROM `tb_articletype` WHERE ( `Cid` = 8 ) LIMIT 1   [ RunTime:0.001000s ]
NOTIC: [8] Undefined variable: familyname D:\phpStudy\WWW\bkweb\Application\Runtime\Cache\Home\ee3bbf59f51cd2ea81ad048eab2f2754.php 第 142 行.
NOTIC: [8] Undefined variable: Title D:\phpStudy\WWW\bkweb\Application\Runtime\Cache\Home\ee3bbf59f51cd2ea81ad048eab2f2754.php 第 142 行.
NOTIC: [8] Undefined variable: SdTime D:\phpStudy\WWW\bkweb\Application\Runtime\Cache\Home\ee3bbf59f51cd2ea81ad048eab2f2754.php 第 143 行.
NOTIC: [8] Undefined variable: ViewNum D:\phpStudy\WWW\bkweb\Application\Runtime\Cache\Home\ee3bbf59f51cd2ea81ad048eab2f2754.php 第 143 行.
NOTIC: [8] Undefined variable: CommentNum D:\phpStudy\WWW\bkweb\Application\Runtime\Cache\Home\ee3bbf59f51cd2ea81ad048eab2f2754.php 第 143 行.
NOTIC: [8] Undefined variable: articleType_name D:\phpStudy\WWW\bkweb\Application\Runtime\Cache\Home\ee3bbf59f51cd2ea81ad048eab2f2754.php 第 143 行.
INFO: Run Behavior\ParseTemplateBehavior [ RunTime:0.089005s ]
INFO: [ view_parse ] --END-- [ RunTime:0.089005s ]
INFO: [ view_filter ] --START--
INFO: Run Behavior\WriteHtmlCacheBehavior [ RunTime:0.001000s ]
INFO: [ view_filter ] --END-- [ RunTime:0.001000s ]
INFO: [ app_end ] --START--
INFO: Run Behavior\ShowPageTraceBehavior [ RunTime:0.001000s ]
INFO: [ app_end ] --END-- [ RunTime:0.001000s ]

[ 2017-05-08T23:17:17+08:00 ] 127.0.0.1 /bkweb/index.php/home/blogeditor/addblogs
INFO: [ app_init ] --START--
INFO: Run Behavior\BuildLiteBehavior [ RunTime:0.000000s ]
INFO: [ app_init ] --END-- [ RunTime:0.001000s ]
INFO: [ app_begin ] --START--
INFO: Run Behavior\ReadHtmlCacheBehavior [ RunTime:0.002000s ]
INFO: [ app_begin ] --END-- [ RunTime:0.002000s ]
SQL: SHOW COLUMNS FROM `tb_articlefamily` [ RunTime:0.006000s ]
SQL: SELECT * FROM `tb_articlefamily` ORDER BY Fid  [ RunTime:0.001000s ]
SQL: SHOW COLUMNS FROM `tb_articletype` [ RunTime:0.006000s ]
SQL: SELECT * FROM `tb_articletype` ORDER BY Cid ASC  [ RunTime:0.001000s ]
INFO: [ view_parse ] --START--
INFO: [ template_filter ] --START--
INFO: Run Behavior\ContentReplaceBehavior [ RunTime:0.000000s ]
INFO: [ template_filter ] --END-- [ RunTime:0.000000s ]
INFO: Run Behavior\ParseTemplateBehavior [ RunTime:0.031002s ]
INFO: [ view_parse ] --END-- [ RunTime:0.031002s ]
INFO: [ view_filter ] --START--
INFO: Run Behavior\WriteHtmlCacheBehavior [ RunTime:0.000000s ]
INFO: [ view_filter ] --END-- [ RunTime:0.000000s ]
INFO: [ app_end ] --START--
INFO: Run Behavior\ShowPageTraceBehavior [ RunTime:0.001000s ]
INFO: [ app_end ] --END-- [ RunTime:0.001000s ]

[ 2017-05-08T23:17:22+08:00 ] 127.0.0.1 /bkweb/index.php/home/blogeditor/addblogshandle
INFO: [ app_init ] --START--
INFO: Run Behavior\BuildLiteBehavior [ RunTime:0.000000s ]
INFO: [ app_init ] --END-- [ RunTime:0.000000s ]
INFO: [ app_begin ] --START--
INFO: Run Behavior\ReadHtmlCacheBehavior [ RunTime:0.001001s ]
INFO: [ app_begin ] --END-- [ RunTime:0.002001s ]
SQL: SHOW COLUMNS FROM `tb_user` [ RunTime:0.031002s ]
NOTIC: [8] Use of undefined constant UserName - assumed 'UserName' D:\phpStudy\WWW\bkweb\Application\Home\Controller\BlogeditorController.class.php 第 90 行.
SQL: SELECT * FROM `tb_user` WHERE ( `UserName` = 'admin' ) LIMIT 1   [ RunTime:0.000000s ]
INFO: [ view_parse ] --START--
INFO: [ template_filter ] --START--
INFO: Run Behavior\ContentReplaceBehavior [ RunTime:0.000000s ]
INFO: [ template_filter ] --END-- [ RunTime:0.000000s ]
INFO: Run Behavior\ParseTemplateBehavior [ RunTime:0.016001s ]
INFO: [ view_parse ] --END-- [ RunTime:0.016001s ]
INFO: [ view_filter ] --START--
INFO: Run Behavior\WriteHtmlCacheBehavior [ RunTime:0.001000s ]
INFO: [ view_filter ] --END-- [ RunTime:0.001000s ]

[ 2017-05-08T23:17:46+08:00 ] 127.0.0.1 /bkweb/index.php/home/blogeditor/addblogshandle
INFO: [ app_init ] --START--
INFO: Run Behavior\BuildLiteBehavior [ RunTime:0.000000s ]
INFO: [ app_init ] --END-- [ RunTime:0.001000s ]
INFO: [ app_begin ] --START--
INFO: Run Behavior\ReadHtmlCacheBehavior [ RunTime:0.001000s ]
INFO: [ app_begin ] --END-- [ RunTime:0.001000s ]
SQL: SHOW COLUMNS FROM `tb_user` [ RunTime:0.117007s ]
NOTIC: [8] Use of undefined constant UserName - assumed 'UserName' D:\phpStudy\WWW\bkweb\Application\Home\Controller\BlogeditorController.class.php 第 90 行.
SQL: SELECT * FROM `tb_user` WHERE ( `UserName` = 'admin' ) LIMIT 1   [ RunTime:0.001000s ]
SQL: SHOW COLUMNS FROM `tb_article` [ RunTime:0.007001s ]
SQL: INSERT INTO `tb_article` (`Title`,`Summery`,`Content`,`SdTime`,`Cid`,`Fid`,`Uid`) VALUES ('测试','测试','<p>测试测试测试测试测试测试测试测试测试测试测试测试</p>','2017-05-08 23:17:46',1,1,1) [ RunTime:0.000000s ]
SQL: UPDATE `tb_user` SET `Articlecount`=Articlecount+1 WHERE ( `Uid` = 1 ) [ RunTime:0.000000s ]
INFO: [ view_parse ] --START--
INFO: [ template_filter ] --START--
INFO: Run Behavior\ContentReplaceBehavior [ RunTime:0.000000s ]
INFO: [ template_filter ] --END-- [ RunTime:0.000000s ]
INFO: Run Behavior\ParseTemplateBehavior [ RunTime:0.013001s ]
INFO: [ view_parse ] --END-- [ RunTime:0.013001s ]
INFO: [ view_filter ] --START--
INFO: Run Behavior\WriteHtmlCacheBehavior [ RunTime:0.001000s ]
INFO: [ view_filter ] --END-- [ RunTime:0.001000s ]
INFO: [ app_end ] --START--
INFO: Run Behavior\ShowPageTraceBehavior [ RunTime:0.001000s ]
INFO: [ app_end ] --END-- [ RunTime:0.001000s ]

[ 2017-05-08T23:17:48+08:00 ] 127.0.0.1 /bkweb/index.php/home/bloglist/index
INFO: [ app_init ] --START--
INFO: Run Behavior\BuildLiteBehavior [ RunTime:0.000000s ]
INFO: [ app_init ] --END-- [ RunTime:0.000000s ]
INFO: [ app_begin ] --START--
INFO: Run Behavior\ReadHtmlCacheBehavior [ RunTime:0.001000s ]
INFO: [ app_begin ] --END-- [ RunTime:0.001000s ]
SQL: SHOW COLUMNS FROM `tb_user` [ RunTime:0.006001s ]
NOTIC: [8] Use of undefined constant UserName - assumed 'UserName' D:\phpStudy\WWW\bkweb\Application\Home\Controller\BloglistController.class.php 第 9 行.
SQL: SELECT * FROM `tb_user` WHERE ( `UserName` = 'admin' ) LIMIT 1   [ RunTime:0.001000s ]
SQL: SHOW COLUMNS FROM `tb_article` [ RunTime:0.008001s ]
SQL: SELECT * FROM `tb_article` WHERE ( `Uid` = 1 ) ORDER BY SdTime desc  [ RunTime:0.002000s ]
SQL: SELECT COUNT(*) AS tp_count FROM `tb_article` WHERE ( `Uid` = 1 ) LIMIT 1   [ RunTime:0.000000s ]
SQL: SHOW COLUMNS FROM `tb_favoriteblog` [ RunTime:0.103006s ]
SQL: SELECT * FROM `tb_favoriteblog` WHERE ( `Uid` = 1 )  [ RunTime:0.001000s ]
INFO: [ view_parse ] --START--
INFO: [ template_filter ] --START--
INFO: Run Behavior\ContentReplaceBehavior [ RunTime:0.000000s ]
INFO: [ template_filter ] --END-- [ RunTime:0.000000s ]
SQL: SHOW COLUMNS FROM `tb_article` [ RunTime:0.007000s ]
SQL: SELECT * FROM `tb_article` WHERE ( `Aid` = 14 ) LIMIT 1   [ RunTime:0.000000s ]
SQL: SELECT * FROM `tb_article` WHERE ( `Aid` = 11 ) LIMIT 1   [ RunTime:0.001000s ]
SQL: SELECT * FROM `tb_article` WHERE ( `Aid` = 1 ) LIMIT 1   [ RunTime:0.001001s ]
SQL: SELECT * FROM `tb_article` WHERE ( `Aid` = 6 ) LIMIT 1   [ RunTime:0.000000s ]
SQL: SELECT * FROM `tb_article` WHERE ( `Aid` = 13 ) LIMIT 1   [ RunTime:0.001000s ]
NOTIC: [8] Use of undefined constant UserName - assumed 'UserName' D:\phpStudy\WWW\bkweb\Application\Runtime\Cache\Home\6da7dd7829235e331f55e0ed42748c8e.php 第 111 行.
SQL: SELECT * FROM `tb_user` WHERE ( `UserName` = 'admin' ) LIMIT 1   [ RunTime:0.001000s ]
SQL: SELECT COUNT(*) AS tp_count FROM `tb_article` WHERE ( `Cid` = 1 ) AND ( `Uid` = 1 ) LIMIT 1   [ RunTime:0.001000s ]
SQL: SHOW COLUMNS FROM `tb_articletype` [ RunTime:0.006000s ]
SQL: SELECT * FROM `tb_articletype` WHERE ( `Cid` = 1 ) LIMIT 1   [ RunTime:0.000000s ]
NOTIC: [8] Use of undefined constant UserName - assumed 'UserName' D:\phpStudy\WWW\bkweb\Application\Runtime\Cache\Home\6da7dd7829235e331f55e0ed42748c8e.php 第 111 行.
SQL: SELECT * FROM `tb_user` WHERE ( `UserName` = 'admin' ) LIMIT 1   [ RunTime:0.000000s ]
SQL: SELECT COUNT(*) AS tp_count FROM `tb_article` WHERE ( `Cid` = 2 ) AND ( `Uid` = 1 ) LIMIT 1   [ RunTime:0.001000s ]
SQL: SELECT * FROM `tb_articletype` WHERE ( `Cid` = 2 ) LIMIT 1   [ RunTime:0.001000s ]
NOTIC: [8] Use of undefined constant UserName - assumed 'UserName' D:\phpStudy\WWW\bkweb\Application\Runtime\Cache\Home\6da7dd7829235e331f55e0ed42748c8e.php 第 111 行.
SQL: SELECT * FROM `tb_user` WHERE ( `UserName` = 'admin' ) LIMIT 1   [ RunTime:0.000000s ]
SQL: SELECT COUNT(*) AS tp_count FROM `tb_article` WHERE ( `Cid` = 3 ) AND ( `Uid` = 1 ) LIMIT 1   [ RunTime:0.001000s ]
SQL: SELECT * FROM `tb_articletype` WHERE ( `Cid` = 3 ) LIMIT 1   [ RunTime:0.000000s ]
NOTIC: [8] Use of undefined constant UserName - assumed 'UserName' D:\phpStudy\WWW\bkweb\Application\Runtime\Cache\Home\6da7dd7829235e331f55e0ed42748c8e.php 第 111 行.
SQL: SELECT * FROM `tb_user` WHERE ( `UserName` = 'admin' ) LIMIT 1   [ RunTime:0.000000s ]
SQL: SELECT COUNT(*) AS tp_count FROM `tb_article` WHERE ( `Cid` = 4 ) AND ( `Uid` = 1 ) LIMIT 1   [ RunTime:0.001000s ]
SQL: SELECT * FROM `tb_articletype` WHERE ( `Cid` = 4 ) LIMIT 1   [ RunTime:0.001000s ]
NOTIC: [8] Use of undefined constant UserName - assumed 'UserName' D:\phpStudy\WWW\bkweb\Application\Runtime\Cache\Home\6da7dd7829235e331f55e0ed42748c8e.php 第 111 行.
SQL: SELECT * FROM `tb_user` WHERE ( `UserName` = 'admin' ) LIMIT 1   [ RunTime:0.001000s ]
SQL: SELECT COUNT(*) AS tp_count FROM `tb_article` WHERE ( `Cid` = 5 ) AND ( `Uid` = 1 ) LIMIT 1   [ RunTime:0.000000s ]
SQL: SELECT * FROM `tb_articletype` WHERE ( `Cid` = 5 ) LIMIT 1   [ RunTime:0.001000s ]
NOTIC: [8] Use of undefined constant UserName - assumed 'UserName' D:\phpStudy\WWW\bkweb\Application\Runtime\Cache\Home\6da7dd7829235e331f55e0ed42748c8e.php 第 111 行.
SQL: SELECT * FROM `tb_user` WHERE ( `UserName` = 'admin' ) LIMIT 1   [ RunTime:0.001000s ]
SQL: SELECT COUNT(*) AS tp_count FROM `tb_article` WHERE ( `Cid` = 6 ) AND ( `Uid` = 1 ) LIMIT 1   [ RunTime:0.000000s ]
SQL: SELECT * FROM `tb_articletype` WHERE ( `Cid` = 6 ) LIMIT 1   [ RunTime:0.000000s ]
NOTIC: [8] Use of undefined constant UserName - assumed 'UserName' D:\phpStudy\WWW\bkweb\Application\Runtime\Cache\Home\6da7dd7829235e331f55e0ed42748c8e.php 第 111 行.
SQL: SELECT * FROM `tb_user` WHERE ( `UserName` = 'admin' ) LIMIT 1   [ RunTime:0.001000s ]
SQL: SELECT COUNT(*) AS tp_count FROM `tb_article` WHERE ( `Cid` = 7 ) AND ( `Uid` = 1 ) LIMIT 1   [ RunTime:0.000000s ]
SQL: SELECT * FROM `tb_articletype` WHERE ( `Cid` = 7 ) LIMIT 1   [ RunTime:0.000000s ]
INFO: Run Behavior\ParseTemplateBehavior [ RunTime:0.111006s ]
INFO: [ view_parse ] --END-- [ RunTime:0.111006s ]
INFO: [ view_filter ] --START--
INFO: Run Behavior\WriteHtmlCacheBehavior [ RunTime:0.001000s ]
INFO: [ view_filter ] --END-- [ RunTime:0.001000s ]
INFO: [ app_end ] --START--
INFO: Run Behavior\ShowPageTraceBehavior [ RunTime:0.001000s ]
INFO: [ app_end ] --END-- [ RunTime:0.001000s ]

[ 2017-05-08T23:17:52+08:00 ] 127.0.0.1 /bkweb/index.php/home/index/index
INFO: [ app_init ] --START--
INFO: Run Behavior\BuildLiteBehavior [ RunTime:0.000000s ]
INFO: [ app_init ] --END-- [ RunTime:0.001000s ]
INFO: [ app_begin ] --START--
INFO: Run Behavior\ReadHtmlCacheBehavior [ RunTime:0.002000s ]
INFO: [ app_begin ] --END-- [ RunTime:0.002000s ]
SQL: SHOW COLUMNS FROM `tb_images` [ RunTime:0.007001s ]
SQL: SELECT * FROM `tb_images` WHERE ( `tid` = 1 ) LIMIT 1   [ RunTime:0.001000s ]
SQL: SELECT * FROM `tb_images` WHERE ( `tid` = 2 ) LIMIT 1   [ RunTime:0.001000s ]
SQL: SHOW COLUMNS FROM `tb_article` [ RunTime:0.007000s ]
SQL: SELECT COUNT(*) AS tp_count FROM `tb_article` LIMIT 1   [ RunTime:0.001000s ]
SQL: SELECT * FROM `tb_article` ORDER BY SdTime desc LIMIT 0,5   [ RunTime:0.001000s ]
SQL: SHOW COLUMNS FROM `tb_articletype` [ RunTime:0.006000s ]
SQL: SELECT `articleType_name` FROM `tb_articletype` WHERE ( 1=1 AND Cid='1' ) LIMIT 1   [ RunTime:0.000000s ]
SQL: SHOW COLUMNS FROM `tb_articlefamily` [ RunTime:0.006000s ]
SQL: SELECT `familyname` FROM `tb_articlefamily` WHERE ( 1=1 AND Fid='1' ) LIMIT 1   [ RunTime:0.000000s ]
SQL: SHOW COLUMNS FROM `tb_user` [ RunTime:0.007000s ]
SQL: SELECT `UserName`,`NickName`,`Headimglink` FROM `tb_user` WHERE ( 1=1 AND Uid='1' ) LIMIT 1   [ RunTime:0.001000s ]
SQL: SELECT `articleType_name` FROM `tb_articletype` WHERE ( 1=1 AND Cid='1' ) LIMIT 1   [ RunTime:0.000000s ]
SQL: SELECT `familyname` FROM `tb_articlefamily` WHERE ( 1=1 AND Fid='1' ) LIMIT 1   [ RunTime:0.001000s ]
SQL: SELECT `UserName`,`NickName`,`Headimglink` FROM `tb_user` WHERE ( 1=1 AND Uid='1' ) LIMIT 1   [ RunTime:0.000000s ]
SQL: SELECT `articleType_name` FROM `tb_articletype` WHERE ( 1=1 AND Cid='6' ) LIMIT 1   [ RunTime:0.000000s ]
SQL: SELECT `familyname` FROM `tb_articlefamily` WHERE ( 1=1 AND Fid='1' ) LIMIT 1   [ RunTime:0.000000s ]
SQL: SELECT `UserName`,`NickName`,`Headimglink` FROM `tb_user` WHERE ( 1=1 AND Uid='1' ) LIMIT 1   [ RunTime:0.000000s ]
SQL: SELECT `articleType_name` FROM `tb_articletype` WHERE ( 1=1 AND Cid='4' ) LIMIT 1   [ RunTime:0.001000s ]
SQL: SELECT `familyname` FROM `tb_articlefamily` WHERE ( 1=1 AND Fid='2' ) LIMIT 1   [ RunTime:0.001001s ]
SQL: SELECT `UserName`,`NickName`,`Headimglink` FROM `tb_user` WHERE ( 1=1 AND Uid='1' ) LIMIT 1   [ RunTime:0.000000s ]
SQL: SELECT `articleType_name` FROM `tb_articletype` WHERE ( 1=1 AND Cid='5' ) LIMIT 1   [ RunTime:0.000000s ]
SQL: SELECT `familyname` FROM `tb_articlefamily` WHERE ( 1=1 AND Fid='2' ) LIMIT 1   [ RunTime:0.000000s ]
SQL: SELECT `UserName`,`NickName`,`Headimglink` FROM `tb_user` WHERE ( 1=1 AND Uid='1' ) LIMIT 1   [ RunTime:0.000000s ]
SQL: SHOW COLUMNS FROM `tb_advertisement` [ RunTime:0.006000s ]
SQL: SELECT * FROM `tb_advertisement`  [ RunTime:0.000000s ]
INFO: [ view_parse ] --START--
NOTIC: [8] Array to string conversion D:\phpStudy\WWW\bkweb\Application\Home\TagLib\My.class.php 第 13 行.
NOTIC: [8] Undefined property: Home\TagLib\My::$Array D:\phpStudy\WWW\bkweb\Application\Home\TagLib\My.class.php 第 13 行.
INFO: [ template_filter ] --START--
INFO: Run Behavior\ContentReplaceBehavior [ RunTime:0.000000s ]
INFO: [ template_filter ] --END-- [ RunTime:0.000000s ]
SQL: SHOW COLUMNS FROM `tb_articletype` [ RunTime:0.006000s ]
SQL: SELECT * FROM `tb_articletype`  [ RunTime:0.001001s ]
SQL: SHOW COLUMNS FROM `tb_article` [ RunTime:0.006000s ]
SQL: SELECT `Aid`,`Title`,`ViewNum` FROM `tb_article` ORDER BY ViewNum desc LIMIT 8   [ RunTime:0.001000s ]
INFO: Run Behavior\ParseTemplateBehavior [ RunTime:0.068004s ]
INFO: [ view_parse ] --END-- [ RunTime:0.068004s ]
INFO: [ view_filter ] --START--
INFO: Run Behavior\WriteHtmlCacheBehavior [ RunTime:0.000000s ]
INFO: [ view_filter ] --END-- [ RunTime:0.001000s ]
INFO: [ app_end ] --START--
INFO: Run Behavior\ShowPageTraceBehavior [ RunTime:0.001000s ]
INFO: [ app_end ] --END-- [ RunTime:0.001000s ]

